#
# A fatal error has been detected by the Java Runtime Environment:
#
#  EXCEPTION_ACCESS_VIOLATION (0xc0000005) at pc=0x00007ff9cd426587, pid=20944, tid=2936
#
# JRE version: OpenJDK Runtime Environment Corretto-21.0.6.7.1 (21.0.6+7) (build 21.0.6+7-LTS)
# Java VM: OpenJDK 64-Bit Server VM Corretto-21.0.6.7.1 (21.0.6+7-LTS, mixed mode, sharing, tiered, compressed oops, compressed class ptrs, g1 gc, windows-amd64)
# Problematic frame:
# C  [glass.dll+0x26587]
#
# No core dump will be written. Minidumps are not enabled by default on client versions of Windows
#
# If you would like to submit a bug report, please visit:
#   https://github.com/corretto/corretto-21/issues/
#

---------------  S U M M A R Y ------------

Command Line: -javaagent:C:\Program Files\JetBrains\IntelliJ IDEA Community Edition 2024.3.3\lib\idea_rt.jar=62747 -Dfile.encoding=UTF-8 -Dsun.stdout.encoding=UTF-8 -Dsun.stderr.encoding=UTF-8 --module-path=C:\Users\gabri\.m2\repository\org\openjfx\javafx-fxml\21\javafx-fxml-21-win.jar;C:\Users\gabri\.m2\repository\org\openjfx\javafx-graphics\21\javafx-graphics-21-win.jar;C:\workspace - intellij\Aula_OOP\Pojeto_OOP\Projeto_JavaFX\target\classes;C:\Users\gabri\.m2\repository\org\openjfx\javafx-base\21\javafx-base-21-win.jar;C:\Users\gabri\.m2\repository\org\openjfx\javafx-controls\21\javafx-controls-21-win.jar;C:\Users\gabri\.m2\repository\org\kordamp\bootstrapfx\bootstrapfx-core\0.4.0\bootstrapfx-core-0.4.0.jar;C:\Users\gabri\.m2\repository\org\controlsfx\controlsfx\11.2.1\controlsfx-11.2.1.jar -Djdk.module.main=com.example.demo com.example.demo/com.example.demo.MainApp

Host: 12th Gen Intel(R) Core(TM) i5-1235U, 12 cores, 15G,  Windows 11 , 64 bit Build 26100 (10.0.26100.3912)
Time: Fri Jun 13 19:24:19 2025 Hora oficial do Brasil elapsed time: 461.636902 seconds (0d 0h 7m 41s)

---------------  T H R E A D  ---------------

Current thread (0x00000291d9bdfea0):  VMThread "VM Thread"          [id=2936, stack(0x0000009bf8400000,0x0000009bf8500000) (1024K)]

Stack: [0x0000009bf8400000,0x0000009bf8500000],  sp=0x0000009bf84fec00,  free space=1019k
Native frames: (J=compiled Java code, j=interpreted, Vv=VM code, C=native code)
C  [glass.dll+0x26587]


siginfo: EXCEPTION_ACCESS_VIOLATION (0xc0000005), reading address 0x0000000000000000


Registers:
RAX=0x0000000000000000, RBX=0x00000291d9beec72, RCX=0x00000291d9bdfea0, RDX=0x0000009bf84fec00
RSP=0x0000009bf84fec00, RBP=0x0000e2d656f2a3a5, RSI=0x000002921fec1278, RDI=0x000002921fec1250
R8 =0x0000000000010002, R9 =0x0000e2d656f2a3a5, R10=0x00000291b8020000, R11=0x0000009bf84fece8
R12=0x00007ff9cd400000, R13=0x000000007ffe0385, R14=0x0000009bf84fed08, R15=0x000002921fec1250
RIP=0x00007ff9cd426587, EFLAGS=0x0000000000010202

XMM[0]=0x0000000000000000 0x0000000000000000
XMM[1]=0x0000000000000000 0x0000000000000000
XMM[2]=0x0000000000000000 0x0000000000000000
XMM[3]=0x0000000000000000 0x0000000000000000
XMM[4]=0x0000000000000000 0x0000000000000000
XMM[5]=0x0000000000000000 0x0000000000000000
XMM[6]=0x0000000000000000 0x0000000000000000
XMM[7]=0x0000000000000000 0x404e000000000000
XMM[8]=0x0000000000000000 0x0000000000000000
XMM[9]=0x0000000000000000 0x0000000000000000
XMM[10]=0x0000000000000000 0x0000000000000000
XMM[11]=0x0000000000000000 0x0000000000000000
XMM[12]=0x0000000000000000 0x0000000000000000
XMM[13]=0x0000000000000000 0x0000000000000000
XMM[14]=0x0000000000000000 0x0000000000000000
XMM[15]=0x0000000000000000 0x0000000000000000
  MXCSR=0x00001fa0


Register to memory mapping:

RAX=0x0 is null
RBX=0x00000291d9beec72 is a global jni handle
RCX=0x00000291d9bdfea0 points into unknown readable memory: 0x00007ff99d974ca0 | a0 4c 97 9d f9 7f 00 00
RDX=0x0000009bf84fec00 points into unknown readable memory: 0x0000000000000000 | 00 00 00 00 00 00 00 00
RSP=0x0000009bf84fec00 points into unknown readable memory: 0x0000000000000000 | 00 00 00 00 00 00 00 00
RBP=0x0000e2d656f2a3a5 is an unknown value
RSI=0x000002921fec1278 points into unknown readable memory: 0x0000e2d656f2a3a5 | a5 a3 f2 56 d6 e2 00 00
RDI=0x000002921fec1250 points into unknown readable memory: 0xa847dfd656fd5c9c | 9c 5c fd 56 d6 df 47 a8
R8 =0x0000000000010002 is an unknown value
R9 =0x0000e2d656f2a3a5 is an unknown value
R10=0x00000291b8020000 points into unknown readable memory: 0x0000000000000000 | 00 00 00 00 00 00 00 00
R11=0x0000009bf84fece8 points into unknown readable memory: 0x00007ff9cd423d5d | 5d 3d 42 cd f9 7f 00 00
R12=0x00007ff9cd400000 glass.dll
R13=0x000000007ffe0385 points into unknown readable memory: 00 00 00
R14=0x0000009bf84fed08 points into unknown readable memory: 0x0000009bf84fecf0 | f0 ec 4f f8 9b 00 00 00
R15=0x000002921fec1250 points into unknown readable memory: 0xa847dfd656fd5c9c | 9c 5c fd 56 d6 df 47 a8

Top of Stack: (sp=0x0000009bf84fec00)
0x0000009bf84fec00:   0000000000000000 0000029200000000
0x0000009bf84fec10:   000002921fd58eb0 00007ff9cd400000
0x0000009bf84fec20:   000002921fec1258 00007ff9ea95bc75
0x0000009bf84fec30:   000002921fec1250 0000029200000000
0x0000009bf84fec40:   000002921fec1270 0000e2d656f2a3a5
0x0000009bf84fec50:   fffffffffffffffe 00007ff9ea3c8deb
0x0000009bf84fec60:   0000000000000000 00007ff9cd400000
0x0000009bf84fec70:   0000009bf84fecf8 00007ff9ea95b897
0x0000009bf84fec80:   0000009bf84fed00 0000009bf84fed08
0x0000009bf84fec90:   0000009bf84ff230 00007ff9eaa488c0
0x0000009bf84feca0:   0000000000000001 00007ff9ea95b84d
0x0000009bf84fecb0:   0000000000000000 0000000000000001
0x0000009bf84fecc0:   0000000000000000 0000009bf84fecf8
0x0000009bf84fecd0:   fffffffffffffffe 000002921fe6c000
0x0000009bf84fece0:   0000000000000000 00007ff9cd423d5d
0x0000009bf84fecf0:   00007ff9cd43a008 00007ff900000002
0x0000009bf84fed00:   0000000000000002 0000009bf84fecf0
0x0000009bf84fed10:   0000000000000000 0000000000000000
0x0000009bf84fed20:   0000000000000000 00007ff9cd423e82
0x0000009bf84fed30:   0000000000000001 000000007ffe0384
0x0000009bf84fed40:   0000000000000001 0000007a0000007a
0x0000009bf84fed50:   0000000000000001 00007ff9e973277e
0x0000009bf84fed60:   0000000000000001 000000000000007a
0x0000009bf84fed70:   00007ff9cd423ed0 0000000000000001
0x0000009bf84fed80:   0000000000000001 00007ff9ed068083
0x0000009bf84fed90:   00007ff9cd400000 0000000000000000
0x0000009bf84feda0:   0000000000000001 000000007ffe0384
0x0000009bf84fedb0:   000000000000008d 0000000000000000
0x0000009bf84fedc0:   0000000000000000 0000000000000000
0x0000009bf84fedd0:   00007ff9cd400000 ffff037a00000000
0x0000009bf84fede0:   0000000000000078 0000000000000000
0x0000009bf84fedf0:   0000000000000000 00000291d9be1430 

Instructions: (pc=0x00007ff9cd426587)
0x00007ff9cd426487:   8b 4d 58 e8 8d cf ff ff 48 8b 4d 60 e8 84 cf ff
0x00007ff9cd426497:   ff 48 8b 95 80 00 00 00 48 8b 8d 18 01 00 00 e8
0x00007ff9cd4264a7:   76 c4 ff ff 33 d2 33 c9 e8 cc e1 ff ff 90 48 89
0x00007ff9cd4264b7:   54 24 10 55 48 83 ec 20 48 8b ea 48 b8 00 00 00
0x00007ff9cd4264c7:   00 00 00 00 00 48 83 c4 20 5d c3 cc 40 55 48 8b
0x00007ff9cd4264d7:   ea 48 8b 01 33 c9 81 38 05 00 00 c0 0f 94 c1 8b
0x00007ff9cd4264e7:   c1 5d c3 cc 40 55 48 83 ec 20 48 8b ea 8a 4d 40
0x00007ff9cd4264f7:   48 83 c4 20 5d e9 73 d3 ff ff cc 40 55 48 83 ec
0x00007ff9cd426507:   20 48 8b ea 8a 4d 20 e8 61 d3 ff ff 90 48 83 c4
0x00007ff9cd426517:   20 5d c3 cc 40 55 48 83 ec 20 48 8b ea 48 83 c4
0x00007ff9cd426527:   20 5d e9 c2 d1 ff ff cc 40 55 48 83 ec 30 48 8b
0x00007ff9cd426537:   ea 48 8b 01 8b 10 48 89 4c 24 28 89 54 24 20 4c
0x00007ff9cd426547:   8d 0d 63 d6 ff ff 4c 8b 45 70 8b 55 68 48 8b 4d
0x00007ff9cd426557:   60 e8 03 d1 ff ff 90 48 83 c4 30 5d c3 cc cc cc
0x00007ff9cd426567:   cc cc cc cc cc cc cc cc cc 40 53 48 83 ec 20 48
0x00007ff9cd426577:   8b 1d 8b 34 01 00 48 85 db 74 16 e8 89 8f ff ff
0x00007ff9cd426587:   4c 8b 00 48 8b d3 48 8b c8 41 ff 90 b0 00 00 00
0x00007ff9cd426597:   90 48 83 c4 20 5b c3 cc cc 40 53 48 83 ec 20 48
0x00007ff9cd4265a7:   8b 1d fb 35 01 00 48 85 db 74 57 b8 ff ff ff ff
0x00007ff9cd4265b7:   f0 0f c1 43 10 83 f8 01 75 3d 48 85 db 74 38 48
0x00007ff9cd4265c7:   8b 0b 48 85 c9 74 0d ff 15 d4 0c 00 00 48 c7 03
0x00007ff9cd4265d7:   00 00 00 00 48 8b 4b 08 48 85 c9 74 0d e8 33 ce
0x00007ff9cd4265e7:   ff ff 48 c7 43 08 00 00 00 00 ba 18 00 00 00 48
0x00007ff9cd4265f7:   8b cb e8 1e ce ff ff 48 c7 05 9f 35 01 00 00 00
0x00007ff9cd426607:   00 00 48 83 c4 20 5b c3 cc 40 53 48 83 ec 20 48
0x00007ff9cd426617:   8b 1d 6b 35 01 00 48 85 db 74 57 b8 ff ff ff ff
0x00007ff9cd426627:   f0 0f c1 43 10 83 f8 01 75 3d 48 85 db 74 38 48
0x00007ff9cd426637:   8b 0b 48 85 c9 74 0d ff 15 64 0c 00 00 48 c7 03
0x00007ff9cd426647:   00 00 00 00 48 8b 4b 08 48 85 c9 74 0d e8 c3 cd
0x00007ff9cd426657:   ff ff 48 c7 43 08 00 00 00 00 ba 18 00 00 00 48
0x00007ff9cd426667:   8b cb e8 ae cd ff ff 48 c7 05 0f 35 01 00 00 00
0x00007ff9cd426677:   00 00 48 83 c4 20 5b c3 cc 40 53 48 83 ec 20 48 


Stack slot to memory mapping:

stack at sp + 0 slots: 0x0 is null
stack at sp + 1 slots: 0x0000029200000000 is an unknown value
stack at sp + 2 slots: 0x000002921fd58eb0 points into unknown readable memory: 0x000002921fd59120 | 20 91 d5 1f 92 02 00 00
stack at sp + 3 slots: 0x00007ff9cd400000 glass.dll
stack at sp + 4 slots: 0x000002921fec1258 points into unknown readable memory: 0x0000e2d656f2a3a5 | a5 a3 f2 56 d6 e2 00 00
stack at sp + 5 slots: 0x00007ff9ea95bc75 ucrtbase.dll
stack at sp + 6 slots: 0x000002921fec1250 points into unknown readable memory: 0xa847dfd656fd5c9c | 9c 5c fd 56 d6 df 47 a8
stack at sp + 7 slots: 0x0000029200000000 is an unknown value

VM_Operation (0x0000009bf94fc000): Exit, mode: safepoint, requested by thread 0x000002921fde1f40


---------------  P R O C E S S  ---------------

Threads class SMR info:
_java_thread_list=0x0000029220a82f90, length=19, elements={
0x00000291ba4d4720, 0x00000291d9bfde20, 0x00000291d9bfe680, 0x00000291d9c04100,
0x00000291d9c05d30, 0x00000291d9c0cc80, 0x00000291d9c110b0, 0x00000291d9c22320,
0x00000291d9c23290, 0x00000291d9bcf4b0, 0x000002921f46c6a0, 0x000002921f598e90,
0x000002921f936010, 0x000002921fde14e0, 0x000002921fde1f40, 0x000002922044aa00,
0x0000029220456e10, 0x000002921fa2cf10, 0x000002921fa2a7b0
}

Java Threads: ( => current thread )
  0x00000291ba4d4720 JavaThread "main"                              [_thread_blocked, id=5824, stack(0x0000009bf7d00000,0x0000009bf7e00000) (1024K)]
  0x00000291d9bfde20 JavaThread "Reference Handler"          daemon [_thread_blocked, id=20568, stack(0x0000009bf8500000,0x0000009bf8600000) (1024K)]
  0x00000291d9bfe680 JavaThread "Finalizer"                  daemon [_thread_blocked, id=7420, stack(0x0000009bf8600000,0x0000009bf8700000) (1024K)]
  0x00000291d9c04100 JavaThread "Signal Dispatcher"          daemon [_thread_blocked, id=24192, stack(0x0000009bf8700000,0x0000009bf8800000) (1024K)]
  0x00000291d9c05d30 JavaThread "Attach Listener"            daemon [_thread_blocked, id=24744, stack(0x0000009bf8800000,0x0000009bf8900000) (1024K)]
  0x00000291d9c0cc80 JavaThread "Service Thread"             daemon [_thread_blocked, id=6816, stack(0x0000009bf8900000,0x0000009bf8a00000) (1024K)]
  0x00000291d9c110b0 JavaThread "Monitor Deflation Thread"   daemon [_thread_blocked, id=7568, stack(0x0000009bf8a00000,0x0000009bf8b00000) (1024K)]
  0x00000291d9c22320 JavaThread "C2 CompilerThread0"         daemon [_thread_blocked, id=18172, stack(0x0000009bf8b00000,0x0000009bf8c00000) (1024K)]
  0x00000291d9c23290 JavaThread "C1 CompilerThread0"         daemon [_thread_blocked, id=19764, stack(0x0000009bf8c00000,0x0000009bf8d00000) (1024K)]
  0x00000291d9bcf4b0 JavaThread "Common-Cleaner"             daemon [_thread_blocked, id=2760, stack(0x0000009bf8d00000,0x0000009bf8e00000) (1024K)]
  0x000002921f46c6a0 JavaThread "Monitor Ctrl-Break"         daemon [_thread_in_native, id=2220, stack(0x0000009bf9000000,0x0000009bf9100000) (1024K)]
  0x000002921f598e90 JavaThread "Notification Thread"        daemon [_thread_blocked, id=25048, stack(0x0000009bf9100000,0x0000009bf9200000) (1024K)]
  0x000002921f936010 JavaThread "QuantumRenderer-0"          daemon [_thread_blocked, id=6196, stack(0x0000009bf9200000,0x0000009bf9300000) (1024K)]
  0x000002921fde14e0 JavaThread "InvokeLaterDispatcher"      daemon [_thread_blocked, id=6692, stack(0x0000009bf9300000,0x0000009bf9400000) (1024K)]
  0x000002921fde1f40 JavaThread "JavaFX Application Thread"         [_thread_blocked, id=25544, stack(0x0000009bf9400000,0x0000009bf9500000) (1024K)]
  0x000002922044aa00 JavaThread "Thread-1"                   daemon [_thread_in_native, id=12880, stack(0x0000009bf8f00000,0x0000009bf9000000) (1024K)]
  0x0000029220456e10 JavaThread "JavaFX-Launcher"                   [_thread_blocked, id=13564, stack(0x0000009bfa900000,0x0000009bfaa00000) (1024K)]
  0x000002921fa2cf10 JavaThread "Prism Font Disposer"        daemon [_thread_blocked, id=22492, stack(0x0000009bfae00000,0x0000009bfaf00000) (1024K)]
  0x000002921fa2a7b0 JavaThread "Cleaner-0"                  daemon [_thread_blocked, id=20044, stack(0x0000009bfb300000,0x0000009bfb400000) (1024K)]
Total: 19

Other Threads:
=>0x00000291d9bdfea0 VMThread "VM Thread"                           [id=2936, stack(0x0000009bf8400000,0x0000009bf8500000) (1024K)]
  0x00000291ba53fc20 WorkerThread "GC Thread#0"                     [id=18476, stack(0x0000009bf7e00000,0x0000009bf7f00000) (1024K)]
  0x000002922044b5f0 WorkerThread "GC Thread#1"                     [id=22184, stack(0x0000009bfa400000,0x0000009bfa500000) (1024K)]
  0x000002922044b990 WorkerThread "GC Thread#2"                     [id=23392, stack(0x0000009bfa500000,0x0000009bfa600000) (1024K)]
  0x0000029220466100 WorkerThread "GC Thread#3"                     [id=3388, stack(0x0000009bfa600000,0x0000009bfa700000) (1024K)]
  0x0000029220467e50 WorkerThread "GC Thread#4"                     [id=5220, stack(0x0000009bfa700000,0x0000009bfa800000) (1024K)]
  0x00000292204664f0 WorkerThread "GC Thread#5"                     [id=12720, stack(0x0000009bfa800000,0x0000009bfa900000) (1024K)]
  0x0000029220467370 WorkerThread "GC Thread#6"                     [id=7180, stack(0x0000009bfaf00000,0x0000009bfb000000) (1024K)]
  0x0000029220467710 WorkerThread "GC Thread#7"                     [id=11516, stack(0x0000009bfb000000,0x0000009bfb100000) (1024K)]
  0x0000029220467ab0 WorkerThread "GC Thread#8"                     [id=16924, stack(0x0000009bfb100000,0x0000009bfb200000) (1024K)]
  0x0000029225c7b260 WorkerThread "GC Thread#9"                     [id=16916, stack(0x0000009bfb200000,0x0000009bfb300000) (1024K)]
  0x00000291ba550720 ConcurrentGCThread "G1 Main Marker"            terminated
  0x00000291ba552840 WorkerThread "G1 Conc#0"                       [id=17036, stack(0x0000009bf8000000,0x0000009bf8100000) (1024K)]
  0x00000291ba59e8c0 ConcurrentGCThread "G1 Refine#0"               terminated
  0x00000291d9aa15f0 ConcurrentGCThread "G1 Service"                terminated
Total: 15

Threads with active compile tasks:
Total: 0

VM state: at safepoint (shutting down)

VM Mutex/Monitor currently owned by a thread:  ([mutex/lock_event])
[0x00007ff99db4e320] Threads_lock - owner thread: 0x00000291d9bdfea0
[0x00007ff99db4e420] Heap_lock - owner thread: 0x000002921fde1f40

Heap address: 0x0000000704e00000, size: 4018 MB, Compressed Oops mode: Zero based, Oop shift amount: 3

CDS archive(s) mapped at: [0x00000291da000000-0x00000291dac80000-0x00000291dac80000), size 13107200, SharedBaseAddress: 0x00000291da000000, ArchiveRelocationMode: 1.
Compressed class space mapped at: 0x00000291db000000-0x000002921b000000, reserved size: 1073741824
Narrow klass base: 0x00000291da000000, Narrow klass shift: 0, Narrow klass range: 0x100000000

GC Precious Log:
 CardTable entry size: 512
 Card Set container configuration: InlinePtr #cards 4 size 8 Array Of Cards #cards 16 size 48 Howl #buckets 8 coarsen threshold 3686 Howl Bitmap #cards 512 size 80 coarsen threshold 460 Card regions per heap region 1 cards per card region 4096
 CPUs: 12 total, 12 available
 Memory: 16068M
 Large Page Support: Disabled
 NUMA Support: Disabled
 Compressed Oops: Enabled (Zero based)
 Heap Region Size: 2M
 Heap Min Capacity: 8M
 Heap Initial Capacity: 252M
 Heap Max Capacity: 4018M
 Pre-touch: Disabled
 Parallel Workers: 10
 Concurrent Workers: 3
 Concurrent Refinement Workers: 10
 Periodic GC: Disabled

Heap:
 garbage-first heap   total 258048K, used 73244K [0x0000000704e00000, 0x0000000800000000)
  region size 2048K, 37 young (75776K), 3 survivors (6144K)
 Metaspace       used 19708K, committed 20032K, reserved 1114112K
  class space    used 2848K, committed 3008K, reserved 1048576K

Heap Regions: E=young(eden), S=young(survivor), O=old, HS=humongous(starts), HC=humongous(continues), CS=collection set, F=free, TAMS=top-at-mark-start, PB=parsable bottom
|   0|0x0000000704e00000, 0x0000000705000000, 0x0000000705000000|100%|HS|  |TAMS 0x0000000704e00000| PB 0x0000000704e00000| Complete 
|   1|0x0000000705000000, 0x0000000705000000, 0x0000000705200000|  0%| F|  |TAMS 0x0000000705000000| PB 0x0000000705000000| Untracked 
|   2|0x0000000705200000, 0x0000000705200000, 0x0000000705400000|  0%| F|  |TAMS 0x0000000705200000| PB 0x0000000705200000| Untracked 
|   3|0x0000000705400000, 0x0000000705400000, 0x0000000705600000|  0%| F|  |TAMS 0x0000000705400000| PB 0x0000000705400000| Untracked 
|   4|0x0000000705600000, 0x0000000705600000, 0x0000000705800000|  0%| F|  |TAMS 0x0000000705600000| PB 0x0000000705600000| Untracked 
|   5|0x0000000705800000, 0x0000000705800000, 0x0000000705a00000|  0%| F|  |TAMS 0x0000000705800000| PB 0x0000000705800000| Untracked 
|   6|0x0000000705a00000, 0x0000000705a00000, 0x0000000705c00000|  0%| F|  |TAMS 0x0000000705a00000| PB 0x0000000705a00000| Untracked 
|   7|0x0000000705c00000, 0x0000000705c00000, 0x0000000705e00000|  0%| F|  |TAMS 0x0000000705c00000| PB 0x0000000705c00000| Untracked 
|   8|0x0000000705e00000, 0x0000000705e00000, 0x0000000706000000|  0%| F|  |TAMS 0x0000000705e00000| PB 0x0000000705e00000| Untracked 
|   9|0x0000000706000000, 0x0000000706000000, 0x0000000706200000|  0%| F|  |TAMS 0x0000000706000000| PB 0x0000000706000000| Untracked 
|  10|0x0000000706200000, 0x0000000706200000, 0x0000000706400000|  0%| F|  |TAMS 0x0000000706200000| PB 0x0000000706200000| Untracked 
|  11|0x0000000706400000, 0x0000000706400000, 0x0000000706600000|  0%| F|  |TAMS 0x0000000706400000| PB 0x0000000706400000| Untracked 
|  12|0x0000000706600000, 0x0000000706600000, 0x0000000706800000|  0%| F|  |TAMS 0x0000000706600000| PB 0x0000000706600000| Untracked 
|  13|0x0000000706800000, 0x0000000706800000, 0x0000000706a00000|  0%| F|  |TAMS 0x0000000706800000| PB 0x0000000706800000| Untracked 
|  14|0x0000000706a00000, 0x0000000706a00000, 0x0000000706c00000|  0%| F|  |TAMS 0x0000000706a00000| PB 0x0000000706a00000| Untracked 
|  15|0x0000000706c00000, 0x0000000706c00000, 0x0000000706e00000|  0%| F|  |TAMS 0x0000000706c00000| PB 0x0000000706c00000| Untracked 
|  16|0x0000000706e00000, 0x0000000706e00000, 0x0000000707000000|  0%| F|  |TAMS 0x0000000706e00000| PB 0x0000000706e00000| Untracked 
|  17|0x0000000707000000, 0x0000000707000000, 0x0000000707200000|  0%| F|  |TAMS 0x0000000707000000| PB 0x0000000707000000| Untracked 
|  18|0x0000000707200000, 0x0000000707200000, 0x0000000707400000|  0%| F|  |TAMS 0x0000000707200000| PB 0x0000000707200000| Untracked 
|  19|0x0000000707400000, 0x0000000707400000, 0x0000000707600000|  0%| F|  |TAMS 0x0000000707400000| PB 0x0000000707400000| Untracked 
|  20|0x0000000707600000, 0x0000000707600000, 0x0000000707800000|  0%| F|  |TAMS 0x0000000707600000| PB 0x0000000707600000| Untracked 
|  21|0x0000000707800000, 0x0000000707800000, 0x0000000707a00000|  0%| F|  |TAMS 0x0000000707800000| PB 0x0000000707800000| Untracked 
|  22|0x0000000707a00000, 0x0000000707a00000, 0x0000000707c00000|  0%| F|  |TAMS 0x0000000707a00000| PB 0x0000000707a00000| Untracked 
|  23|0x0000000707c00000, 0x0000000707c00000, 0x0000000707e00000|  0%| F|  |TAMS 0x0000000707c00000| PB 0x0000000707c00000| Untracked 
|  24|0x0000000707e00000, 0x0000000707e00000, 0x0000000708000000|  0%| F|  |TAMS 0x0000000707e00000| PB 0x0000000707e00000| Untracked 
|  25|0x0000000708000000, 0x0000000708000000, 0x0000000708200000|  0%| F|  |TAMS 0x0000000708000000| PB 0x0000000708000000| Untracked 
|  26|0x0000000708200000, 0x0000000708200000, 0x0000000708400000|  0%| F|  |TAMS 0x0000000708200000| PB 0x0000000708200000| Untracked 
|  27|0x0000000708400000, 0x0000000708400000, 0x0000000708600000|  0%| F|  |TAMS 0x0000000708400000| PB 0x0000000708400000| Untracked 
|  28|0x0000000708600000, 0x0000000708600000, 0x0000000708800000|  0%| F|  |TAMS 0x0000000708600000| PB 0x0000000708600000| Untracked 
|  29|0x0000000708800000, 0x0000000708800000, 0x0000000708a00000|  0%| F|  |TAMS 0x0000000708800000| PB 0x0000000708800000| Untracked 
|  30|0x0000000708a00000, 0x0000000708a00000, 0x0000000708c00000|  0%| F|  |TAMS 0x0000000708a00000| PB 0x0000000708a00000| Untracked 
|  31|0x0000000708c00000, 0x0000000708c00000, 0x0000000708e00000|  0%| F|  |TAMS 0x0000000708c00000| PB 0x0000000708c00000| Untracked 
|  32|0x0000000708e00000, 0x0000000708e00000, 0x0000000709000000|  0%| F|  |TAMS 0x0000000708e00000| PB 0x0000000708e00000| Untracked 
|  33|0x0000000709000000, 0x0000000709000000, 0x0000000709200000|  0%| F|  |TAMS 0x0000000709000000| PB 0x0000000709000000| Untracked 
|  34|0x0000000709200000, 0x0000000709200000, 0x0000000709400000|  0%| F|  |TAMS 0x0000000709200000| PB 0x0000000709200000| Untracked 
|  35|0x0000000709400000, 0x0000000709400000, 0x0000000709600000|  0%| F|  |TAMS 0x0000000709400000| PB 0x0000000709400000| Untracked 
|  36|0x0000000709600000, 0x0000000709600000, 0x0000000709800000|  0%| F|  |TAMS 0x0000000709600000| PB 0x0000000709600000| Untracked 
|  37|0x0000000709800000, 0x0000000709800000, 0x0000000709a00000|  0%| F|  |TAMS 0x0000000709800000| PB 0x0000000709800000| Untracked 
|  38|0x0000000709a00000, 0x0000000709a00000, 0x0000000709c00000|  0%| F|  |TAMS 0x0000000709a00000| PB 0x0000000709a00000| Untracked 
|  39|0x0000000709c00000, 0x0000000709c00000, 0x0000000709e00000|  0%| F|  |TAMS 0x0000000709c00000| PB 0x0000000709c00000| Untracked 
|  40|0x0000000709e00000, 0x0000000709e00000, 0x000000070a000000|  0%| F|  |TAMS 0x0000000709e00000| PB 0x0000000709e00000| Untracked 
|  41|0x000000070a000000, 0x000000070a000000, 0x000000070a200000|  0%| F|  |TAMS 0x000000070a000000| PB 0x000000070a000000| Untracked 
|  42|0x000000070a200000, 0x000000070a200000, 0x000000070a400000|  0%| F|  |TAMS 0x000000070a200000| PB 0x000000070a200000| Untracked 
|  43|0x000000070a400000, 0x000000070a400000, 0x000000070a600000|  0%| F|  |TAMS 0x000000070a400000| PB 0x000000070a400000| Untracked 
|  44|0x000000070a600000, 0x000000070a600000, 0x000000070a800000|  0%| F|  |TAMS 0x000000070a600000| PB 0x000000070a600000| Untracked 
|  45|0x000000070a800000, 0x000000070a800000, 0x000000070aa00000|  0%| F|  |TAMS 0x000000070a800000| PB 0x000000070a800000| Untracked 
|  46|0x000000070aa00000, 0x000000070aa00000, 0x000000070ac00000|  0%| F|  |TAMS 0x000000070aa00000| PB 0x000000070aa00000| Untracked 
|  47|0x000000070ac00000, 0x000000070ac00000, 0x000000070ae00000|  0%| F|  |TAMS 0x000000070ac00000| PB 0x000000070ac00000| Untracked 
|  48|0x000000070ae00000, 0x000000070ae00000, 0x000000070b000000|  0%| F|  |TAMS 0x000000070ae00000| PB 0x000000070ae00000| Untracked 
|  49|0x000000070b000000, 0x000000070b000000, 0x000000070b200000|  0%| F|  |TAMS 0x000000070b000000| PB 0x000000070b000000| Untracked 
|  50|0x000000070b200000, 0x000000070b200000, 0x000000070b400000|  0%| F|  |TAMS 0x000000070b200000| PB 0x000000070b200000| Untracked 
|  51|0x000000070b400000, 0x000000070b400000, 0x000000070b600000|  0%| F|  |TAMS 0x000000070b400000| PB 0x000000070b400000| Untracked 
|  52|0x000000070b600000, 0x000000070b600000, 0x000000070b800000|  0%| F|  |TAMS 0x000000070b600000| PB 0x000000070b600000| Untracked 
|  53|0x000000070b800000, 0x000000070b800000, 0x000000070ba00000|  0%| F|  |TAMS 0x000000070b800000| PB 0x000000070b800000| Untracked 
|  54|0x000000070ba00000, 0x000000070ba00000, 0x000000070bc00000|  0%| F|  |TAMS 0x000000070ba00000| PB 0x000000070ba00000| Untracked 
|  55|0x000000070bc00000, 0x000000070bc00000, 0x000000070be00000|  0%| F|  |TAMS 0x000000070bc00000| PB 0x000000070bc00000| Untracked 
|  56|0x000000070be00000, 0x000000070be00000, 0x000000070c000000|  0%| F|  |TAMS 0x000000070be00000| PB 0x000000070be00000| Untracked 
|  57|0x000000070c000000, 0x000000070c000000, 0x000000070c200000|  0%| F|  |TAMS 0x000000070c000000| PB 0x000000070c000000| Untracked 
|  58|0x000000070c200000, 0x000000070c200000, 0x000000070c400000|  0%| F|  |TAMS 0x000000070c200000| PB 0x000000070c200000| Untracked 
|  59|0x000000070c400000, 0x000000070c400000, 0x000000070c600000|  0%| F|  |TAMS 0x000000070c400000| PB 0x000000070c400000| Untracked 
|  60|0x000000070c600000, 0x000000070c600000, 0x000000070c800000|  0%| F|  |TAMS 0x000000070c600000| PB 0x000000070c600000| Untracked 
|  61|0x000000070c800000, 0x000000070c800000, 0x000000070ca00000|  0%| F|  |TAMS 0x000000070c800000| PB 0x000000070c800000| Untracked 
|  62|0x000000070ca00000, 0x000000070ca00000, 0x000000070cc00000|  0%| F|  |TAMS 0x000000070ca00000| PB 0x000000070ca00000| Untracked 
|  63|0x000000070cc00000, 0x000000070cc00000, 0x000000070ce00000|  0%| F|  |TAMS 0x000000070cc00000| PB 0x000000070cc00000| Untracked 
|  64|0x000000070ce00000, 0x000000070ce00000, 0x000000070d000000|  0%| F|  |TAMS 0x000000070ce00000| PB 0x000000070ce00000| Untracked 
|  65|0x000000070d000000, 0x000000070d000000, 0x000000070d200000|  0%| F|  |TAMS 0x000000070d000000| PB 0x000000070d000000| Untracked 
|  66|0x000000070d200000, 0x000000070d200000, 0x000000070d400000|  0%| F|  |TAMS 0x000000070d200000| PB 0x000000070d200000| Untracked 
|  67|0x000000070d400000, 0x000000070d400000, 0x000000070d600000|  0%| F|  |TAMS 0x000000070d400000| PB 0x000000070d400000| Untracked 
|  68|0x000000070d600000, 0x000000070d600000, 0x000000070d800000|  0%| F|  |TAMS 0x000000070d600000| PB 0x000000070d600000| Untracked 
|  69|0x000000070d800000, 0x000000070d800000, 0x000000070da00000|  0%| F|  |TAMS 0x000000070d800000| PB 0x000000070d800000| Untracked 
|  70|0x000000070da00000, 0x000000070da00000, 0x000000070dc00000|  0%| F|  |TAMS 0x000000070da00000| PB 0x000000070da00000| Untracked 
|  71|0x000000070dc00000, 0x000000070dc00000, 0x000000070de00000|  0%| F|  |TAMS 0x000000070dc00000| PB 0x000000070dc00000| Untracked 
|  72|0x000000070de00000, 0x000000070de00000, 0x000000070e000000|  0%| F|  |TAMS 0x000000070de00000| PB 0x000000070de00000| Untracked 
|  73|0x000000070e000000, 0x000000070e000000, 0x000000070e200000|  0%| F|  |TAMS 0x000000070e000000| PB 0x000000070e000000| Untracked 
|  74|0x000000070e200000, 0x000000070e200000, 0x000000070e400000|  0%| F|  |TAMS 0x000000070e200000| PB 0x000000070e200000| Untracked 
|  75|0x000000070e400000, 0x000000070e400000, 0x000000070e600000|  0%| F|  |TAMS 0x000000070e400000| PB 0x000000070e400000| Untracked 
|  76|0x000000070e600000, 0x000000070e600000, 0x000000070e800000|  0%| F|  |TAMS 0x000000070e600000| PB 0x000000070e600000| Untracked 
|  77|0x000000070e800000, 0x000000070e800000, 0x000000070ea00000|  0%| F|  |TAMS 0x000000070e800000| PB 0x000000070e800000| Untracked 
|  78|0x000000070ea00000, 0x000000070ea00000, 0x000000070ec00000|  0%| F|  |TAMS 0x000000070ea00000| PB 0x000000070ea00000| Untracked 
|  79|0x000000070ec00000, 0x000000070ec00000, 0x000000070ee00000|  0%| F|  |TAMS 0x000000070ec00000| PB 0x000000070ec00000| Untracked 
|  80|0x000000070ee00000, 0x000000070ee00000, 0x000000070f000000|  0%| F|  |TAMS 0x000000070ee00000| PB 0x000000070ee00000| Untracked 
|  81|0x000000070f000000, 0x000000070f000000, 0x000000070f200000|  0%| F|  |TAMS 0x000000070f000000| PB 0x000000070f000000| Untracked 
|  82|0x000000070f200000, 0x000000070f200000, 0x000000070f400000|  0%| F|  |TAMS 0x000000070f200000| PB 0x000000070f200000| Untracked 
|  83|0x000000070f400000, 0x000000070f400000, 0x000000070f600000|  0%| F|  |TAMS 0x000000070f400000| PB 0x000000070f400000| Untracked 
|  84|0x000000070f600000, 0x000000070f600000, 0x000000070f800000|  0%| F|  |TAMS 0x000000070f600000| PB 0x000000070f600000| Untracked 
|  85|0x000000070f800000, 0x000000070f800000, 0x000000070fa00000|  0%| F|  |TAMS 0x000000070f800000| PB 0x000000070f800000| Untracked 
|  86|0x000000070fa00000, 0x000000070fa00000, 0x000000070fc00000|  0%| F|  |TAMS 0x000000070fa00000| PB 0x000000070fa00000| Untracked 
|  87|0x000000070fc00000, 0x000000070fc00000, 0x000000070fe00000|  0%| F|  |TAMS 0x000000070fc00000| PB 0x000000070fc00000| Untracked 
|  88|0x000000070fe00000, 0x000000070fe00000, 0x0000000710000000|  0%| F|  |TAMS 0x000000070fe00000| PB 0x000000070fe00000| Untracked 
|  89|0x0000000710000000, 0x000000071017b068, 0x0000000710200000| 74%| E|  |TAMS 0x0000000710000000| PB 0x0000000710000000| Complete 
|  90|0x0000000710200000, 0x0000000710400000, 0x0000000710400000|100%| E|CS|TAMS 0x0000000710200000| PB 0x0000000710200000| Complete 
|  91|0x0000000710400000, 0x0000000710600000, 0x0000000710600000|100%| E|CS|TAMS 0x0000000710400000| PB 0x0000000710400000| Complete 
|  92|0x0000000710600000, 0x0000000710800000, 0x0000000710800000|100%| E|CS|TAMS 0x0000000710600000| PB 0x0000000710600000| Complete 
|  93|0x0000000710800000, 0x0000000710a00000, 0x0000000710a00000|100%| E|CS|TAMS 0x0000000710800000| PB 0x0000000710800000| Complete 
|  94|0x0000000710a00000, 0x0000000710c00000, 0x0000000710c00000|100%| E|CS|TAMS 0x0000000710a00000| PB 0x0000000710a00000| Complete 
|  95|0x0000000710c00000, 0x0000000710e00000, 0x0000000710e00000|100%| E|CS|TAMS 0x0000000710c00000| PB 0x0000000710c00000| Complete 
|  96|0x0000000710e00000, 0x0000000711000000, 0x0000000711000000|100%| E|CS|TAMS 0x0000000710e00000| PB 0x0000000710e00000| Complete 
|  97|0x0000000711000000, 0x0000000711200000, 0x0000000711200000|100%| E|CS|TAMS 0x0000000711000000| PB 0x0000000711000000| Complete 
|  98|0x0000000711200000, 0x0000000711400000, 0x0000000711400000|100%| E|CS|TAMS 0x0000000711200000| PB 0x0000000711200000| Complete 
|  99|0x0000000711400000, 0x0000000711600000, 0x0000000711600000|100%| E|CS|TAMS 0x0000000711400000| PB 0x0000000711400000| Complete 
| 100|0x0000000711600000, 0x0000000711800000, 0x0000000711800000|100%| E|CS|TAMS 0x0000000711600000| PB 0x0000000711600000| Complete 
| 101|0x0000000711800000, 0x0000000711a00000, 0x0000000711a00000|100%| E|CS|TAMS 0x0000000711800000| PB 0x0000000711800000| Complete 
| 102|0x0000000711a00000, 0x0000000711b872c0, 0x0000000711c00000| 76%| S|CS|TAMS 0x0000000711a00000| PB 0x0000000711a00000| Complete 
| 103|0x0000000711c00000, 0x0000000711e00000, 0x0000000711e00000|100%| S|CS|TAMS 0x0000000711c00000| PB 0x0000000711c00000| Complete 
| 104|0x0000000711e00000, 0x0000000712000000, 0x0000000712000000|100%| S|CS|TAMS 0x0000000711e00000| PB 0x0000000711e00000| Complete 
| 105|0x0000000712000000, 0x0000000712200000, 0x0000000712200000|100%| E|CS|TAMS 0x0000000712000000| PB 0x0000000712000000| Complete 
| 106|0x0000000712200000, 0x0000000712400000, 0x0000000712400000|100%| E|CS|TAMS 0x0000000712200000| PB 0x0000000712200000| Complete 
| 107|0x0000000712400000, 0x0000000712600000, 0x0000000712600000|100%| E|  |TAMS 0x0000000712400000| PB 0x0000000712400000| Complete 
| 108|0x0000000712600000, 0x0000000712800000, 0x0000000712800000|100%| E|CS|TAMS 0x0000000712600000| PB 0x0000000712600000| Complete 
| 109|0x0000000712800000, 0x0000000712a00000, 0x0000000712a00000|100%| E|CS|TAMS 0x0000000712800000| PB 0x0000000712800000| Complete 
| 110|0x0000000712a00000, 0x0000000712c00000, 0x0000000712c00000|100%| E|CS|TAMS 0x0000000712a00000| PB 0x0000000712a00000| Complete 
| 111|0x0000000712c00000, 0x0000000712e00000, 0x0000000712e00000|100%| E|CS|TAMS 0x0000000712c00000| PB 0x0000000712c00000| Complete 
| 112|0x0000000712e00000, 0x0000000713000000, 0x0000000713000000|100%| E|CS|TAMS 0x0000000712e00000| PB 0x0000000712e00000| Complete 
| 113|0x0000000713000000, 0x0000000713200000, 0x0000000713200000|100%| E|CS|TAMS 0x0000000713000000| PB 0x0000000713000000| Complete 
| 114|0x0000000713200000, 0x0000000713400000, 0x0000000713400000|100%| E|CS|TAMS 0x0000000713200000| PB 0x0000000713200000| Complete 
| 115|0x0000000713400000, 0x0000000713600000, 0x0000000713600000|100%| E|CS|TAMS 0x0000000713400000| PB 0x0000000713400000| Complete 
| 116|0x0000000713600000, 0x0000000713800000, 0x0000000713800000|100%| E|CS|TAMS 0x0000000713600000| PB 0x0000000713600000| Complete 
| 117|0x0000000713800000, 0x0000000713a00000, 0x0000000713a00000|100%| E|CS|TAMS 0x0000000713800000| PB 0x0000000713800000| Complete 
| 118|0x0000000713a00000, 0x0000000713c00000, 0x0000000713c00000|100%| E|CS|TAMS 0x0000000713a00000| PB 0x0000000713a00000| Complete 
| 119|0x0000000713c00000, 0x0000000713e00000, 0x0000000713e00000|100%| E|CS|TAMS 0x0000000713c00000| PB 0x0000000713c00000| Complete 
| 120|0x0000000713e00000, 0x0000000714000000, 0x0000000714000000|100%| E|CS|TAMS 0x0000000713e00000| PB 0x0000000713e00000| Complete 
| 121|0x0000000714000000, 0x0000000714200000, 0x0000000714200000|100%| E|CS|TAMS 0x0000000714000000| PB 0x0000000714000000| Complete 
| 122|0x0000000714200000, 0x0000000714400000, 0x0000000714400000|100%| E|CS|TAMS 0x0000000714200000| PB 0x0000000714200000| Complete 
| 123|0x0000000714400000, 0x0000000714600000, 0x0000000714600000|100%| E|CS|TAMS 0x0000000714400000| PB 0x0000000714400000| Complete 
| 124|0x0000000714600000, 0x0000000714800000, 0x0000000714800000|100%| E|CS|TAMS 0x0000000714600000| PB 0x0000000714600000| Complete 
| 125|0x0000000714800000, 0x0000000714a00000, 0x0000000714a00000|100%| E|CS|TAMS 0x0000000714800000| PB 0x0000000714800000| Complete 

Card table byte_map: [0x00000291d28f0000,0x00000291d30d0000] _byte_map_base: 0x00000291cf0c9000

Marking Bits: (CMBitMap*) 0x00000291ba540330
 Bits: [0x00000291d30d0000, 0x00000291d6f98000)

Polling page: 0x00000291b9c40000

Metaspace:

Usage:
  Non-class:     16.46 MB used.
      Class:      2.78 MB used.
       Both:     19.25 MB used.

Virtual space:
  Non-class space:       64.00 MB reserved,      16.62 MB ( 26%) committed,  1 nodes.
      Class space:        1.00 GB reserved,       2.94 MB ( <1%) committed,  1 nodes.
             Both:        1.06 GB reserved,      19.56 MB (  2%) committed. 

Chunk freelists:
   Non-Class:  14.58 MB
       Class:  12.98 MB
        Both:  27.56 MB

MaxMetaspaceSize: unlimited
CompressedClassSpaceSize: 1.00 GB
Initial GC threshold: 21.00 MB
Current GC threshold: 21.00 MB
CDS: on
 - commit_granule_bytes: 65536.
 - commit_granule_words: 8192.
 - virtual_space_node_default_size: 8388608.
 - enlarge_chunks_in_place: 1.
 - use_allocation_guard: 0.


Internal statistics:

num_allocs_failed_limit: 0.
num_arena_births: 348.
num_arena_deaths: 0.
num_vsnodes_births: 2.
num_vsnodes_deaths: 0.
num_space_committed: 313.
num_space_uncommitted: 0.
num_chunks_returned_to_freelist: 0.
num_chunks_taken_from_freelist: 1014.
num_chunk_merges: 0.
num_chunk_splits: 707.
num_chunks_enlarged: 545.
num_inconsistent_stats: 0.

CodeHeap 'non-profiled nmethods': size=120000Kb used=3702Kb max_used=3702Kb free=116297Kb
 bounds [0x00000291ca690000, 0x00000291caa30000, 0x00000291d1bc0000]
CodeHeap 'profiled nmethods': size=120000Kb used=11835Kb max_used=11835Kb free=108164Kb
 bounds [0x00000291c2bc0000, 0x00000291c3750000, 0x00000291ca0f0000]
CodeHeap 'non-nmethods': size=5760Kb used=1823Kb max_used=1873Kb free=3936Kb
 bounds [0x00000291ca0f0000, 0x00000291ca360000, 0x00000291ca690000]
 total_blobs=6400 nmethods=5569 adapters=733
 compilation: enabled
              stopped_count=0, restarted_count=0
 full_count=0

Compilation events (20 events):
Event: 460.035 Thread 0x0000029226125850 5543       4       jdk.internal.util.ArraysSupport::mismatch (73 bytes)
Event: 460.036 Thread 0x00000291d9c23290 nmethod 5564 0x00000291c374be10 code [0x00000291c374c080, 0x00000291c374c970]
Event: 460.036 Thread 0x00000291d9c23290 5568       3       com.sun.javafx.sg.prism.NGRegion::updateShape (71 bytes)
Event: 460.036 Thread 0x00000291d9c23290 nmethod 5568 0x00000291c374cc90 code [0x00000291c374cf00, 0x00000291c374db20]
Event: 460.039 Thread 0x00000291d9c23290 5569       2       com.sun.prism.impl.ps.BaseShaderContext::checkState (211 bytes)
Event: 460.039 Thread 0x0000029226125850 nmethod 5543 0x00000291caa22d90 code [0x00000291caa22f20, 0x00000291caa23138]
Event: 460.039 Thread 0x0000029226125850 5565       4       javafx.scene.layout.Region::_getSnapScaleXimpl (22 bytes)
Event: 460.040 Thread 0x00000291d9c23290 nmethod 5569 0x00000291c374df10 code [0x00000291c374e1c0, 0x00000291c374e910]
Event: 460.043 Thread 0x0000029226125850 nmethod 5565 0x00000291caa23290 code [0x00000291caa23460, 0x00000291caa23630]
Event: 460.043 Thread 0x0000029226125850 5567       4       com.sun.javafx.scene.NodeHelper::isDirty (11 bytes)
Event: 460.046 Thread 0x0000029226125850 nmethod 5567 0x00000291caa23810 code [0x00000291caa239c0, 0x00000291caa23b38]
Event: 460.046 Thread 0x0000029226125850 5548       4       java.lang.String::trim (35 bytes)
Event: 460.048 Thread 0x0000029226125850 nmethod 5548 0x00000291caa23d10 code [0x00000291caa23ea0, 0x00000291caa24000]
Event: 460.048 Thread 0x0000029226125850 5561       4       javafx.scene.Node::isTreeVisible (8 bytes)
Event: 460.053 Thread 0x0000029226125850 nmethod 5561 0x00000291caa24110 code [0x00000291caa242a0, 0x00000291caa244e0]
Event: 460.071 Thread 0x00000291d9c22320 nmethod 5542 0x00000291caa24610 code [0x00000291caa24ce0, 0x00000291caa2ab48]
Event: 460.655 Thread 0x0000029226125850 5570       4       com.sun.javafx.util.Utils::calculateBrightness (27 bytes)
Event: 460.656 Thread 0x0000029226125850 nmethod 5570 0x00000291caa2d310 code [0x00000291caa2d4c0, 0x00000291caa2d568]
Event: 461.280 Thread 0x00000291d9c23290 5571       1       java.util.logging.LogManager$LoggerContext::getOwner (5 bytes)
Event: 461.280 Thread 0x00000291d9c23290 nmethod 5571 0x00000291caa2d610 code [0x00000291caa2d7a0, 0x00000291caa2d870]

GC Heap History (4 events):
Event: 0.847 GC heap before
{Heap before GC invocations=0 (full 0):
 garbage-first heap   total 258048K, used 22528K [0x0000000704e00000, 0x0000000800000000)
  region size 2048K, 11 young (22528K), 0 survivors (0K)
 Metaspace       used 4621K, committed 4800K, reserved 1114112K
  class space    used 475K, committed 576K, reserved 1048576K
}
Event: 0.854 GC heap after
{Heap after GC invocations=1 (full 0):
 garbage-first heap   total 258048K, used 2741K [0x0000000704e00000, 0x0000000800000000)
  region size 2048K, 2 young (4096K), 2 survivors (4096K)
 Metaspace       used 4621K, committed 4800K, reserved 1114112K
  class space    used 475K, committed 576K, reserved 1048576K
}
Event: 1.368 GC heap before
{Heap before GC invocations=1 (full 0):
 garbage-first heap   total 258048K, used 39605K [0x0000000704e00000, 0x0000000800000000)
  region size 2048K, 21 young (43008K), 2 survivors (4096K)
 Metaspace       used 13003K, committed 13248K, reserved 1114112K
  class space    used 2040K, committed 2176K, reserved 1048576K
}
Event: 1.377 GC heap after
{Heap after GC invocations=2 (full 0):
 garbage-first heap   total 258048K, used 5660K [0x0000000704e00000, 0x0000000800000000)
  region size 2048K, 3 young (6144K), 3 survivors (6144K)
 Metaspace       used 13003K, committed 13248K, reserved 1114112K
  class space    used 2040K, committed 2176K, reserved 1048576K
}

Dll operation events (20 events):
Event: 0.563 Loaded shared library C:\Users\gabri\.openjfx\cache\21+31\amd64\api-ms-win-crt-locale-l1-1-0.dll
Event: 0.565 Loaded shared library C:\Users\gabri\.openjfx\cache\21+31\amd64\api-ms-win-crt-math-l1-1-0.dll
Event: 0.568 Loaded shared library C:\Users\gabri\.openjfx\cache\21+31\amd64\api-ms-win-crt-multibyte-l1-1-0.dll
Event: 0.570 Loaded shared library C:\Users\gabri\.openjfx\cache\21+31\amd64\api-ms-win-crt-private-l1-1-0.dll
Event: 0.573 Loaded shared library C:\Users\gabri\.openjfx\cache\21+31\amd64\api-ms-win-crt-process-l1-1-0.dll
Event: 0.575 Loaded shared library C:\Users\gabri\.openjfx\cache\21+31\amd64\api-ms-win-crt-runtime-l1-1-0.dll
Event: 0.577 Loaded shared library C:\Users\gabri\.openjfx\cache\21+31\amd64\api-ms-win-crt-stdio-l1-1-0.dll
Event: 0.579 Loaded shared library C:\Users\gabri\.openjfx\cache\21+31\amd64\api-ms-win-crt-string-l1-1-0.dll
Event: 0.581 Loaded shared library C:\Users\gabri\.openjfx\cache\21+31\amd64\api-ms-win-crt-time-l1-1-0.dll
Event: 0.582 Loaded shared library C:\Users\gabri\.openjfx\cache\21+31\amd64\api-ms-win-crt-utility-l1-1-0.dll
Event: 0.594 Loaded shared library C:\Users\gabri\.openjfx\cache\21+31\amd64\ucrtbase.dll
Event: 0.598 Loaded shared library C:\Users\gabri\.openjfx\cache\21+31\amd64\vcruntime140.dll
Event: 0.601 Loaded shared library C:\Users\gabri\.openjfx\cache\21+31\amd64\vcruntime140_1.dll
Event: 0.608 Loaded shared library C:\Users\gabri\.openjfx\cache\21+31\amd64\msvcp140.dll
Event: 0.611 Loaded shared library C:\Users\gabri\.openjfx\cache\21+31\amd64\msvcp140_1.dll
Event: 0.614 Loaded shared library C:\Users\gabri\.openjfx\cache\21+31\amd64\msvcp140_2.dll
Event: 0.653 Loaded shared library C:\Users\gabri\.openjfx\cache\21+31\amd64\prism_d3d.dll
Event: 0.722 Loaded shared library C:\Users\gabri\.openjfx\cache\21+31\amd64\glass.dll
Event: 0.870 Loaded shared library C:\Users\gabri\.jdks\corretto-21.0.6\bin\jimage.dll
Event: 0.970 Loaded shared library C:\Users\gabri\.openjfx\cache\21+31\amd64\javafx_font.dll

Deoptimization events (20 events):
Event: 451.728 Thread 0x000002921f936010 Uncommon trap: trap_request=0xffffffc6 fr.pc=0x00000291ca9e0e74 relative=0x0000000000000474
Event: 451.728 Thread 0x000002921f936010 Uncommon trap: reason=bimorphic_or_optimized_type_check action=maybe_recompile pc=0x00000291ca9e0e74 method=com.sun.javafx.sg.prism.NGNode.getContentBounds(Lcom/sun/javafx/geom/BaseBounds;Lcom/sun/javafx/geom/transform/BaseTransform;)Lcom/sun/javafx/geom/
Event: 451.728 Thread 0x000002921f936010 DEOPT PACKING pc=0x00000291ca9e0e74 sp=0x0000009bf92fe250
Event: 451.728 Thread 0x000002921f936010 DEOPT UNPACKING pc=0x00000291ca1446a2 sp=0x0000009bf92fe1e0 mode 2
Event: 451.728 Thread 0x000002921f936010 Uncommon trap: trap_request=0xffffff45 fr.pc=0x00000291ca952de8 relative=0x0000000000000e68
Event: 451.728 Thread 0x000002921f936010 Uncommon trap: reason=unstable_if action=reinterpret pc=0x00000291ca952de8 method=com.sun.javafx.sg.prism.NGNode.getEffect()Lcom/sun/scenario/effect/Effect; @ 4 c2
Event: 451.728 Thread 0x000002921f936010 DEOPT PACKING pc=0x00000291ca952de8 sp=0x0000009bf92feae0
Event: 451.728 Thread 0x000002921f936010 DEOPT UNPACKING pc=0x00000291ca1446a2 sp=0x0000009bf92fe970 mode 2
Event: 455.866 Thread 0x000002921f936010 Uncommon trap: trap_request=0xffffffde fr.pc=0x00000291ca8fb034 relative=0x00000000000013d4
Event: 455.866 Thread 0x000002921f936010 Uncommon trap: reason=class_check action=maybe_recompile pc=0x00000291ca8fb034 method=com.sun.prism.d3d.D3DContext.updateShaderTransform(Lcom/sun/prism/ps/Shader;Lcom/sun/javafx/geom/transform/BaseTransform;)V @ 14 c2
Event: 455.866 Thread 0x000002921f936010 DEOPT PACKING pc=0x00000291ca8fb034 sp=0x0000009bf92fe000
Event: 455.866 Thread 0x000002921f936010 DEOPT UNPACKING pc=0x00000291ca1446a2 sp=0x0000009bf92fdf70 mode 2
Event: 461.287 Thread 0x000002921f936010 Uncommon trap: trap_request=0xffffff45 fr.pc=0x00000291ca7f2dac relative=0x00000000000004ec
Event: 461.287 Thread 0x000002921f936010 Uncommon trap: reason=unstable_if action=reinterpret pc=0x00000291ca7f2dac method=java.util.concurrent.locks.AbstractQueuedSynchronizer$ConditionNode.isReleasable()Z @ 14 c2
Event: 461.287 Thread 0x000002921f936010 DEOPT PACKING pc=0x00000291ca7f2dac sp=0x0000009bf92ff290
Event: 461.287 Thread 0x000002921f936010 DEOPT UNPACKING pc=0x00000291ca1446a2 sp=0x0000009bf92ff0b8 mode 2
Event: 461.287 Thread 0x000002921f936010 Uncommon trap: trap_request=0xffffff45 fr.pc=0x00000291ca8167f8 relative=0x0000000000000058
Event: 461.287 Thread 0x000002921f936010 Uncommon trap: reason=unstable_if action=reinterpret pc=0x00000291ca8167f8 method=java.lang.Thread.getAndClearInterrupt()Z @ 6 c2
Event: 461.287 Thread 0x000002921f936010 DEOPT PACKING pc=0x00000291ca8167f8 sp=0x0000009bf92ff240
Event: 461.287 Thread 0x000002921f936010 DEOPT UNPACKING pc=0x00000291ca1446a2 sp=0x0000009bf92ff178 mode 2

Classes loaded (20 events):
Event: 168.446 Loading class java/util/BitSet
Event: 168.446 Loading class java/util/BitSet done
Event: 168.447 Loading class java/util/BitSet$1BitSetSpliterator
Event: 168.447 Loading class java/util/BitSet$1BitSetSpliterator done
Event: 168.447 Loading class java/util/stream/IntPipeline$Head
Event: 168.447 Loading class java/util/stream/IntPipeline
Event: 168.448 Loading class java/util/stream/IntPipeline done
Event: 168.448 Loading class java/util/stream/IntPipeline$Head done
Event: 168.450 Loading class java/util/stream/IntPipeline$1
Event: 168.450 Loading class java/util/stream/IntPipeline$1 done
Event: 168.450 Loading class java/util/stream/IntPipeline$1$1
Event: 168.450 Loading class java/util/stream/Sink$ChainedInt
Event: 168.450 Loading class java/util/stream/Sink$OfInt
Event: 168.450 Loading class java/util/stream/Sink$OfInt done
Event: 168.450 Loading class java/util/stream/Sink$ChainedInt done
Event: 168.450 Loading class java/util/stream/IntPipeline$1$1 done
Event: 296.497 Loading class java/io/EOFException
Event: 296.497 Loading class java/io/EOFException done
Event: 296.497 Loading class java/io/SequenceInputStream
Event: 296.497 Loading class java/io/SequenceInputStream done

Classes unloaded (0 events):
No events

Classes redefined (0 events):
No events

Internal exceptions (20 events):
Event: 1.263 Thread 0x000002921fde1f40 Exception <a 'java/lang/ClassNotFoundException'{0x0000000712733d40}: com/sun/javafx/scene/control/skin/resources/controls_pt_BR> (0x0000000712733d40) 
thrown [s\src\hotspot\share\prims\jni.cpp, line 539]
Event: 1.302 Thread 0x000002921fde1f40 Exception <a 'java/lang/NoSuchMethodError'{0x0000000712522798}: 'void java.lang.invoke.DirectMethodHandle$Holder.invokeSpecial(java.lang.Object, java.lang.Object, java.lang.Object, java.lang.Object, java.lang.Object, java.lang.Object)'> (0x0000000712522798) 
thrown [s\src\hotspot\share\interpreter\linkResolver.cpp, line 773]
Event: 1.378 Thread 0x000002921fde1f40 Exception <a 'java/lang/NoSuchMethodError'{0x0000000714800a10}: 'int java.lang.invoke.DirectMethodHandle$Holder.invokeSpecial(java.lang.Object, java.lang.Object, int)'> (0x0000000714800a10) 
thrown [s\src\hotspot\share\interpreter\linkResolver.cpp, line 773]
Event: 1.380 Thread 0x000002921fde1f40 Exception <a 'java/lang/NoSuchMethodError'{0x0000000714808508}: 'int java.lang.invoke.DirectMethodHandle$Holder.invokeSpecial(java.lang.Object, java.lang.Object, java.lang.Object, int)'> (0x0000000714808508) 
thrown [s\src\hotspot\share\interpreter\linkResolver.cpp, line 773]
Event: 1.382 Thread 0x000002921fde1f40 Exception <a 'java/lang/NoSuchMethodError'{0x000000071481a820}: 'java.lang.Object java.lang.invoke.DirectMethodHandle$Holder.invokeStatic(java.lang.Object, java.lang.Object, java.lang.Object, java.lang.Object, int)'> (0x000000071481a820) 
thrown [s\src\hotspot\share\interpreter\linkResolver.cpp, line 773]
Event: 1.383 Thread 0x000002921fde1f40 Exception <a 'java/lang/NoSuchMethodError'{0x0000000714822f48}: 'int java.lang.invoke.DirectMethodHandle$Holder.invokeSpecial(java.lang.Object, java.lang.Object, java.lang.Object)'> (0x0000000714822f48) 
thrown [s\src\hotspot\share\interpreter\linkResolver.cpp, line 773]
Event: 1.395 Thread 0x000002921fde1f40 Exception <a 'java/lang/NoSuchMethodError'{0x00000007148ec218}: 'java.lang.Object java.lang.invoke.DirectMethodHandle$Holder.newInvokeSpecial(java.lang.Object, java.lang.Object, int)'> (0x00000007148ec218) 
thrown [s\src\hotspot\share\interpreter\linkResolver.cpp, line 773]
Event: 1.464 Thread 0x000002921f936010 Exception <a 'java/lang/NoSuchMethodError'{0x00000007149ff7c0}: 'int java.lang.invoke.DirectMethodHandle$Holder.invokeStaticInit(java.lang.Object, java.lang.Object)'> (0x00000007149ff7c0) 
thrown [s\src\hotspot\share\interpreter\linkResolver.cpp, line 773]
Event: 1.472 Thread 0x000002921fde1f40 Exception <a 'java/lang/NoSuchMethodError'{0x00000007149b26e0}: 'long java.lang.invoke.DirectMethodHandle$Holder.invokeStatic(java.lang.Object, java.lang.Object, java.lang.Object)'> (0x00000007149b26e0) 
thrown [s\src\hotspot\share\interpreter\linkResolver.cpp, line 773]
Event: 1.472 Thread 0x000002921fde1f40 Exception <a 'java/lang/NoSuchMethodError'{0x00000007149b5da0}: 'long java.lang.invoke.DirectMethodHandle$Holder.invokeStaticInit(java.lang.Object, java.lang.Object, java.lang.Object)'> (0x00000007149b5da0) 
thrown [s\src\hotspot\share\interpreter\linkResolver.cpp, line 773]
Event: 1.477 Thread 0x000002921fde1f40 Exception <a 'java/lang/NoSuchMethodError'{0x00000007149cae80}: 'java.lang.Object java.lang.invoke.DirectMethodHandle$Holder.newInvokeSpecial(java.lang.Object, java.lang.Object, long)'> (0x00000007149cae80) 
thrown [s\src\hotspot\share\interpreter\linkResolver.cpp, line 773]
Event: 1.478 Thread 0x000002921fde1f40 Exception <a 'java/lang/NoSuchMethodError'{0x00000007149ce7d8}: 'java.lang.Object java.lang.invoke.Invokers$Holder.linkToTargetMethod(java.lang.Object, long, java.lang.Object)'> (0x00000007149ce7d8) 
thrown [s\src\hotspot\share\interpreter\linkResolver.cpp, line 773]
Event: 59.010 Thread 0x000002921fde1f40 Exception <a 'java/lang/NoSuchMethodError'{0x0000000713cc73f0}: 'java.lang.Object java.lang.invoke.DirectMethodHandle$Holder.newInvokeSpecial(java.lang.Object, java.lang.Object, java.lang.Object, java.lang.Object, java.lang.Object, java.lang.Object, java.lang.Object, java.lang.Object, java.lang.Object)'> (0x0000000713cc73f0) 
thrown [s\src\hotspot\share\interpreter\linkResolver.cpp, line 773]
Event: 74.544 Thread 0x000002921fde1f40 Implicit null exception at 0x00000291ca7c8516 to 0x00000291ca7c89e8
Event: 77.030 Thread 0x000002921fde1f40 Exception <a 'java/lang/NoSuchMethodError'{0x0000000713921a18}: 'java.lang.Object java.lang.invoke.DirectMethodHandle$Holder.newInvokeSpecial(java.lang.Object, java.lang.Object, int, int, int, int, int, java.lang.Object)'> (0x0000000713921a18) 
thrown [s\src\hotspot\share\interpreter\linkResolver.cpp, line 773]
Event: 77.034 Thread 0x000002921fde1f40 Exception <a 'java/lang/NoSuchMethodError'{0x0000000713933fc0}: 'java.lang.Object java.lang.invoke.DirectMethodHandle$Holder.newInvokeSpecial(java.lang.Object, java.lang.Object, java.lang.Object, int, int, int, int, int)'> (0x0000000713933fc0) 
thrown [s\src\hotspot\share\interpreter\linkResolver.cpp, line 773]
Event: 77.035 Thread 0x000002921fde1f40 Exception <a 'java/lang/NoSuchMethodError'{0x000000071393b6c0}: 'java.lang.Object java.lang.invoke.Invokers$Holder.linkToTargetMethod(java.lang.Object, java.lang.Object, int, int, int, int, int, java.lang.Object)'> (0x000000071393b6c0) 
thrown [s\src\hotspot\share\interpreter\linkResolver.cpp, line 773]
Event: 292.517 Thread 0x000002921fde1f40 Exception <a 'java/lang/NoSuchMethodError'{0x0000000711647088}: 'java.lang.Object java.lang.invoke.DirectMethodHandle$Holder.newInvokeSpecial(java.lang.Object, java.lang.Object, java.lang.Object, java.lang.Object, java.lang.Object, java.lang.Object, java.lang.Object, java.lang.Object)'> (0x0000000711647088) 
thrown [s\src\hotspot\share\interpreter\linkResolver.cpp, line 773]
Event: 430.521 Thread 0x000002921fde1f40 Exception <a 'java/lang/NoSuchMethodError'{0x0000000710bc42b8}: 'java.lang.Object java.lang.invoke.Invokers$Holder.linkToTargetMethod(java.lang.Object, java.lang.Object, int, java.lang.Object, java.lang.Object)'> (0x0000000710bc42b8) 
thrown [s\src\hotspot\share\interpreter\linkResolver.cpp, line 773]
Event: 450.989 Thread 0x000002921f936010 Exception <a 'java/lang/NoSuchMethodError'{0x0000000710726aa8}: 'java.lang.Object java.lang.invoke.DirectMethodHandle$Holder.invokeStaticInit(java.lang.Object, int)'> (0x0000000710726aa8) 
thrown [s\src\hotspot\share\interpreter\linkResolver.cpp, line 773]

ZGC Phase Switch (0 events):
No events

VM Operations (20 events):
Event: 448.751 Executing VM operation: Cleanup done
Event: 449.751 Executing VM operation: Cleanup
Event: 449.751 Executing VM operation: Cleanup done
Event: 450.751 Executing VM operation: Cleanup
Event: 450.751 Executing VM operation: Cleanup done
Event: 450.973 Executing VM operation: HandshakeAllThreads (Deoptimize)
Event: 450.973 Executing VM operation: HandshakeAllThreads (Deoptimize) done
Event: 451.973 Executing VM operation: Cleanup
Event: 451.973 Executing VM operation: Cleanup done
Event: 453.974 Executing VM operation: Cleanup
Event: 453.974 Executing VM operation: Cleanup done
Event: 454.974 Executing VM operation: Cleanup
Event: 454.974 Executing VM operation: Cleanup done
Event: 455.975 Executing VM operation: Cleanup
Event: 455.976 Executing VM operation: Cleanup done
Event: 459.977 Executing VM operation: Cleanup
Event: 459.977 Executing VM operation: Cleanup done
Event: 460.977 Executing VM operation: Cleanup
Event: 460.977 Executing VM operation: Cleanup done
Event: 461.288 Executing VM operation: Exit

Memory protections (0 events):
No events

Nmethod flushes (0 events):
No events

Events (20 events):
Event: 168.581 Thread 0x00000291d9c23290 Thread added: 0x000002921f1c99c0
Event: 173.863 Thread 0x000002921f1c99c0 Thread exited: 0x000002921f1c99c0
Event: 173.954 Thread 0x000002921f920850 Thread exited: 0x000002921f920850
Event: 282.002 Thread 0x00000291d9c23290 Thread added: 0x000002921f1c99c0
Event: 282.600 Thread 0x000002921f1c99c0 Thread exited: 0x000002921f1c99c0
Event: 282.619 Thread 0x00000291d9c23290 Thread added: 0x000002921f1c99c0
Event: 286.312 Thread 0x000002921f1c99c0 Thread exited: 0x000002921f1c99c0
Event: 292.534 Thread 0x00000291d9c23290 Thread added: 0x000002921f1c99c0
Event: 292.879 Thread 0x000002921f1c99c0 Thread exited: 0x000002921f1c99c0
Event: 427.754 Thread 0x00000291d9c22320 Thread added: 0x0000029226378f10
Event: 428.626 Thread 0x0000029226378f10 Thread exited: 0x0000029226378f10
Event: 450.986 Thread 0x00000291d9c23290 Thread added: 0x0000029226125850
Event: 451.182 Thread 0x0000029226125850 Thread exited: 0x0000029226125850
Event: 460.034 Thread 0x00000291d9c23290 Thread added: 0x0000029226125850
Event: 461.280 Thread 0x0000029226125850 Thread exited: 0x0000029226125850
Event: 461.283 Thread 0x000002921fde1f40 Thread added: 0x000002921fa2bb60
Event: 461.284 Thread 0x000002921fde1f40 Thread added: 0x000002921fa2c1f0
Event: 461.286 Thread 0x000002921fa2bb60 Thread exited: 0x000002921fa2bb60
Event: 461.287 Thread 0x000002921fa2c1f0 Thread exited: 0x000002921fa2c1f0
Event: 461.287 Thread 0x000002921fde1f40 Before exit entered


Dynamic libraries:
0x00007ff78e030000 - 0x00007ff78e03e000 	C:\Users\gabri\.jdks\corretto-21.0.6\bin\java.exe
0x00007ff9ecfe0000 - 0x00007ff9ed246000 	C:\WINDOWS\SYSTEM32\ntdll.dll
0x00007ff9eb5a0000 - 0x00007ff9eb669000 	C:\WINDOWS\System32\KERNEL32.DLL
0x00007ff9ea2c0000 - 0x00007ff9ea68c000 	C:\WINDOWS\System32\KERNELBASE.dll
0x00007ff9ea910000 - 0x00007ff9eaa5b000 	C:\WINDOWS\System32\ucrtbase.dll
0x00007ff9e66c0000 - 0x00007ff9e66d8000 	C:\Users\gabri\.jdks\corretto-21.0.6\bin\jli.dll
0x00007ff9e4580000 - 0x00007ff9e459b000 	C:\Users\gabri\.jdks\corretto-21.0.6\bin\VCRUNTIME140.dll
0x00007ff9ec670000 - 0x00007ff9ec83a000 	C:\WINDOWS\System32\USER32.dll
0x00007ff9cbf90000 - 0x00007ff9cc22a000 	C:\WINDOWS\WinSxS\amd64_microsoft.windows.common-controls_6595b64144ccf1df_6.0.26100.3912_none_3e07963ce335137e\COMCTL32.dll
0x00007ff9eaca0000 - 0x00007ff9eacc7000 	C:\WINDOWS\System32\win32u.dll
0x00007ff9ebc10000 - 0x00007ff9ebcb9000 	C:\WINDOWS\System32\msvcrt.dll
0x00007ff9eb330000 - 0x00007ff9eb35b000 	C:\WINDOWS\System32\GDI32.dll
0x00007ff9ea720000 - 0x00007ff9ea852000 	C:\WINDOWS\System32\gdi32full.dll
0x00007ff9ea860000 - 0x00007ff9ea903000 	C:\WINDOWS\System32\msvcp_win.dll
0x00007ff9eb670000 - 0x00007ff9eb6a0000 	C:\WINDOWS\System32\IMM32.DLL
0x00007ff9e67a0000 - 0x00007ff9e67ac000 	C:\Users\gabri\.jdks\corretto-21.0.6\bin\vcruntime140_1.dll
0x00007ff9d4e50000 - 0x00007ff9d4edd000 	C:\Users\gabri\.jdks\corretto-21.0.6\bin\msvcp140.dll
0x00007ff99ce90000 - 0x00007ff99dc2f000 	C:\Users\gabri\.jdks\corretto-21.0.6\bin\server\jvm.dll
0x00007ff9eb4e0000 - 0x00007ff9eb592000 	C:\WINDOWS\System32\ADVAPI32.dll
0x00007ff9ec130000 - 0x00007ff9ec1d6000 	C:\WINDOWS\System32\sechost.dll
0x00007ff9eb8b0000 - 0x00007ff9eb9c6000 	C:\WINDOWS\System32\RPCRT4.dll
0x00007ff9eb360000 - 0x00007ff9eb3d4000 	C:\WINDOWS\System32\WS2_32.dll
0x00007ff9e9f90000 - 0x00007ff9e9fee000 	C:\WINDOWS\SYSTEM32\POWRPROF.dll
0x00007ff9d5060000 - 0x00007ff9d506b000 	C:\WINDOWS\SYSTEM32\VERSION.dll
0x00007ff9e6950000 - 0x00007ff9e6986000 	C:\WINDOWS\SYSTEM32\WINMM.dll
0x00007ff9e9f70000 - 0x00007ff9e9f84000 	C:\WINDOWS\SYSTEM32\UMPDC.dll
0x00007ff9e8f00000 - 0x00007ff9e8f1a000 	C:\WINDOWS\SYSTEM32\kernel.appcore.dll
0x00007ff9e4830000 - 0x00007ff9e483a000 	C:\Users\gabri\.jdks\corretto-21.0.6\bin\jimage.dll
0x00007ff9e77c0000 - 0x00007ff9e7a01000 	C:\WINDOWS\SYSTEM32\DBGHELP.DLL
0x00007ff9ead70000 - 0x00007ff9eb0f4000 	C:\WINDOWS\System32\combase.dll
0x00007ff9ebf70000 - 0x00007ff9ec050000 	C:\WINDOWS\System32\OLEAUT32.dll
0x00007ff9c4430000 - 0x00007ff9c4469000 	C:\WINDOWS\SYSTEM32\dbgcore.DLL
0x00007ff9eacd0000 - 0x00007ff9ead69000 	C:\WINDOWS\System32\bcryptPrimitives.dll
0x00007ff9d9090000 - 0x00007ff9d909e000 	C:\Users\gabri\.jdks\corretto-21.0.6\bin\instrument.dll
0x00007ff9d90f0000 - 0x00007ff9d910f000 	C:\Users\gabri\.jdks\corretto-21.0.6\bin\java.dll
0x00007ff9ec840000 - 0x00007ff9ecf6d000 	C:\WINDOWS\System32\SHELL32.dll
0x00007ff9eab20000 - 0x00007ff9eac94000 	C:\WINDOWS\System32\wintypes.dll
0x00007ff9e7d80000 - 0x00007ff9e85d6000 	C:\WINDOWS\SYSTEM32\windows.storage.dll
0x00007ff9eb3e0000 - 0x00007ff9eb4cf000 	C:\WINDOWS\System32\SHCORE.dll
0x00007ff9ec060000 - 0x00007ff9ec0c9000 	C:\WINDOWS\System32\shlwapi.dll
0x00007ff9ea050000 - 0x00007ff9ea07f000 	C:\WINDOWS\SYSTEM32\profapi.dll
0x00007ff9d4b10000 - 0x00007ff9d4be7000 	C:\Users\gabri\.jdks\corretto-21.0.6\bin\jsvml.dll
0x00007ff9d9060000 - 0x00007ff9d9070000 	C:\Users\gabri\.jdks\corretto-21.0.6\bin\net.dll
0x00007ff9d8950000 - 0x00007ff9d8a6e000 	C:\WINDOWS\SYSTEM32\WINHTTP.dll
0x00007ff9e9470000 - 0x00007ff9e94da000 	C:\WINDOWS\system32\mswsock.dll
0x00007ff9d8560000 - 0x00007ff9d8576000 	C:\Users\gabri\.jdks\corretto-21.0.6\bin\nio.dll
0x00007ff9d8470000 - 0x00007ff9d8488000 	C:\Users\gabri\.jdks\corretto-21.0.6\bin\zip.dll
0x00000291b9c80000 - 0x00000291b9c83000 	C:\Users\gabri\.openjfx\cache\21+31\amd64\api-ms-win-core-console-l1-1-0.dll
0x00000291ba470000 - 0x00000291ba473000 	C:\Users\gabri\.openjfx\cache\21+31\amd64\api-ms-win-core-console-l1-2-0.dll
0x00000291ba480000 - 0x00000291ba483000 	C:\Users\gabri\.openjfx\cache\21+31\amd64\api-ms-win-core-datetime-l1-1-0.dll
0x00000291ba490000 - 0x00000291ba493000 	C:\Users\gabri\.openjfx\cache\21+31\amd64\api-ms-win-core-debug-l1-1-0.dll
0x00000291d9c40000 - 0x00000291d9c43000 	C:\Users\gabri\.openjfx\cache\21+31\amd64\api-ms-win-core-errorhandling-l1-1-0.dll
0x00000291d9c50000 - 0x00000291d9c54000 	C:\Users\gabri\.openjfx\cache\21+31\amd64\api-ms-win-core-file-l1-1-0.dll
0x00000291d9c60000 - 0x00000291d9c63000 	C:\Users\gabri\.openjfx\cache\21+31\amd64\api-ms-win-core-file-l1-2-0.dll
0x00000291d9c70000 - 0x00000291d9c73000 	C:\Users\gabri\.openjfx\cache\21+31\amd64\api-ms-win-core-file-l2-1-0.dll
0x00000291d9c80000 - 0x00000291d9c83000 	C:\Users\gabri\.openjfx\cache\21+31\amd64\api-ms-win-core-handle-l1-1-0.dll
0x00000291d9c90000 - 0x00000291d9c93000 	C:\Users\gabri\.openjfx\cache\21+31\amd64\api-ms-win-core-heap-l1-1-0.dll
0x00000291d9ca0000 - 0x00000291d9ca3000 	C:\Users\gabri\.openjfx\cache\21+31\amd64\api-ms-win-core-interlocked-l1-1-0.dll
0x00000291d9cb0000 - 0x00000291d9cb3000 	C:\Users\gabri\.openjfx\cache\21+31\amd64\api-ms-win-core-libraryloader-l1-1-0.dll
0x00000291d9cc0000 - 0x00000291d9cc3000 	C:\Users\gabri\.openjfx\cache\21+31\amd64\api-ms-win-core-localization-l1-2-0.dll
0x00000291d9cd0000 - 0x00000291d9cd3000 	C:\Users\gabri\.openjfx\cache\21+31\amd64\api-ms-win-core-memory-l1-1-0.dll
0x00000291d9ce0000 - 0x00000291d9ce3000 	C:\Users\gabri\.openjfx\cache\21+31\amd64\api-ms-win-core-namedpipe-l1-1-0.dll
0x00000291d9cf0000 - 0x00000291d9cf3000 	C:\Users\gabri\.openjfx\cache\21+31\amd64\api-ms-win-core-processenvironment-l1-1-0.dll
0x00000291d9d00000 - 0x00000291d9d03000 	C:\Users\gabri\.openjfx\cache\21+31\amd64\api-ms-win-core-processthreads-l1-1-0.dll
0x00000291d9d10000 - 0x00000291d9d13000 	C:\Users\gabri\.openjfx\cache\21+31\amd64\api-ms-win-core-processthreads-l1-1-1.dll
0x00000291d9d20000 - 0x00000291d9d23000 	C:\Users\gabri\.openjfx\cache\21+31\amd64\api-ms-win-core-profile-l1-1-0.dll
0x00000291d9d30000 - 0x00000291d9d33000 	C:\Users\gabri\.openjfx\cache\21+31\amd64\api-ms-win-core-rtlsupport-l1-1-0.dll
0x00000291d9d40000 - 0x00000291d9d43000 	C:\Users\gabri\.openjfx\cache\21+31\amd64\api-ms-win-core-string-l1-1-0.dll
0x00000291d9d50000 - 0x00000291d9d53000 	C:\Users\gabri\.openjfx\cache\21+31\amd64\api-ms-win-core-synch-l1-1-0.dll
0x00000291d9d60000 - 0x00000291d9d63000 	C:\Users\gabri\.openjfx\cache\21+31\amd64\api-ms-win-core-synch-l1-2-0.dll
0x00000291d9d70000 - 0x00000291d9d73000 	C:\Users\gabri\.openjfx\cache\21+31\amd64\api-ms-win-core-sysinfo-l1-1-0.dll
0x00000291d9d80000 - 0x00000291d9d83000 	C:\Users\gabri\.openjfx\cache\21+31\amd64\api-ms-win-core-timezone-l1-1-0.dll
0x00000291d9d90000 - 0x00000291d9d93000 	C:\Users\gabri\.openjfx\cache\21+31\amd64\api-ms-win-core-util-l1-1-0.dll
0x00000291d9da0000 - 0x00000291d9da3000 	C:\Users\gabri\.openjfx\cache\21+31\amd64\api-ms-win-crt-conio-l1-1-0.dll
0x00000291d9db0000 - 0x00000291d9db4000 	C:\Users\gabri\.openjfx\cache\21+31\amd64\api-ms-win-crt-convert-l1-1-0.dll
0x00000291d9dc0000 - 0x00000291d9dc3000 	C:\Users\gabri\.openjfx\cache\21+31\amd64\api-ms-win-crt-environment-l1-1-0.dll
0x00000291d9dd0000 - 0x00000291d9dd3000 	C:\Users\gabri\.openjfx\cache\21+31\amd64\api-ms-win-crt-filesystem-l1-1-0.dll
0x00000291d9de0000 - 0x00000291d9de3000 	C:\Users\gabri\.openjfx\cache\21+31\amd64\api-ms-win-crt-heap-l1-1-0.dll
0x00000291d9df0000 - 0x00000291d9df3000 	C:\Users\gabri\.openjfx\cache\21+31\amd64\api-ms-win-crt-locale-l1-1-0.dll
0x00000291d9e00000 - 0x00000291d9e05000 	C:\Users\gabri\.openjfx\cache\21+31\amd64\api-ms-win-crt-math-l1-1-0.dll
0x00000291d9e10000 - 0x00000291d9e15000 	C:\Users\gabri\.openjfx\cache\21+31\amd64\api-ms-win-crt-multibyte-l1-1-0.dll
0x00000291d9e20000 - 0x00000291d9e30000 	C:\Users\gabri\.openjfx\cache\21+31\amd64\api-ms-win-crt-private-l1-1-0.dll
0x00000291d9e30000 - 0x00000291d9e33000 	C:\Users\gabri\.openjfx\cache\21+31\amd64\api-ms-win-crt-process-l1-1-0.dll
0x00000291d9e40000 - 0x00000291d9e44000 	C:\Users\gabri\.openjfx\cache\21+31\amd64\api-ms-win-crt-runtime-l1-1-0.dll
0x00000291d9e50000 - 0x00000291d9e54000 	C:\Users\gabri\.openjfx\cache\21+31\amd64\api-ms-win-crt-stdio-l1-1-0.dll
0x00000291d9e60000 - 0x00000291d9e64000 	C:\Users\gabri\.openjfx\cache\21+31\amd64\api-ms-win-crt-string-l1-1-0.dll
0x00000291d9e70000 - 0x00000291d9e73000 	C:\Users\gabri\.openjfx\cache\21+31\amd64\api-ms-win-crt-time-l1-1-0.dll
0x00000291d9e80000 - 0x00000291d9e83000 	C:\Users\gabri\.openjfx\cache\21+31\amd64\api-ms-win-crt-utility-l1-1-0.dll
0x00007ff9a5fe0000 - 0x00007ff9a60dc000 	C:\Users\gabri\.openjfx\cache\21+31\amd64\ucrtbase.dll
0x00007ff9d57a0000 - 0x00007ff9d57bb000 	C:\Users\gabri\.openjfx\cache\21+31\amd64\vcruntime140.dll
0x00007ff9d5870000 - 0x00007ff9d587c000 	C:\Users\gabri\.openjfx\cache\21+31\amd64\vcruntime140_1.dll
0x00007ff9a5f50000 - 0x00007ff9a5fde000 	C:\Users\gabri\.openjfx\cache\21+31\amd64\msvcp140.dll
0x00007ff9eba60000 - 0x00007ff9ebbff000 	C:\WINDOWS\System32\ole32.dll
0x00007ff9d5790000 - 0x00007ff9d5799000 	C:\Users\gabri\.openjfx\cache\21+31\amd64\msvcp140_1.dll
0x00007ff9d4320000 - 0x00007ff9d434f000 	C:\Users\gabri\.openjfx\cache\21+31\amd64\msvcp140_2.dll
0x00007ff9d3320000 - 0x00007ff9d334f000 	C:\Users\gabri\.openjfx\cache\21+31\amd64\prism_d3d.dll
0x00007ff993870000 - 0x00007ff993a25000 	C:\WINDOWS\system32\d3d9.dll
0x00007ff9e7170000 - 0x00007ff9e71a6000 	C:\WINDOWS\SYSTEM32\dwmapi.dll
0x00007ff9e71c0000 - 0x00007ff9e7207000 	C:\WINDOWS\SYSTEM32\dxcore.dll
0x00007ff9e6e30000 - 0x00007ff9e6edf000 	C:\WINDOWS\system32\uxtheme.dll
0x00007ff977c60000 - 0x00007ff977eee000 	C:\WINDOWS\System32\DriverStore\FileRepository\iigd_dch.inf_amd64_de4d8dbdd2d25cdd\igdumdim64.dll
0x00007ff968ba0000 - 0x00007ff96a139000 	C:\WINDOWS\System32\DriverStore\FileRepository\iigd_dch.inf_amd64_de4d8dbdd2d25cdd\igd9trinity64.dll
0x00007ff9e6ff0000 - 0x00007ff9e7123000 	C:\WINDOWS\system32\dxgi.dll
0x00007ff9e6f80000 - 0x00007ff9e6fe0000 	C:\WINDOWS\SYSTEM32\directxdatabasehelper.dll
0x00007ff9e9c90000 - 0x00007ff9e9ce7000 	C:\WINDOWS\SYSTEM32\cfgmgr32.dll
0x00007ff9de290000 - 0x00007ff9de6d2000 	C:\WINDOWS\System32\DriverStore\FileRepository\iigd_dch.inf_amd64_de4d8dbdd2d25cdd\igdgmm64.dll
0x00007ff9de900000 - 0x00007ff9de926000 	C:\WINDOWS\System32\DriverStore\FileRepository\iigd_dch.inf_amd64_de4d8dbdd2d25cdd\igc64.dll
0x00007ff94d910000 - 0x00007ff94d95e000 	C:\WINDOWS\SYSTEM32\ControlLib.dll
0x00007ff9a6cf0000 - 0x00007ff9a6d91000 	C:\WINDOWS\System32\DriverStore\FileRepository\iigd_dch.inf_amd64_de4d8dbdd2d25cdd\IntelControlLib.dll
0x00007ff94fb70000 - 0x00007ff9510a7000 	C:\WINDOWS\System32\DriverStore\FileRepository\iigd_dch.inf_amd64_de4d8dbdd2d25cdd\igd9dxva64.dll
0x00007ff9ec1e0000 - 0x00007ff9ec666000 	C:\WINDOWS\System32\SETUPAPI.dll
0x00007ff9ce7c0000 - 0x00007ff9d04ee000 	C:\WINDOWS\System32\DriverStore\FileRepository\iigd_dch.inf_amd64_de4d8dbdd2d25cdd\media_bin_64.dll
0x00007ff9cd400000 - 0x00007ff9cd442000 	C:\Users\gabri\.openjfx\cache\21+31\amd64\glass.dll
0x00007ff9ebcf0000 - 0x00007ff9ebde4000 	C:\WINDOWS\System32\COMDLG32.dll
0x00007ff9eb6b0000 - 0x00007ff9eb80f000 	C:\WINDOWS\System32\MSCTF.dll
0x00007ff9d9420000 - 0x00007ff9ddc72000 	C:\WINDOWS\System32\DriverStore\FileRepository\iigd_dch.inf_amd64_de4d8dbdd2d25cdd\igc-default64.dll
0x00007ff9777a0000 - 0x00007ff9778e4000 	C:\WINDOWS\System32\DriverStore\FileRepository\iigd_dch.inf_amd64_de4d8dbdd2d25cdd\igdml64.dll
0x00007ff9d5070000 - 0x00007ff9d5099000 	C:\WINDOWS\System32\DriverStore\FileRepository\iigd_dch.inf_amd64_de4d8dbdd2d25cdd\igdinfo64.dll
0x00007ff9d55e0000 - 0x00007ff9d55f4000 	C:\Users\gabri\.openjfx\cache\21+31\amd64\javafx_font.dll
0x00007ff9e5230000 - 0x00007ff9e5499000 	C:\WINDOWS\SYSTEM32\dwrite.dll
0x00007ff9ebdf0000 - 0x00007ff9ebe98000 	C:\WINDOWS\System32\clbcatq.dll
0x00007ff9e4ff0000 - 0x00007ff9e522a000 	C:\WINDOWS\SYSTEM32\WindowsCodecs.dll
0x00007ff9cd640000 - 0x00007ff9cd69a000 	C:\WINDOWS\system32\dataexchange.dll
0x00007ff9d78a0000 - 0x00007ff9d7adc000 	C:\WINDOWS\system32\twinapi.appcore.dll
0x00007ff9d3250000 - 0x00007ff9d327c000 	C:\Program Files\Common Files\Microsoft Shared\Ink\rtscom.dll
0x00007ff9d2370000 - 0x00007ff9d24bd000 	C:\WINDOWS\SYSTEM32\textinputframework.dll
0x00007ff9e63f0000 - 0x00007ff9e6516000 	C:\WINDOWS\SYSTEM32\CoreMessaging.dll
0x00007ff9e04f0000 - 0x00007ff9e07d3000 	C:\WINDOWS\SYSTEM32\CoreUIComponents.dll

dbghelp: loaded successfully - version: 4.0.5 - missing functions: none
symbol engine: initialized successfully - sym options: 0x614 - pdb path: .;C:\Users\gabri\.jdks\corretto-21.0.6\bin;C:\WINDOWS\SYSTEM32;C:\WINDOWS\WinSxS\amd64_microsoft.windows.common-controls_6595b64144ccf1df_6.0.26100.3912_none_3e07963ce335137e;C:\Users\gabri\.jdks\corretto-21.0.6\bin\server;C:\Users\gabri\.openjfx\cache\21+31\amd64;C:\WINDOWS\System32\DriverStore\FileRepository\iigd_dch.inf_amd64_de4d8dbdd2d25cdd;C:\Program Files\Common Files\Microsoft Shared\Ink

VM Arguments:
jvm_args: -javaagent:C:\Program Files\JetBrains\IntelliJ IDEA Community Edition 2024.3.3\lib\idea_rt.jar=62747 -Dfile.encoding=UTF-8 -Dsun.stdout.encoding=UTF-8 -Dsun.stderr.encoding=UTF-8 --module-path=C:\Users\gabri\.m2\repository\org\openjfx\javafx-fxml\21\javafx-fxml-21-win.jar;C:\Users\gabri\.m2\repository\org\openjfx\javafx-graphics\21\javafx-graphics-21-win.jar;C:\workspace - intellij\Aula_OOP\Pojeto_OOP\Projeto_JavaFX\target\classes;C:\Users\gabri\.m2\repository\org\openjfx\javafx-base\21\javafx-base-21-win.jar;C:\Users\gabri\.m2\repository\org\openjfx\javafx-controls\21\javafx-controls-21-win.jar;C:\Users\gabri\.m2\repository\org\kordamp\bootstrapfx\bootstrapfx-core\0.4.0\bootstrapfx-core-0.4.0.jar;C:\Users\gabri\.m2\repository\org\controlsfx\controlsfx\11.2.1\controlsfx-11.2.1.jar -Djdk.module.main=com.example.demo 
java_command: com.example.demo/com.example.demo.MainApp
java_class_path (initial): C:\Users\gabri\.m2\repository\org\openjfx\javafx-controls\21\javafx-controls-21.jar;C:\Users\gabri\.m2\repository\org\openjfx\javafx-graphics\21\javafx-graphics-21.jar;C:\Users\gabri\.m2\repository\org\openjfx\javafx-base\21\javafx-base-21.jar;C:\Users\gabri\.m2\repository\org\openjfx\javafx-fxml\21\javafx-fxml-21.jar
Launcher Type: SUN_STANDARD

[Global flags]
     intx CICompilerCount                          = 4                                         {product} {ergonomic}
     uint ConcGCThreads                            = 3                                         {product} {ergonomic}
     uint G1ConcRefinementThreads                  = 10                                        {product} {ergonomic}
   size_t G1HeapRegionSize                         = 2097152                                   {product} {ergonomic}
    uintx GCDrainStackTargetSize                   = 64                                        {product} {ergonomic}
   size_t InitialHeapSize                          = 264241152                                 {product} {ergonomic}
   size_t MarkStackSize                            = 4194304                                   {product} {ergonomic}
   size_t MaxHeapSize                              = 4213178368                                {product} {ergonomic}
   size_t MaxNewSize                               = 2527068160                                {product} {ergonomic}
   size_t MinHeapDeltaBytes                        = 2097152                                   {product} {ergonomic}
   size_t MinHeapSize                              = 8388608                                   {product} {ergonomic}
    uintx NonNMethodCodeHeapSize                   = 5839372                                {pd product} {ergonomic}
    uintx NonProfiledCodeHeapSize                  = 122909434                              {pd product} {ergonomic}
    uintx ProfiledCodeHeapSize                     = 122909434                              {pd product} {ergonomic}
    uintx ReservedCodeCacheSize                    = 251658240                              {pd product} {ergonomic}
     bool SegmentedCodeCache                       = true                                      {product} {ergonomic}
   size_t SoftMaxHeapSize                          = 4213178368                             {manageable} {ergonomic}
     bool UseCompressedOops                        = true                           {product lp64_product} {ergonomic}
     bool UseG1GC                                  = true                                      {product} {ergonomic}
     bool UseLargePagesIndividualAllocation        = false                                  {pd product} {ergonomic}

Logging:
Log output configuration:
 #0: stdout all=off uptime,level,tags foldmultilines=false
 #1: stderr all=off uptime,level,tags foldmultilines=false

Environment Variables:
JAVA_HOME=C:\Program Files\Java\zulu17.56.15-ca-jdk17.0.14-win_i686
PATH=C:\Program Files\Java\zulu17.56.15-ca-jdk17.0.14-win_i686\bin;C:\Users\gabri\AppData\Local\Programs\Python\Python312\Scripts\;C:\Users\gabri\AppData\Local\Programs\Python\Python312\;C:\WINDOWS\system32;C:\WINDOWS;C:\WINDOWS\System32\Wbem;C:\WINDOWS\System32\WindowsPowerShell\v1.0\;C:\WINDOWS\System32\OpenSSH\;C:\Program Files\dotnet\;C:\xampp\php;C:\php;C:\Program Files\nodejs\;C:\ProgramData\chocolatey\bin;C:\Program Files\Git\cmd;C:\ProgramData\ComposerSetup\bin;C:\Program Files\MySQL\MySQL Shell 8.0\bin\;C:\Users\gabri\AppData\Local\Microsoft\WindowsApps;C:\Users\gabri\AppData\Local\Programs\Microsoft VS Code\bin;C:\Users\gabri\AppData\Local\GitHubDesktop\bin;C:\Users\gabri\AppData\Roaming\npm;C:\Users\gabri\AppData\Local\Programs\cursor\resources\app\bin;C:\Users\gabri\AppData\Roaming\Composer\vendor\bin
USERNAME=gabri
OS=Windows_NT
PROCESSOR_IDENTIFIER=Intel64 Family 6 Model 154 Stepping 4, GenuineIntel
TMP=C:\Users\gabri\AppData\Local\Temp
TEMP=C:\Users\gabri\AppData\Local\Temp




Periodic native trim disabled

---------------  S Y S T E M  ---------------

OS:
 Windows 11 , 64 bit Build 26100 (10.0.26100.3912)
OS uptime: 9 days 1:01 hours
Hyper-V role detected

CPU: total 12 (initial active 12) (6 cores per cpu, 2 threads per core) family 6 model 154 stepping 4 microcode 0x435, cx8, cmov, fxsr, ht, mmx, 3dnowpref, sse, sse2, sse3, ssse3, sse4.1, sse4.2, popcnt, lzcnt, tsc, tscinvbit, avx, avx2, aes, erms, clmul, bmi1, bmi2, adx, sha, fma, vzeroupper, clflush, clflushopt, clwb, hv, serialize, rdtscp, rdpid, fsrm, f16c, cet_ibt, cet_ss
Processor Information for the first 12 processors :
  Max Mhz: 1300, Current Mhz: 1300, Mhz Limit: 1300

Memory: 4k page, system-wide physical 16068M (4692M free)
TotalPageFile size 18500M (AvailPageFile size 3607M)
current process WorkingSet (physical memory assigned to process): 334M, peak: 335M
current process commit charge ("private bytes"): 553M, peak: 565M

vm_info: OpenJDK 64-Bit Server VM (21.0.6+7-LTS) for windows-amd64 JRE (21.0.6+7-LTS), built on 2025-01-07T23:42:01Z by "Administrator" with MS VC++ 16.10 / 16.11 (VS2019)

END.
