#
# A fatal error has been detected by the Java Runtime Environment:
#
#  EXCEPTION_ACCESS_VIOLATION (0xc0000005) at pc=0x00007ff9d3016587, pid=22080, tid=7416
#
# JRE version: OpenJDK Runtime Environment Corretto-21.0.6.7.1 (21.0.6+7) (build 21.0.6+7-LTS)
# Java VM: OpenJDK 64-Bit Server VM Corretto-21.0.6.7.1 (21.0.6+7-LTS, mixed mode, sharing, tiered, compressed oops, compressed class ptrs, g1 gc, windows-amd64)
# Problematic frame:
# C  [glass.dll+0x26587]
#
# No core dump will be written. Minidumps are not enabled by default on client versions of Windows
#
# If you would like to submit a bug report, please visit:
#   https://github.com/corretto/corretto-21/issues/
#

---------------  S U M M A R Y ------------

Command Line: -javaagent:C:\Program Files\JetBrains\IntelliJ IDEA Community Edition 2024.3.3\lib\idea_rt.jar=61920 -Dfile.encoding=UTF-8 -Dsun.stdout.encoding=UTF-8 -Dsun.stderr.encoding=UTF-8 --module-path=C:\workspace - intellij\Aula_OOP\Pojeto_OOP\Projeto_JavaFX\target\classes;C:\Users\gabri\.m2\repository\org\controlsfx\controlsfx\11.2.1\controlsfx-11.2.1.jar;C:\Users\gabri\.m2\repository\org\kordamp\bootstrapfx\bootstrapfx-core\0.4.0\bootstrapfx-core-0.4.0.jar;C:\Users\gabri\.m2\repository\org\openjfx\javafx-graphics\21\javafx-graphics-21-win.jar;C:\Users\gabri\.m2\repository\org\openjfx\javafx-fxml\21\javafx-fxml-21-win.jar;C:\Users\gabri\.m2\repository\org\openjfx\javafx-controls\21\javafx-controls-21-win.jar;C:\Users\gabri\.m2\repository\org\openjfx\javafx-base\21\javafx-base-21-win.jar -Djdk.module.main=com.example.demo com.example.demo/com.example.demo.MainApp

Host: 12th Gen Intel(R) Core(TM) i5-1235U, 12 cores, 15G,  Windows 11 , 64 bit Build 26100 (10.0.26100.3912)
Time: Fri Jun 13 18:16:57 2025 Hora oficial do Brasil elapsed time: 1293.899739 seconds (0d 0h 21m 33s)

---------------  T H R E A D  ---------------

Current thread (0x00000231eda00800):  VMThread "VM Thread"          [id=7416, stack(0x000000c806200000,0x000000c806300000) (1024K)]

Stack: [0x000000c806200000,0x000000c806300000],  sp=0x000000c8062ff020,  free space=1020k
Native frames: (J=compiled Java code, j=interpreted, Vv=VM code, C=native code)
C  [glass.dll+0x26587]


siginfo: EXCEPTION_ACCESS_VIOLATION (0xc0000005), reading address 0x0000000000000000


Registers:
RAX=0x0000000000000000, RBX=0x00000231eda107ea, RCX=0x00000231eda00800, RDX=0x000000c8062ff020
RSP=0x000000c8062ff020, RBP=0x0000fe9390b7cf4a, RSI=0x00000231f2aaa708, RDI=0x00000231f2aaa6e0
R8 =0x0000000000010002, R9 =0x0000fe9390b7cf4a, R10=0x00000231cbd80000, R11=0x000000c8062ff108
R12=0x00007ff9d2ff0000, R13=0x000000007ffe0385, R14=0x000000c8062ff128, R15=0x00000231f2aaa6e0
RIP=0x00007ff9d3016587, EFLAGS=0x0000000000010206

XMM[0]=0x0000000000000000 0x0000000000000000
XMM[1]=0x0000000000000000 0x0000000000000000
XMM[2]=0x0000000000000000 0x0000000000000000
XMM[3]=0x0000000000000000 0x0000000000000000
XMM[4]=0x0000000000000000 0x0000000000000000
XMM[5]=0x0000000000000000 0x0000000000000000
XMM[6]=0x0000000000000000 0x0000000000000000
XMM[7]=0x0000000000000000 0x404e000000000000
XMM[8]=0x0000000000000000 0x0000000000000000
XMM[9]=0x0000000000000000 0x0000000000000000
XMM[10]=0x0000000000000000 0x0000000000000000
XMM[11]=0x0000000000000000 0x0000000000000000
XMM[12]=0x0000000000000000 0x0000000000000000
XMM[13]=0x0000000000000000 0x0000000000000000
XMM[14]=0x0000000000000000 0x0000000000000000
XMM[15]=0x0000000000000000 0x0000000000000000
  MXCSR=0x00001fa1


Register to memory mapping:

RAX=0x0 is null
RBX=0x00000231eda107ea is a global jni handle
RCX=0x00000231eda00800 points into unknown readable memory: 0x00007ff982b74ca0 | a0 4c b7 82 f9 7f 00 00
RDX=0x000000c8062ff020 points into unknown readable memory: 0x0000000000000000 | 00 00 00 00 00 00 00 00
RSP=0x000000c8062ff020 points into unknown readable memory: 0x0000000000000000 | 00 00 00 00 00 00 00 00
RBP=0x0000fe9390b7cf4a is an unknown value
RSI=0x00000231f2aaa708 points into unknown readable memory: 0x0000fe9390b7cf4a | 4a cf b7 90 93 fe 00 00
RDI=0x00000231f2aaa6e0 points into unknown readable memory: 0x01ff19df94506f4a | 4a 6f 50 94 df 19 ff 01
R8 =0x0000000000010002 is an unknown value
R9 =0x0000fe9390b7cf4a is an unknown value
R10=0x00000231cbd80000 points into unknown readable memory: 0x0000000000000000 | 00 00 00 00 00 00 00 00
R11=0x000000c8062ff108 points into unknown readable memory: 0x00007ff9d3013d5d | 5d 3d 01 d3 f9 7f 00 00
R12=0x00007ff9d2ff0000 glass.dll
R13=0x000000007ffe0385 points into unknown readable memory: 00 00 00
R14=0x000000c8062ff128 points into unknown readable memory: 0x000000c8062ff110 | 10 f1 2f 06 c8 00 00 00
R15=0x00000231f2aaa6e0 points into unknown readable memory: 0x01ff19df94506f4a | 4a 6f 50 94 df 19 ff 01

Top of Stack: (sp=0x000000c8062ff020)
0x000000c8062ff020:   0000000000000000 0000023100000000
0x000000c8062ff030:   00000231f2ab1c80 00007ff9d2ff0000
0x000000c8062ff040:   00000231f2aaa6e8 00007ff9ea95bc75
0x000000c8062ff050:   00000231f2aaa6e0 0000023100000000
0x000000c8062ff060:   00000231f2aaa700 0000fe9390b7cf4a
0x000000c8062ff070:   fffffffffffffffe 00007ff9ea3c8deb
0x000000c8062ff080:   0000000000000000 00007ff9d2ff0000
0x000000c8062ff090:   000000c8062ff118 00007ff9ea95b897
0x000000c8062ff0a0:   000000c8062ff100 000000c8062ff128
0x000000c8062ff0b0:   000000c8062ff650 00007ff9eaa488c0
0x000000c8062ff0c0:   0000000000000001 00007ff9ea95b84d
0x000000c8062ff0d0:   0000000000000000 0000000000000001
0x000000c8062ff0e0:   0000000000000000 000000c8062ff118
0x000000c8062ff0f0:   fffffffffffffffe 00000231f2a33c00
0x000000c8062ff100:   0000000000000000 00007ff9d3013d5d
0x000000c8062ff110:   00007ff9d302a008 00007ff900000002
0x000000c8062ff120:   0000000000000002 000000c8062ff110
0x000000c8062ff130:   0000000000000000 0000000000000000
0x000000c8062ff140:   0000000000000000 00007ff9d3013e82
0x000000c8062ff150:   0000000000000001 000000007ffe0384
0x000000c8062ff160:   0000000000000001 0000037f00000401
0x000000c8062ff170:   0000000000000001 00007ff9e973277e
0x000000c8062ff180:   0000000000000001 00000000000000bc
0x000000c8062ff190:   00007ff9d3013ed0 0000000000000001
0x000000c8062ff1a0:   0000000000000001 00007ff9ed068083
0x000000c8062ff1b0:   00007ff9d2ff0000 0000000000000000
0x000000c8062ff1c0:   0000000000000001 000000007ffe0384
0x000000c8062ff1d0:   000000000000008d 0000000000000000
0x000000c8062ff1e0:   0000000000000000 0000000000000000
0x000000c8062ff1f0:   00007ff9d2ff0000 fffffcbb00000000
0x000000c8062ff200:   00000000000000ba 0000000000000000
0x000000c8062ff210:   0000000000000000 00000231cc1f63c0 

Instructions: (pc=0x00007ff9d3016587)
0x00007ff9d3016487:   8b 4d 58 e8 8d cf ff ff 48 8b 4d 60 e8 84 cf ff
0x00007ff9d3016497:   ff 48 8b 95 80 00 00 00 48 8b 8d 18 01 00 00 e8
0x00007ff9d30164a7:   76 c4 ff ff 33 d2 33 c9 e8 cc e1 ff ff 90 48 89
0x00007ff9d30164b7:   54 24 10 55 48 83 ec 20 48 8b ea 48 b8 00 00 00
0x00007ff9d30164c7:   00 00 00 00 00 48 83 c4 20 5d c3 cc 40 55 48 8b
0x00007ff9d30164d7:   ea 48 8b 01 33 c9 81 38 05 00 00 c0 0f 94 c1 8b
0x00007ff9d30164e7:   c1 5d c3 cc 40 55 48 83 ec 20 48 8b ea 8a 4d 40
0x00007ff9d30164f7:   48 83 c4 20 5d e9 73 d3 ff ff cc 40 55 48 83 ec
0x00007ff9d3016507:   20 48 8b ea 8a 4d 20 e8 61 d3 ff ff 90 48 83 c4
0x00007ff9d3016517:   20 5d c3 cc 40 55 48 83 ec 20 48 8b ea 48 83 c4
0x00007ff9d3016527:   20 5d e9 c2 d1 ff ff cc 40 55 48 83 ec 30 48 8b
0x00007ff9d3016537:   ea 48 8b 01 8b 10 48 89 4c 24 28 89 54 24 20 4c
0x00007ff9d3016547:   8d 0d 63 d6 ff ff 4c 8b 45 70 8b 55 68 48 8b 4d
0x00007ff9d3016557:   60 e8 03 d1 ff ff 90 48 83 c4 30 5d c3 cc cc cc
0x00007ff9d3016567:   cc cc cc cc cc cc cc cc cc 40 53 48 83 ec 20 48
0x00007ff9d3016577:   8b 1d 8b 34 01 00 48 85 db 74 16 e8 89 8f ff ff
0x00007ff9d3016587:   4c 8b 00 48 8b d3 48 8b c8 41 ff 90 b0 00 00 00
0x00007ff9d3016597:   90 48 83 c4 20 5b c3 cc cc 40 53 48 83 ec 20 48
0x00007ff9d30165a7:   8b 1d fb 35 01 00 48 85 db 74 57 b8 ff ff ff ff
0x00007ff9d30165b7:   f0 0f c1 43 10 83 f8 01 75 3d 48 85 db 74 38 48
0x00007ff9d30165c7:   8b 0b 48 85 c9 74 0d ff 15 d4 0c 00 00 48 c7 03
0x00007ff9d30165d7:   00 00 00 00 48 8b 4b 08 48 85 c9 74 0d e8 33 ce
0x00007ff9d30165e7:   ff ff 48 c7 43 08 00 00 00 00 ba 18 00 00 00 48
0x00007ff9d30165f7:   8b cb e8 1e ce ff ff 48 c7 05 9f 35 01 00 00 00
0x00007ff9d3016607:   00 00 48 83 c4 20 5b c3 cc 40 53 48 83 ec 20 48
0x00007ff9d3016617:   8b 1d 6b 35 01 00 48 85 db 74 57 b8 ff ff ff ff
0x00007ff9d3016627:   f0 0f c1 43 10 83 f8 01 75 3d 48 85 db 74 38 48
0x00007ff9d3016637:   8b 0b 48 85 c9 74 0d ff 15 64 0c 00 00 48 c7 03
0x00007ff9d3016647:   00 00 00 00 48 8b 4b 08 48 85 c9 74 0d e8 c3 cd
0x00007ff9d3016657:   ff ff 48 c7 43 08 00 00 00 00 ba 18 00 00 00 48
0x00007ff9d3016667:   8b cb e8 ae cd ff ff 48 c7 05 0f 35 01 00 00 00
0x00007ff9d3016677:   00 00 48 83 c4 20 5b c3 cc 40 53 48 83 ec 20 48 


Stack slot to memory mapping:

stack at sp + 0 slots: 0x0 is null
stack at sp + 1 slots: 0x0000023100000000 is an unknown value
stack at sp + 2 slots: 0x00000231f2ab1c80 points into unknown readable memory: 0x00000231f2ab20a0 | a0 20 ab f2 31 02 00 00
stack at sp + 3 slots: 0x00007ff9d2ff0000 glass.dll
stack at sp + 4 slots: 0x00000231f2aaa6e8 points into unknown readable memory: 0x0000fe9390b7cf4a | 4a cf b7 90 93 fe 00 00
stack at sp + 5 slots: 0x00007ff9ea95bc75 ucrtbase.dll
stack at sp + 6 slots: 0x00000231f2aaa6e0 points into unknown readable memory: 0x01ff19df94506f4a | 4a 6f 50 94 df 19 ff 01
stack at sp + 7 slots: 0x0000023100000000 is an unknown value

VM_Operation (0x000000c8071fc480): Exit, mode: safepoint, requested by thread 0x00000231eda32580


---------------  P R O C E S S  ---------------

Threads class SMR info:
_java_thread_list=0x00000231f8fc7830, length=19, elements={
0x00000231ce2fb1a0, 0x00000231eda1d860, 0x00000231eda20e30, 0x00000231eda25130,
0x00000231eda2e300, 0x00000231eda34ce0, 0x00000231eda32c10, 0x00000231eda44540,
0x00000231eda45100, 0x00000231eda332a0, 0x00000231eda33930, 0x00000231eda33fc0,
0x00000231eda34650, 0x00000231eda35370, 0x00000231eda32580, 0x00000231f30b7cb0,
0x00000231f30b5550, 0x00000231f30b5be0, 0x00000231f30b6900
}

Java Threads: ( => current thread )
  0x00000231ce2fb1a0 JavaThread "main"                              [_thread_blocked, id=4244, stack(0x000000c805b00000,0x000000c805c00000) (1024K)]
  0x00000231eda1d860 JavaThread "Reference Handler"          daemon [_thread_blocked, id=396, stack(0x000000c806300000,0x000000c806400000) (1024K)]
  0x00000231eda20e30 JavaThread "Finalizer"                  daemon [_thread_blocked, id=10796, stack(0x000000c806400000,0x000000c806500000) (1024K)]
  0x00000231eda25130 JavaThread "Signal Dispatcher"          daemon [_thread_blocked, id=3028, stack(0x000000c806500000,0x000000c806600000) (1024K)]
  0x00000231eda2e300 JavaThread "Attach Listener"            daemon [_thread_blocked, id=22004, stack(0x000000c806600000,0x000000c806700000) (1024K)]
  0x00000231eda34ce0 JavaThread "Service Thread"             daemon [_thread_blocked, id=2420, stack(0x000000c806700000,0x000000c806800000) (1024K)]
  0x00000231eda32c10 JavaThread "Monitor Deflation Thread"   daemon [_thread_blocked, id=2916, stack(0x000000c806800000,0x000000c806900000) (1024K)]
  0x00000231eda44540 JavaThread "C2 CompilerThread0"         daemon [_thread_blocked, id=7324, stack(0x000000c806900000,0x000000c806a00000) (1024K)]
  0x00000231eda45100 JavaThread "C1 CompilerThread0"         daemon [_thread_blocked, id=22052, stack(0x000000c806a00000,0x000000c806b00000) (1024K)]
  0x00000231eda332a0 JavaThread "Common-Cleaner"             daemon [_thread_blocked, id=15284, stack(0x000000c806b00000,0x000000c806c00000) (1024K)]
  0x00000231eda33930 JavaThread "Monitor Ctrl-Break"         daemon [_thread_in_native, id=23864, stack(0x000000c806e00000,0x000000c806f00000) (1024K)]
  0x00000231eda33fc0 JavaThread "Notification Thread"        daemon [_thread_blocked, id=25524, stack(0x000000c806f00000,0x000000c807000000) (1024K)]
  0x00000231eda34650 JavaThread "QuantumRenderer-0"          daemon [_thread_blocked, id=2476, stack(0x000000c806d00000,0x000000c806e00000) (1024K)]
  0x00000231eda35370 JavaThread "InvokeLaterDispatcher"      daemon [_thread_blocked, id=12640, stack(0x000000c807000000,0x000000c807100000) (1024K)]
  0x00000231eda32580 JavaThread "JavaFX Application Thread"         [_thread_blocked, id=26192, stack(0x000000c807100000,0x000000c807200000) (1024K)]
  0x00000231f30b7cb0 JavaThread "Thread-1"                   daemon [_thread_in_native, id=22696, stack(0x000000c806c00000,0x000000c806d00000) (1024K)]
  0x00000231f30b5550 JavaThread "JavaFX-Launcher"                   [_thread_blocked, id=15308, stack(0x000000c808600000,0x000000c808700000) (1024K)]
  0x00000231f30b5be0 JavaThread "Prism Font Disposer"        daemon [_thread_blocked, id=24648, stack(0x000000c808b00000,0x000000c808c00000) (1024K)]
  0x00000231f30b6900 JavaThread "Cleaner-0"                  daemon [_thread_blocked, id=20192, stack(0x000000c809000000,0x000000c809100000) (1024K)]
Total: 19

Other Threads:
=>0x00000231eda00800 VMThread "VM Thread"                           [id=7416, stack(0x000000c806200000,0x000000c806300000) (1024K)]
  0x00000231ce361450 WorkerThread "GC Thread#0"                     [id=12516, stack(0x000000c805c00000,0x000000c805d00000) (1024K)]
  0x00000231f30b27c0 WorkerThread "GC Thread#1"                     [id=26176, stack(0x000000c808100000,0x000000c808200000) (1024K)]
  0x00000231f30b2b60 WorkerThread "GC Thread#2"                     [id=18976, stack(0x000000c808200000,0x000000c808300000) (1024K)]
  0x00000231f30b2f00 WorkerThread "GC Thread#3"                     [id=11528, stack(0x000000c808300000,0x000000c808400000) (1024K)]
  0x00000231f30d3840 WorkerThread "GC Thread#4"                     [id=23584, stack(0x000000c808400000,0x000000c808500000) (1024K)]
  0x00000231f30d3100 WorkerThread "GC Thread#5"                     [id=8328, stack(0x000000c808500000,0x000000c808600000) (1024K)]
  0x00000231f30d2620 WorkerThread "GC Thread#6"                     [id=16012, stack(0x000000c808c00000,0x000000c808d00000) (1024K)]
  0x00000231f30d29c0 WorkerThread "GC Thread#7"                     [id=11856, stack(0x000000c808d00000,0x000000c808e00000) (1024K)]
  0x00000231f30d2d60 WorkerThread "GC Thread#8"                     [id=18540, stack(0x000000c808e00000,0x000000c808f00000) (1024K)]
  0x00000231f30d34a0 WorkerThread "GC Thread#9"                     [id=21492, stack(0x000000c808f00000,0x000000c809000000) (1024K)]
  0x00000231ce372cd0 ConcurrentGCThread "G1 Main Marker"            terminated
  0x00000231ce373f70 WorkerThread "G1 Conc#0"                       [id=12172, stack(0x000000c805e00000,0x000000c805f00000) (1024K)]
  0x00000231ed8ba1e0 ConcurrentGCThread "G1 Refine#0"               terminated
  0x00000231ed8bda20 ConcurrentGCThread "G1 Service"                terminated
Total: 15

Threads with active compile tasks:
Total: 0

VM state: at safepoint (shutting down)

VM Mutex/Monitor currently owned by a thread:  ([mutex/lock_event])
[0x00007ff982d4e320] Threads_lock - owner thread: 0x00000231eda00800
[0x00007ff982d4e420] Heap_lock - owner thread: 0x00000231eda32580

Heap address: 0x0000000704e00000, size: 4018 MB, Compressed Oops mode: Zero based, Oop shift amount: 3

CDS archive(s) mapped at: [0x0000023180000000-0x0000023180c80000-0x0000023180c80000), size 13107200, SharedBaseAddress: 0x0000023180000000, ArchiveRelocationMode: 1.
Compressed class space mapped at: 0x0000023181000000-0x00000231c1000000, reserved size: 1073741824
Narrow klass base: 0x0000023180000000, Narrow klass shift: 0, Narrow klass range: 0x100000000

GC Precious Log:
 CardTable entry size: 512
 Card Set container configuration: InlinePtr #cards 4 size 8 Array Of Cards #cards 16 size 48 Howl #buckets 8 coarsen threshold 3686 Howl Bitmap #cards 512 size 80 coarsen threshold 460 Card regions per heap region 1 cards per card region 4096
 CPUs: 12 total, 12 available
 Memory: 16068M
 Large Page Support: Disabled
 NUMA Support: Disabled
 Compressed Oops: Enabled (Zero based)
 Heap Region Size: 2M
 Heap Min Capacity: 8M
 Heap Initial Capacity: 252M
 Heap Max Capacity: 4018M
 Pre-touch: Disabled
 Parallel Workers: 10
 Concurrent Workers: 3
 Concurrent Refinement Workers: 10
 Periodic GC: Disabled

Heap:
 garbage-first heap   total 258048K, used 32043K [0x0000000704e00000, 0x0000000800000000)
  region size 2048K, 16 young (32768K), 6 survivors (12288K)
 Metaspace       used 20048K, committed 20352K, reserved 1114112K
  class space    used 2869K, committed 3008K, reserved 1048576K

Heap Regions: E=young(eden), S=young(survivor), O=old, HS=humongous(starts), HC=humongous(continues), CS=collection set, F=free, TAMS=top-at-mark-start, PB=parsable bottom
|   0|0x0000000704e00000, 0x0000000704e00000, 0x0000000705000000|  0%| F|  |TAMS 0x0000000704e00000| PB 0x0000000704e00000| Untracked 
|   1|0x0000000705000000, 0x0000000705200000, 0x0000000705200000|100%|HS|  |TAMS 0x0000000705000000| PB 0x0000000705000000| Complete 
|   2|0x0000000705200000, 0x0000000705200000, 0x0000000705400000|  0%| F|  |TAMS 0x0000000705200000| PB 0x0000000705200000| Untracked 
|   3|0x0000000705400000, 0x0000000705400000, 0x0000000705600000|  0%| F|  |TAMS 0x0000000705400000| PB 0x0000000705400000| Untracked 
|   4|0x0000000705600000, 0x0000000705600000, 0x0000000705800000|  0%| F|  |TAMS 0x0000000705600000| PB 0x0000000705600000| Untracked 
|   5|0x0000000705800000, 0x0000000705800000, 0x0000000705a00000|  0%| F|  |TAMS 0x0000000705800000| PB 0x0000000705800000| Untracked 
|   6|0x0000000705a00000, 0x0000000705a00000, 0x0000000705c00000|  0%| F|  |TAMS 0x0000000705a00000| PB 0x0000000705a00000| Untracked 
|   7|0x0000000705c00000, 0x0000000705c00000, 0x0000000705e00000|  0%| F|  |TAMS 0x0000000705c00000| PB 0x0000000705c00000| Untracked 
|   8|0x0000000705e00000, 0x0000000705e00000, 0x0000000706000000|  0%| F|  |TAMS 0x0000000705e00000| PB 0x0000000705e00000| Untracked 
|   9|0x0000000706000000, 0x0000000706000000, 0x0000000706200000|  0%| F|  |TAMS 0x0000000706000000| PB 0x0000000706000000| Untracked 
|  10|0x0000000706200000, 0x0000000706200000, 0x0000000706400000|  0%| F|  |TAMS 0x0000000706200000| PB 0x0000000706200000| Untracked 
|  11|0x0000000706400000, 0x0000000706400000, 0x0000000706600000|  0%| F|  |TAMS 0x0000000706400000| PB 0x0000000706400000| Untracked 
|  12|0x0000000706600000, 0x0000000706600000, 0x0000000706800000|  0%| F|  |TAMS 0x0000000706600000| PB 0x0000000706600000| Untracked 
|  13|0x0000000706800000, 0x0000000706800000, 0x0000000706a00000|  0%| F|  |TAMS 0x0000000706800000| PB 0x0000000706800000| Untracked 
|  14|0x0000000706a00000, 0x0000000706a00000, 0x0000000706c00000|  0%| F|  |TAMS 0x0000000706a00000| PB 0x0000000706a00000| Untracked 
|  15|0x0000000706c00000, 0x0000000706c00000, 0x0000000706e00000|  0%| F|  |TAMS 0x0000000706c00000| PB 0x0000000706c00000| Untracked 
|  16|0x0000000706e00000, 0x0000000706e00000, 0x0000000707000000|  0%| F|  |TAMS 0x0000000706e00000| PB 0x0000000706e00000| Untracked 
|  17|0x0000000707000000, 0x0000000707000000, 0x0000000707200000|  0%| F|  |TAMS 0x0000000707000000| PB 0x0000000707000000| Untracked 
|  18|0x0000000707200000, 0x0000000707200000, 0x0000000707400000|  0%| F|  |TAMS 0x0000000707200000| PB 0x0000000707200000| Untracked 
|  19|0x0000000707400000, 0x0000000707400000, 0x0000000707600000|  0%| F|  |TAMS 0x0000000707400000| PB 0x0000000707400000| Untracked 
|  20|0x0000000707600000, 0x0000000707600000, 0x0000000707800000|  0%| F|  |TAMS 0x0000000707600000| PB 0x0000000707600000| Untracked 
|  21|0x0000000707800000, 0x0000000707800000, 0x0000000707a00000|  0%| F|  |TAMS 0x0000000707800000| PB 0x0000000707800000| Untracked 
|  22|0x0000000707a00000, 0x0000000707a00000, 0x0000000707c00000|  0%| F|  |TAMS 0x0000000707a00000| PB 0x0000000707a00000| Untracked 
|  23|0x0000000707c00000, 0x0000000707c00000, 0x0000000707e00000|  0%| F|  |TAMS 0x0000000707c00000| PB 0x0000000707c00000| Untracked 
|  24|0x0000000707e00000, 0x0000000707e00000, 0x0000000708000000|  0%| F|  |TAMS 0x0000000707e00000| PB 0x0000000707e00000| Untracked 
|  25|0x0000000708000000, 0x0000000708000000, 0x0000000708200000|  0%| F|  |TAMS 0x0000000708000000| PB 0x0000000708000000| Untracked 
|  26|0x0000000708200000, 0x0000000708200000, 0x0000000708400000|  0%| F|  |TAMS 0x0000000708200000| PB 0x0000000708200000| Untracked 
|  27|0x0000000708400000, 0x0000000708400000, 0x0000000708600000|  0%| F|  |TAMS 0x0000000708400000| PB 0x0000000708400000| Untracked 
|  28|0x0000000708600000, 0x0000000708600000, 0x0000000708800000|  0%| F|  |TAMS 0x0000000708600000| PB 0x0000000708600000| Untracked 
|  29|0x0000000708800000, 0x0000000708800000, 0x0000000708a00000|  0%| F|  |TAMS 0x0000000708800000| PB 0x0000000708800000| Untracked 
|  30|0x0000000708a00000, 0x0000000708a00000, 0x0000000708c00000|  0%| F|  |TAMS 0x0000000708a00000| PB 0x0000000708a00000| Untracked 
|  31|0x0000000708c00000, 0x0000000708c00000, 0x0000000708e00000|  0%| F|  |TAMS 0x0000000708c00000| PB 0x0000000708c00000| Untracked 
|  32|0x0000000708e00000, 0x0000000708e00000, 0x0000000709000000|  0%| F|  |TAMS 0x0000000708e00000| PB 0x0000000708e00000| Untracked 
|  33|0x0000000709000000, 0x0000000709000000, 0x0000000709200000|  0%| F|  |TAMS 0x0000000709000000| PB 0x0000000709000000| Untracked 
|  34|0x0000000709200000, 0x0000000709200000, 0x0000000709400000|  0%| F|  |TAMS 0x0000000709200000| PB 0x0000000709200000| Untracked 
|  35|0x0000000709400000, 0x0000000709400000, 0x0000000709600000|  0%| F|  |TAMS 0x0000000709400000| PB 0x0000000709400000| Untracked 
|  36|0x0000000709600000, 0x0000000709600000, 0x0000000709800000|  0%| F|  |TAMS 0x0000000709600000| PB 0x0000000709600000| Untracked 
|  37|0x0000000709800000, 0x0000000709800000, 0x0000000709a00000|  0%| F|  |TAMS 0x0000000709800000| PB 0x0000000709800000| Untracked 
|  38|0x0000000709a00000, 0x0000000709a00000, 0x0000000709c00000|  0%| F|  |TAMS 0x0000000709a00000| PB 0x0000000709a00000| Untracked 
|  39|0x0000000709c00000, 0x0000000709c00000, 0x0000000709e00000|  0%| F|  |TAMS 0x0000000709c00000| PB 0x0000000709c00000| Untracked 
|  40|0x0000000709e00000, 0x0000000709e00000, 0x000000070a000000|  0%| F|  |TAMS 0x0000000709e00000| PB 0x0000000709e00000| Untracked 
|  41|0x000000070a000000, 0x000000070a000000, 0x000000070a200000|  0%| F|  |TAMS 0x000000070a000000| PB 0x000000070a000000| Untracked 
|  42|0x000000070a200000, 0x000000070a200000, 0x000000070a400000|  0%| F|  |TAMS 0x000000070a200000| PB 0x000000070a200000| Untracked 
|  43|0x000000070a400000, 0x000000070a400000, 0x000000070a600000|  0%| F|  |TAMS 0x000000070a400000| PB 0x000000070a400000| Untracked 
|  44|0x000000070a600000, 0x000000070a600000, 0x000000070a800000|  0%| F|  |TAMS 0x000000070a600000| PB 0x000000070a600000| Untracked 
|  45|0x000000070a800000, 0x000000070a800000, 0x000000070aa00000|  0%| F|  |TAMS 0x000000070a800000| PB 0x000000070a800000| Untracked 
|  46|0x000000070aa00000, 0x000000070aa00000, 0x000000070ac00000|  0%| F|  |TAMS 0x000000070aa00000| PB 0x000000070aa00000| Untracked 
|  47|0x000000070ac00000, 0x000000070ac00000, 0x000000070ae00000|  0%| F|  |TAMS 0x000000070ac00000| PB 0x000000070ac00000| Untracked 
|  48|0x000000070ae00000, 0x000000070ae00000, 0x000000070b000000|  0%| F|  |TAMS 0x000000070ae00000| PB 0x000000070ae00000| Untracked 
|  49|0x000000070b000000, 0x000000070b000000, 0x000000070b200000|  0%| F|  |TAMS 0x000000070b000000| PB 0x000000070b000000| Untracked 
|  50|0x000000070b200000, 0x000000070b200000, 0x000000070b400000|  0%| F|  |TAMS 0x000000070b200000| PB 0x000000070b200000| Untracked 
|  51|0x000000070b400000, 0x000000070b400000, 0x000000070b600000|  0%| F|  |TAMS 0x000000070b400000| PB 0x000000070b400000| Untracked 
|  52|0x000000070b600000, 0x000000070b600000, 0x000000070b800000|  0%| F|  |TAMS 0x000000070b600000| PB 0x000000070b600000| Untracked 
|  53|0x000000070b800000, 0x000000070b800000, 0x000000070ba00000|  0%| F|  |TAMS 0x000000070b800000| PB 0x000000070b800000| Untracked 
|  54|0x000000070ba00000, 0x000000070ba00000, 0x000000070bc00000|  0%| F|  |TAMS 0x000000070ba00000| PB 0x000000070ba00000| Untracked 
|  55|0x000000070bc00000, 0x000000070bc00000, 0x000000070be00000|  0%| F|  |TAMS 0x000000070bc00000| PB 0x000000070bc00000| Untracked 
|  56|0x000000070be00000, 0x000000070be00000, 0x000000070c000000|  0%| F|  |TAMS 0x000000070be00000| PB 0x000000070be00000| Untracked 
|  57|0x000000070c000000, 0x000000070c000000, 0x000000070c200000|  0%| F|  |TAMS 0x000000070c000000| PB 0x000000070c000000| Untracked 
|  58|0x000000070c200000, 0x000000070c200000, 0x000000070c400000|  0%| F|  |TAMS 0x000000070c200000| PB 0x000000070c200000| Untracked 
|  59|0x000000070c400000, 0x000000070c400000, 0x000000070c600000|  0%| F|  |TAMS 0x000000070c400000| PB 0x000000070c400000| Untracked 
|  60|0x000000070c600000, 0x000000070c600000, 0x000000070c800000|  0%| F|  |TAMS 0x000000070c600000| PB 0x000000070c600000| Untracked 
|  61|0x000000070c800000, 0x000000070c800000, 0x000000070ca00000|  0%| F|  |TAMS 0x000000070c800000| PB 0x000000070c800000| Untracked 
|  62|0x000000070ca00000, 0x000000070ca00000, 0x000000070cc00000|  0%| F|  |TAMS 0x000000070ca00000| PB 0x000000070ca00000| Untracked 
|  63|0x000000070cc00000, 0x000000070cc00000, 0x000000070ce00000|  0%| F|  |TAMS 0x000000070cc00000| PB 0x000000070cc00000| Untracked 
|  64|0x000000070ce00000, 0x000000070ce00000, 0x000000070d000000|  0%| F|  |TAMS 0x000000070ce00000| PB 0x000000070ce00000| Untracked 
|  65|0x000000070d000000, 0x000000070d000000, 0x000000070d200000|  0%| F|  |TAMS 0x000000070d000000| PB 0x000000070d000000| Untracked 
|  66|0x000000070d200000, 0x000000070d200000, 0x000000070d400000|  0%| F|  |TAMS 0x000000070d200000| PB 0x000000070d200000| Untracked 
|  67|0x000000070d400000, 0x000000070d400000, 0x000000070d600000|  0%| F|  |TAMS 0x000000070d400000| PB 0x000000070d400000| Untracked 
|  68|0x000000070d600000, 0x000000070d600000, 0x000000070d800000|  0%| F|  |TAMS 0x000000070d600000| PB 0x000000070d600000| Untracked 
|  69|0x000000070d800000, 0x000000070d800000, 0x000000070da00000|  0%| F|  |TAMS 0x000000070d800000| PB 0x000000070d800000| Untracked 
|  70|0x000000070da00000, 0x000000070da00000, 0x000000070dc00000|  0%| F|  |TAMS 0x000000070da00000| PB 0x000000070da00000| Untracked 
|  71|0x000000070dc00000, 0x000000070dd4ad68, 0x000000070de00000| 64%| S|CS|TAMS 0x000000070dc00000| PB 0x000000070dc00000| Complete 
|  72|0x000000070de00000, 0x000000070e000000, 0x000000070e000000|100%| S|CS|TAMS 0x000000070de00000| PB 0x000000070de00000| Complete 
|  73|0x000000070e000000, 0x000000070e200000, 0x000000070e200000|100%| S|CS|TAMS 0x000000070e000000| PB 0x000000070e000000| Complete 
|  74|0x000000070e200000, 0x000000070e400000, 0x000000070e400000|100%| S|CS|TAMS 0x000000070e200000| PB 0x000000070e200000| Complete 
|  75|0x000000070e400000, 0x000000070e600000, 0x000000070e600000|100%| S|CS|TAMS 0x000000070e400000| PB 0x000000070e400000| Complete 
|  76|0x000000070e600000, 0x000000070e800000, 0x000000070e800000|100%| S|CS|TAMS 0x000000070e600000| PB 0x000000070e600000| Complete 
|  77|0x000000070e800000, 0x000000070e800000, 0x000000070ea00000|  0%| F|  |TAMS 0x000000070e800000| PB 0x000000070e800000| Untracked 
|  78|0x000000070ea00000, 0x000000070ea00000, 0x000000070ec00000|  0%| F|  |TAMS 0x000000070ea00000| PB 0x000000070ea00000| Untracked 
|  79|0x000000070ec00000, 0x000000070ec00000, 0x000000070ee00000|  0%| F|  |TAMS 0x000000070ec00000| PB 0x000000070ec00000| Untracked 
|  80|0x000000070ee00000, 0x000000070ee00000, 0x000000070f000000|  0%| F|  |TAMS 0x000000070ee00000| PB 0x000000070ee00000| Untracked 
|  81|0x000000070f000000, 0x000000070f000000, 0x000000070f200000|  0%| F|  |TAMS 0x000000070f000000| PB 0x000000070f000000| Untracked 
|  82|0x000000070f200000, 0x000000070f200000, 0x000000070f400000|  0%| F|  |TAMS 0x000000070f200000| PB 0x000000070f200000| Untracked 
|  83|0x000000070f400000, 0x000000070f400000, 0x000000070f600000|  0%| F|  |TAMS 0x000000070f400000| PB 0x000000070f400000| Untracked 
|  84|0x000000070f600000, 0x000000070f600000, 0x000000070f800000|  0%| F|  |TAMS 0x000000070f600000| PB 0x000000070f600000| Untracked 
|  85|0x000000070f800000, 0x000000070f800000, 0x000000070fa00000|  0%| F|  |TAMS 0x000000070f800000| PB 0x000000070f800000| Untracked 
|  86|0x000000070fa00000, 0x000000070fa00000, 0x000000070fc00000|  0%| F|  |TAMS 0x000000070fa00000| PB 0x000000070fa00000| Untracked 
|  87|0x000000070fc00000, 0x000000070fc00000, 0x000000070fe00000|  0%| F|  |TAMS 0x000000070fc00000| PB 0x000000070fc00000| Untracked 
|  88|0x000000070fe00000, 0x000000070fe00000, 0x0000000710000000|  0%| F|  |TAMS 0x000000070fe00000| PB 0x000000070fe00000| Untracked 
|  89|0x0000000710000000, 0x0000000710000000, 0x0000000710200000|  0%| F|  |TAMS 0x0000000710000000| PB 0x0000000710000000| Untracked 
|  90|0x0000000710200000, 0x0000000710200000, 0x0000000710400000|  0%| F|  |TAMS 0x0000000710200000| PB 0x0000000710200000| Untracked 
|  91|0x0000000710400000, 0x0000000710400000, 0x0000000710600000|  0%| F|  |TAMS 0x0000000710400000| PB 0x0000000710400000| Untracked 
|  92|0x0000000710600000, 0x0000000710600000, 0x0000000710800000|  0%| F|  |TAMS 0x0000000710600000| PB 0x0000000710600000| Untracked 
|  93|0x0000000710800000, 0x0000000710800000, 0x0000000710a00000|  0%| F|  |TAMS 0x0000000710800000| PB 0x0000000710800000| Untracked 
|  94|0x0000000710a00000, 0x0000000710a00000, 0x0000000710c00000|  0%| F|  |TAMS 0x0000000710a00000| PB 0x0000000710a00000| Untracked 
|  95|0x0000000710c00000, 0x0000000710c00000, 0x0000000710e00000|  0%| F|  |TAMS 0x0000000710c00000| PB 0x0000000710c00000| Untracked 
|  96|0x0000000710e00000, 0x0000000710e00000, 0x0000000711000000|  0%| F|  |TAMS 0x0000000710e00000| PB 0x0000000710e00000| Untracked 
|  97|0x0000000711000000, 0x0000000711000000, 0x0000000711200000|  0%| F|  |TAMS 0x0000000711000000| PB 0x0000000711000000| Untracked 
|  98|0x0000000711200000, 0x0000000711200000, 0x0000000711400000|  0%| F|  |TAMS 0x0000000711200000| PB 0x0000000711200000| Untracked 
|  99|0x0000000711400000, 0x0000000711400000, 0x0000000711600000|  0%| F|  |TAMS 0x0000000711400000| PB 0x0000000711400000| Untracked 
| 100|0x0000000711600000, 0x0000000711600000, 0x0000000711800000|  0%| F|  |TAMS 0x0000000711600000| PB 0x0000000711600000| Untracked 
| 101|0x0000000711800000, 0x0000000711800000, 0x0000000711a00000|  0%| F|  |TAMS 0x0000000711800000| PB 0x0000000711800000| Untracked 
| 102|0x0000000711a00000, 0x0000000711a00000, 0x0000000711c00000|  0%| F|  |TAMS 0x0000000711a00000| PB 0x0000000711a00000| Untracked 
| 103|0x0000000711c00000, 0x0000000711c00000, 0x0000000711e00000|  0%| F|  |TAMS 0x0000000711c00000| PB 0x0000000711c00000| Untracked 
| 104|0x0000000711e00000, 0x0000000711e00000, 0x0000000712000000|  0%| F|  |TAMS 0x0000000711e00000| PB 0x0000000711e00000| Untracked 
| 105|0x0000000712000000, 0x0000000712000000, 0x0000000712200000|  0%| F|  |TAMS 0x0000000712000000| PB 0x0000000712000000| Untracked 
| 106|0x0000000712200000, 0x0000000712200000, 0x0000000712400000|  0%| F|  |TAMS 0x0000000712200000| PB 0x0000000712200000| Untracked 
| 107|0x0000000712400000, 0x0000000712400000, 0x0000000712600000|  0%| F|  |TAMS 0x0000000712400000| PB 0x0000000712400000| Untracked 
| 108|0x0000000712600000, 0x0000000712600000, 0x0000000712800000|  0%| F|  |TAMS 0x0000000712600000| PB 0x0000000712600000| Untracked 
| 109|0x0000000712800000, 0x0000000712800000, 0x0000000712a00000|  0%| F|  |TAMS 0x0000000712800000| PB 0x0000000712800000| Untracked 
| 110|0x0000000712a00000, 0x0000000712a00000, 0x0000000712c00000|  0%| F|  |TAMS 0x0000000712a00000| PB 0x0000000712a00000| Untracked 
| 111|0x0000000712c00000, 0x0000000712c00000, 0x0000000712e00000|  0%| F|  |TAMS 0x0000000712c00000| PB 0x0000000712c00000| Untracked 
| 112|0x0000000712e00000, 0x0000000712e00000, 0x0000000713000000|  0%| F|  |TAMS 0x0000000712e00000| PB 0x0000000712e00000| Untracked 
| 113|0x0000000713000000, 0x0000000713000000, 0x0000000713200000|  0%| F|  |TAMS 0x0000000713000000| PB 0x0000000713000000| Untracked 
| 114|0x0000000713200000, 0x0000000713200000, 0x0000000713400000|  0%| F|  |TAMS 0x0000000713200000| PB 0x0000000713200000| Untracked 
| 115|0x0000000713400000, 0x0000000713400000, 0x0000000713600000|  0%| F|  |TAMS 0x0000000713400000| PB 0x0000000713400000| Untracked 
| 116|0x0000000713600000, 0x00000007136b0a80, 0x0000000713800000| 34%| E|  |TAMS 0x0000000713600000| PB 0x0000000713600000| Complete 
| 117|0x0000000713800000, 0x0000000713a00000, 0x0000000713a00000|100%| E|CS|TAMS 0x0000000713800000| PB 0x0000000713800000| Complete 
| 118|0x0000000713a00000, 0x0000000713c00000, 0x0000000713c00000|100%| E|CS|TAMS 0x0000000713a00000| PB 0x0000000713a00000| Complete 
| 119|0x0000000713c00000, 0x0000000713e00000, 0x0000000713e00000|100%| E|CS|TAMS 0x0000000713c00000| PB 0x0000000713c00000| Complete 
| 120|0x0000000713e00000, 0x0000000714000000, 0x0000000714000000|100%| E|CS|TAMS 0x0000000713e00000| PB 0x0000000713e00000| Complete 
| 121|0x0000000714000000, 0x0000000714200000, 0x0000000714200000|100%| E|CS|TAMS 0x0000000714000000| PB 0x0000000714000000| Complete 
| 122|0x0000000714200000, 0x0000000714400000, 0x0000000714400000|100%| E|CS|TAMS 0x0000000714200000| PB 0x0000000714200000| Complete 
| 123|0x0000000714400000, 0x0000000714600000, 0x0000000714600000|100%| E|CS|TAMS 0x0000000714400000| PB 0x0000000714400000| Complete 
| 124|0x0000000714600000, 0x0000000714800000, 0x0000000714800000|100%| E|CS|TAMS 0x0000000714600000| PB 0x0000000714600000| Complete 
| 125|0x0000000714800000, 0x0000000714a00000, 0x0000000714a00000|100%| E|CS|TAMS 0x0000000714800000| PB 0x0000000714800000| Complete 

Card table byte_map: [0x00000231e6710000,0x00000231e6ef0000] _byte_map_base: 0x00000231e2ee9000

Marking Bits: (CMBitMap*) 0x00000231ce361a60
 Bits: [0x00000231e6ef0000, 0x00000231eadb8000)

Polling page: 0x00000231cc0d0000

Metaspace:

Usage:
  Non-class:     16.78 MB used.
      Class:      2.80 MB used.
       Both:     19.58 MB used.

Virtual space:
  Non-class space:       64.00 MB reserved,      16.94 MB ( 26%) committed,  1 nodes.
      Class space:        1.00 GB reserved,       2.94 MB ( <1%) committed,  1 nodes.
             Both:        1.06 GB reserved,      19.88 MB (  2%) committed. 

Chunk freelists:
   Non-Class:  14.81 MB
       Class:  12.97 MB
        Both:  27.79 MB

MaxMetaspaceSize: unlimited
CompressedClassSpaceSize: 1.00 GB
Initial GC threshold: 21.00 MB
Current GC threshold: 21.00 MB
CDS: on
 - commit_granule_bytes: 65536.
 - commit_granule_words: 8192.
 - virtual_space_node_default_size: 8388608.
 - enlarge_chunks_in_place: 1.
 - use_allocation_guard: 0.


Internal statistics:

num_allocs_failed_limit: 0.
num_arena_births: 366.
num_arena_deaths: 0.
num_vsnodes_births: 2.
num_vsnodes_deaths: 0.
num_space_committed: 318.
num_space_uncommitted: 0.
num_chunks_returned_to_freelist: 0.
num_chunks_taken_from_freelist: 1053.
num_chunk_merges: 0.
num_chunk_splits: 727.
num_chunks_enlarged: 545.
num_inconsistent_stats: 0.

CodeHeap 'non-profiled nmethods': size=120000Kb used=3951Kb max_used=3951Kb free=116049Kb
 bounds [0x00000231de4b0000, 0x00000231de890000, 0x00000231e59e0000]
CodeHeap 'profiled nmethods': size=120000Kb used=12922Kb max_used=12922Kb free=107077Kb
 bounds [0x00000231d69e0000, 0x00000231d7680000, 0x00000231ddf10000]
CodeHeap 'non-nmethods': size=5760Kb used=1830Kb max_used=1894Kb free=3929Kb
 bounds [0x00000231ddf10000, 0x00000231de180000, 0x00000231de4b0000]
 total_blobs=6731 nmethods=5896 adapters=738
 compilation: enabled
              stopped_count=0, restarted_count=0
 full_count=0

Compilation events (20 events):
Event: 1269.251 Thread 0x00000231eda44540 5893       4       com.sun.javafx.sg.prism.NGRegion::doCorner (248 bytes)
Event: 1269.256 Thread 0x00000231eda44540 nmethod 5893 0x00000231de885890 code [0x00000231de885ac0, 0x00000231de885e80]
Event: 1270.243 Thread 0x00000231eda44540 5894       4       com.sun.javafx.geom.Path2D::appendOvalQuadrant (567 bytes)
Event: 1270.260 Thread 0x00000231eda44540 nmethod 5894 0x00000231de886110 code [0x00000231de886360, 0x00000231de887140]
Event: 1270.260 Thread 0x00000231eda44540 5895       4       com.sun.marlin.TransformingPathConsumer2D$PathClipFilter::lineTo (259 bytes)
Event: 1270.268 Thread 0x00000231eda44540 nmethod 5895 0x00000231de887a10 code [0x00000231de887ca0, 0x00000231de888530]
Event: 1271.747 Thread 0x00000231eda44540 5896       4       com.sun.prism.impl.BaseGraphics::validateTransformAndPaint (71 bytes)
Event: 1271.751 Thread 0x00000231eda44540 nmethod 5896 0x00000231de888b90 code [0x00000231de888d40, 0x00000231de888f20]
Event: 1273.747 Thread 0x00000231eda44540 5897       4       com.sun.marlin.TransformingPathConsumer2D$PathClipFilter::curveTo (317 bytes)
Event: 1273.764 Thread 0x00000231eda44540 nmethod 5897 0x00000231de889110 code [0x00000231de889400, 0x00000231de88a150]
Event: 1280.243 Thread 0x00000231eda44540 5898       4       com.sun.javafx.geom.Rectangle::setBounds (67 bytes)
Event: 1280.246 Thread 0x00000231eda44540 nmethod 5898 0x00000231de88ab90 code [0x00000231de88ad20, 0x00000231de88aec8]
Event: 1286.755 Thread 0x00000231eda44540 5899       4       com.sun.javafx.sg.prism.NGGroup::clearDirty (21 bytes)
Event: 1286.761 Thread 0x00000231eda44540 nmethod 5899 0x00000231de88af90 code [0x00000231de88b140, 0x00000231de88b380]
Event: 1293.252 Thread 0x00000231eda44540 5900       4       com.sun.marlin.Helpers$IndexStack::push (114 bytes)
Event: 1293.255 Thread 0x00000231eda44540 nmethod 5900 0x00000231de88b490 code [0x00000231de88b620, 0x00000231de88b790]
Event: 1293.506 Thread 0x00000231eda45100 5901       3       javafx.scene.Node::pressedPropertyImpl (24 bytes)
Event: 1293.507 Thread 0x00000231eda45100 nmethod 5901 0x00000231d767e310 code [0x00000231d767e500, 0x00000231d767ea18]
Event: 1293.528 Thread 0x00000231eda45100 5902       1       java.util.logging.LogManager$LoggerContext::getOwner (5 bytes)
Event: 1293.530 Thread 0x00000231eda45100 nmethod 5902 0x00000231de88b910 code [0x00000231de88baa0, 0x00000231de88bb70]

GC Heap History (6 events):
Event: 1.223 GC heap before
{Heap before GC invocations=0 (full 0):
 garbage-first heap   total 258048K, used 22528K [0x0000000704e00000, 0x0000000800000000)
  region size 2048K, 11 young (22528K), 0 survivors (0K)
 Metaspace       used 4604K, committed 4800K, reserved 1114112K
  class space    used 475K, committed 576K, reserved 1048576K
}
Event: 1.234 GC heap after
{Heap after GC invocations=1 (full 0):
 garbage-first heap   total 258048K, used 2634K [0x0000000704e00000, 0x0000000800000000)
  region size 2048K, 2 young (4096K), 2 survivors (4096K)
 Metaspace       used 4604K, committed 4800K, reserved 1114112K
  class space    used 475K, committed 576K, reserved 1048576K
}
Event: 2.037 GC heap before
{Heap before GC invocations=1 (full 0):
 garbage-first heap   total 258048K, used 41546K [0x0000000704e00000, 0x0000000800000000)
  region size 2048K, 21 young (43008K), 2 survivors (4096K)
 Metaspace       used 12944K, committed 13184K, reserved 1114112K
  class space    used 2034K, committed 2112K, reserved 1048576K
}
Event: 2.048 GC heap after
{Heap after GC invocations=2 (full 0):
 garbage-first heap   total 258048K, used 5549K [0x0000000704e00000, 0x0000000800000000)
  region size 2048K, 3 young (6144K), 3 survivors (6144K)
 Metaspace       used 12944K, committed 13184K, reserved 1114112K
  class space    used 2034K, committed 2112K, reserved 1048576K
}
Event: 889.249 GC heap before
{Heap before GC invocations=2 (full 0):
 garbage-first heap   total 258048K, used 101805K [0x0000000704e00000, 0x0000000800000000)
  region size 2048K, 49 young (100352K), 3 survivors (6144K)
 Metaspace       used 19639K, committed 19968K, reserved 1114112K
  class space    used 2828K, committed 2944K, reserved 1048576K
}
Event: 889.270 GC heap after
{Heap after GC invocations=3 (full 0):
 garbage-first heap   total 258048K, used 13611K [0x0000000704e00000, 0x0000000800000000)
  region size 2048K, 6 young (12288K), 6 survivors (12288K)
 Metaspace       used 19639K, committed 19968K, reserved 1114112K
  class space    used 2828K, committed 2944K, reserved 1048576K
}

Dll operation events (20 events):
Event: 0.737 Loaded shared library C:\Users\gabri\.openjfx\cache\21+31\amd64\api-ms-win-crt-locale-l1-1-0.dll
Event: 0.742 Loaded shared library C:\Users\gabri\.openjfx\cache\21+31\amd64\api-ms-win-crt-math-l1-1-0.dll
Event: 0.747 Loaded shared library C:\Users\gabri\.openjfx\cache\21+31\amd64\api-ms-win-crt-multibyte-l1-1-0.dll
Event: 0.753 Loaded shared library C:\Users\gabri\.openjfx\cache\21+31\amd64\api-ms-win-crt-private-l1-1-0.dll
Event: 0.758 Loaded shared library C:\Users\gabri\.openjfx\cache\21+31\amd64\api-ms-win-crt-process-l1-1-0.dll
Event: 0.763 Loaded shared library C:\Users\gabri\.openjfx\cache\21+31\amd64\api-ms-win-crt-runtime-l1-1-0.dll
Event: 0.767 Loaded shared library C:\Users\gabri\.openjfx\cache\21+31\amd64\api-ms-win-crt-stdio-l1-1-0.dll
Event: 0.771 Loaded shared library C:\Users\gabri\.openjfx\cache\21+31\amd64\api-ms-win-crt-string-l1-1-0.dll
Event: 0.775 Loaded shared library C:\Users\gabri\.openjfx\cache\21+31\amd64\api-ms-win-crt-time-l1-1-0.dll
Event: 0.779 Loaded shared library C:\Users\gabri\.openjfx\cache\21+31\amd64\api-ms-win-crt-utility-l1-1-0.dll
Event: 0.804 Loaded shared library C:\Users\gabri\.openjfx\cache\21+31\amd64\ucrtbase.dll
Event: 0.815 Loaded shared library C:\Users\gabri\.openjfx\cache\21+31\amd64\vcruntime140.dll
Event: 0.826 Loaded shared library C:\Users\gabri\.openjfx\cache\21+31\amd64\vcruntime140_1.dll
Event: 0.850 Loaded shared library C:\Users\gabri\.openjfx\cache\21+31\amd64\msvcp140.dll
Event: 0.860 Loaded shared library C:\Users\gabri\.openjfx\cache\21+31\amd64\msvcp140_1.dll
Event: 0.873 Loaded shared library C:\Users\gabri\.openjfx\cache\21+31\amd64\msvcp140_2.dll
Event: 0.941 Loaded shared library C:\Users\gabri\.openjfx\cache\21+31\amd64\prism_d3d.dll
Event: 1.036 Loaded shared library C:\Users\gabri\.openjfx\cache\21+31\amd64\glass.dll
Event: 1.264 Loaded shared library C:\Users\gabri\.jdks\corretto-21.0.6\bin\jimage.dll
Event: 1.440 Loaded shared library C:\Users\gabri\.openjfx\cache\21+31\amd64\javafx_font.dll

Deoptimization events (20 events):
Event: 1256.032 Thread 0x00000231eda32580 Uncommon trap: trap_request=0xffffffbe fr.pc=0x00000231de85f93c relative=0x00000000000010dc
Event: 1256.032 Thread 0x00000231eda32580 Uncommon trap: reason=profile_predicate action=maybe_recompile pc=0x00000231de85f93c method=javafx.scene.CssStyleHelper$CacheContainer.<init>(Ljavafx/scene/Node;Lcom/sun/javafx/css/StyleMap;I)V @ 164 c2
Event: 1256.032 Thread 0x00000231eda32580 DEOPT PACKING pc=0x00000231de85f93c sp=0x000000c8071fd2e0
Event: 1256.032 Thread 0x00000231eda32580 DEOPT UNPACKING pc=0x00000231ddf646a2 sp=0x000000c8071fd278 mode 2
Event: 1256.034 Thread 0x00000231eda32580 Uncommon trap: trap_request=0xffffffbe fr.pc=0x00000231de85f93c relative=0x00000000000010dc
Event: 1256.034 Thread 0x00000231eda32580 Uncommon trap: reason=profile_predicate action=maybe_recompile pc=0x00000231de85f93c method=javafx.scene.CssStyleHelper$CacheContainer.<init>(Ljavafx/scene/Node;Lcom/sun/javafx/css/StyleMap;I)V @ 164 c2
Event: 1256.034 Thread 0x00000231eda32580 DEOPT PACKING pc=0x00000231de85f93c sp=0x000000c8071fd230
Event: 1256.034 Thread 0x00000231eda32580 DEOPT UNPACKING pc=0x00000231ddf646a2 sp=0x000000c8071fd1c8 mode 2
Event: 1256.036 Thread 0x00000231eda32580 Uncommon trap: trap_request=0xffffffbe fr.pc=0x00000231de85f93c relative=0x00000000000010dc
Event: 1256.036 Thread 0x00000231eda32580 Uncommon trap: reason=profile_predicate action=maybe_recompile pc=0x00000231de85f93c method=javafx.scene.CssStyleHelper$CacheContainer.<init>(Ljavafx/scene/Node;Lcom/sun/javafx/css/StyleMap;I)V @ 164 c2
Event: 1256.036 Thread 0x00000231eda32580 DEOPT PACKING pc=0x00000231de85f93c sp=0x000000c8071fc8b0
Event: 1256.036 Thread 0x00000231eda32580 DEOPT UNPACKING pc=0x00000231ddf646a2 sp=0x000000c8071fc848 mode 2
Event: 1293.536 Thread 0x00000231eda34650 Uncommon trap: trap_request=0xffffff45 fr.pc=0x00000231de69626c relative=0x000000000000052c
Event: 1293.536 Thread 0x00000231eda34650 Uncommon trap: reason=unstable_if action=reinterpret pc=0x00000231de69626c method=java.util.concurrent.locks.AbstractQueuedSynchronizer$ConditionNode.isReleasable()Z @ 14 c2
Event: 1293.536 Thread 0x00000231eda34650 DEOPT PACKING pc=0x00000231de69626c sp=0x000000c806dfef00
Event: 1293.537 Thread 0x00000231eda34650 DEOPT UNPACKING pc=0x00000231ddf646a2 sp=0x000000c806dfed28 mode 2
Event: 1293.537 Thread 0x00000231eda34650 Uncommon trap: trap_request=0xffffff45 fr.pc=0x00000231de810478 relative=0x0000000000000058
Event: 1293.537 Thread 0x00000231eda34650 Uncommon trap: reason=unstable_if action=reinterpret pc=0x00000231de810478 method=java.lang.Thread.getAndClearInterrupt()Z @ 6 c2
Event: 1293.537 Thread 0x00000231eda34650 DEOPT PACKING pc=0x00000231de810478 sp=0x000000c806dfeeb0
Event: 1293.537 Thread 0x00000231eda34650 DEOPT UNPACKING pc=0x00000231ddf646a2 sp=0x000000c806dfede8 mode 2

Classes loaded (20 events):
Event: 855.026 Loading class sun/text/SupplementaryCharacterData
Event: 855.026 Loading class sun/text/SupplementaryCharacterData done
Event: 872.852 Loading class java/lang/invoke/DirectMethodHandle$Special
Event: 872.852 Loading class java/lang/invoke/DirectMethodHandle$Special done
Event: 880.759 Loading class java/io/ObjectOutputStream$BlockDataOutputStream
Event: 880.761 Loading class java/io/ObjectOutputStream$BlockDataOutputStream done
Event: 880.761 Loading class java/io/DataOutputStream
Event: 880.761 Loading class java/io/DataOutputStream done
Event: 880.761 Loading class java/io/ObjectOutputStream$HandleTable
Event: 880.762 Loading class java/io/ObjectOutputStream$HandleTable done
Event: 880.762 Loading class java/io/ObjectOutputStream$ReplaceTable
Event: 880.762 Loading class java/io/ObjectOutputStream$ReplaceTable done
Event: 880.765 Loading class java/nio/charset/CharacterCodingException
Event: 880.765 Loading class java/nio/charset/CharacterCodingException done
Event: 880.765 Loading class java/io/FileOutputStream$1
Event: 880.765 Loading class java/io/FileOutputStream$1 done
Event: 880.789 Loading class java/io/EOFException
Event: 880.789 Loading class java/io/EOFException done
Event: 880.789 Loading class java/io/SequenceInputStream
Event: 880.789 Loading class java/io/SequenceInputStream done

Classes unloaded (0 events):
No events

Classes redefined (0 events):
No events

Internal exceptions (20 events):
Event: 2.072 Thread 0x00000231eda32580 Exception <a 'java/lang/NoSuchMethodError'{0x0000000714836ab0}: 'int java.lang.invoke.DirectMethodHandle$Holder.invokeSpecial(java.lang.Object, java.lang.Object, java.lang.Object)'> (0x0000000714836ab0) 
thrown [s\src\hotspot\share\interpreter\linkResolver.cpp, line 773]
Event: 2.084 Thread 0x00000231eda32580 Exception <a 'java/lang/NoSuchMethodError'{0x000000071493a568}: 'java.lang.Object java.lang.invoke.DirectMethodHandle$Holder.newInvokeSpecial(java.lang.Object, java.lang.Object, int)'> (0x000000071493a568) 
thrown [s\src\hotspot\share\interpreter\linkResolver.cpp, line 773]
Event: 2.184 Thread 0x00000231eda32580 Exception <a 'java/lang/NoSuchMethodError'{0x0000000714651158}: 'long java.lang.invoke.DirectMethodHandle$Holder.invokeStatic(java.lang.Object, java.lang.Object, java.lang.Object)'> (0x0000000714651158) 
thrown [s\src\hotspot\share\interpreter\linkResolver.cpp, line 773]
Event: 2.185 Thread 0x00000231eda32580 Exception <a 'java/lang/NoSuchMethodError'{0x0000000714654818}: 'long java.lang.invoke.DirectMethodHandle$Holder.invokeStaticInit(java.lang.Object, java.lang.Object, java.lang.Object)'> (0x0000000714654818) 
thrown [s\src\hotspot\share\interpreter\linkResolver.cpp, line 773]
Event: 2.185 Thread 0x00000231eda34650 Exception <a 'java/lang/NoSuchMethodError'{0x00000007146cdd70}: 'int java.lang.invoke.DirectMethodHandle$Holder.invokeStaticInit(java.lang.Object, java.lang.Object)'> (0x00000007146cdd70) 
thrown [s\src\hotspot\share\interpreter\linkResolver.cpp, line 773]
Event: 2.192 Thread 0x00000231eda32580 Exception <a 'java/lang/NoSuchMethodError'{0x00000007146698f8}: 'java.lang.Object java.lang.invoke.DirectMethodHandle$Holder.newInvokeSpecial(java.lang.Object, java.lang.Object, long)'> (0x00000007146698f8) 
thrown [s\src\hotspot\share\interpreter\linkResolver.cpp, line 773]
Event: 2.193 Thread 0x00000231eda32580 Exception <a 'java/lang/NoSuchMethodError'{0x000000071466d250}: 'java.lang.Object java.lang.invoke.Invokers$Holder.linkToTargetMethod(java.lang.Object, long, java.lang.Object)'> (0x000000071466d250) 
thrown [s\src\hotspot\share\interpreter\linkResolver.cpp, line 773]
Event: 3.931 Thread 0x00000231eda32580 Exception <a 'java/lang/NoSuchMethodError'{0x0000000714033ac0}: 'java.lang.Object java.lang.invoke.DirectMethodHandle$Holder.newInvokeSpecial(java.lang.Object, java.lang.Object, java.lang.Object, java.lang.Object, java.lang.Object, java.lang.Object, java.lang.Object, java.lang.Object, java.lang.Object)'> (0x0000000714033ac0) 
thrown [s\src\hotspot\share\interpreter\linkResolver.cpp, line 773]
Event: 261.143 Thread 0x00000231eda32580 Exception <a 'java/lang/NoSuchMethodError'{0x0000000713d6e6e8}: 'java.lang.Object java.lang.invoke.DirectMethodHandle$Holder.newInvokeSpecial(java.lang.Object, java.lang.Object, int, int, int, int, int, java.lang.Object)'> (0x0000000713d6e6e8) 
thrown [s\src\hotspot\share\interpreter\linkResolver.cpp, line 773]
Event: 261.148 Thread 0x00000231eda32580 Exception <a 'java/lang/NoSuchMethodError'{0x0000000713d80e80}: 'java.lang.Object java.lang.invoke.DirectMethodHandle$Holder.newInvokeSpecial(java.lang.Object, java.lang.Object, java.lang.Object, int, int, int, int, int)'> (0x0000000713d80e80) 
thrown [s\src\hotspot\share\interpreter\linkResolver.cpp, line 773]
Event: 261.148 Thread 0x00000231eda32580 Exception <a 'java/lang/NoSuchMethodError'{0x0000000713d88580}: 'java.lang.Object java.lang.invoke.Invokers$Holder.linkToTargetMethod(java.lang.Object, java.lang.Object, int, int, int, int, int, java.lang.Object)'> (0x0000000713d88580) 
thrown [s\src\hotspot\share\interpreter\linkResolver.cpp, line 773]
Event: 288.826 Thread 0x00000231eda32580 Implicit null exception at 0x00000231de672faf to 0x00000231de673054
Event: 873.015 Thread 0x00000231eda32580 Exception <a 'java/lang/NoSuchMethodError'{0x000000070f6cdd48}: 'java.lang.Object java.lang.invoke.Invokers$Holder.linkToTargetMethod(java.lang.Object, java.lang.Object, int, java.lang.Object, java.lang.Object)'> (0x000000070f6cdd48) 
thrown [s\src\hotspot\share\interpreter\linkResolver.cpp, line 773]
Event: 873.115 Thread 0x00000231eda32580 Exception <a 'java/lang/NoSuchMethodError'{0x000000070f20cef8}: 'java.lang.Object java.lang.invoke.DirectMethodHandle$Holder.invokeSpecial(java.lang.Object, java.lang.Object, java.lang.Object, java.lang.Object, java.lang.Object, int)'> (0x000000070f20cef8) 
thrown [s\src\hotspot\share\interpreter\linkResolver.cpp, line 773]
Event: 873.117 Thread 0x00000231eda32580 Exception <a 'java/lang/NoSuchMethodError'{0x000000070f210c28}: 'java.lang.Object java.lang.invoke.Invokers$Holder.linkToTargetMethod(java.lang.Object, java.lang.Object, java.lang.Object, int, java.lang.Object)'> (0x000000070f210c28) 
thrown [s\src\hotspot\share\interpreter\linkResolver.cpp, line 773]
Event: 876.617 Thread 0x00000231eda32580 Exception <a 'java/lang/NoSuchMethodError'{0x000000070ef4b750}: 'java.lang.Object java.lang.invoke.DirectMethodHandle$Holder.newInvokeSpecial(java.lang.Object, java.lang.Object, java.lang.Object, java.lang.Object, java.lang.Object, java.lang.Object, java.lang.Object, java.lang.Object)'> (0x000000070ef4b750) 
thrown [s\src\hotspot\share\interpreter\linkResolver.cpp, line 773]
Event: 876.638 Thread 0x00000231eda32580 Implicit null exception at 0x00000231de76d108 to 0x00000231de76da88
Event: 880.803 Thread 0x00000231eda32580 Implicit null exception at 0x00000231de786e07 to 0x00000231de78dc30
Event: 891.269 Thread 0x00000231eda34650 Exception <a 'java/lang/NoSuchMethodError'{0x00000007149c0338}: 'java.lang.Object java.lang.invoke.DirectMethodHandle$Holder.invokeStaticInit(java.lang.Object, int)'> (0x00000007149c0338) 
thrown [s\src\hotspot\share\interpreter\linkResolver.cpp, line 773]
Event: 892.101 Thread 0x00000231eda32580 Implicit null exception at 0x00000231de721285 to 0x00000231de721ddc

ZGC Phase Switch (0 events):
No events

VM Operations (20 events):
Event: 1253.714 Executing VM operation: Cleanup done
Event: 1254.714 Executing VM operation: Cleanup
Event: 1254.714 Executing VM operation: Cleanup done
Event: 1255.714 Executing VM operation: Cleanup
Event: 1255.714 Executing VM operation: Cleanup done
Event: 1256.715 Executing VM operation: Cleanup
Event: 1256.715 Executing VM operation: Cleanup done
Event: 1262.717 Executing VM operation: Cleanup
Event: 1262.717 Executing VM operation: Cleanup done
Event: 1262.792 Executing VM operation: HandshakeAllThreads (HandshakeForDeflation)
Event: 1262.792 Executing VM operation: HandshakeAllThreads (HandshakeForDeflation) done
Event: 1262.792 Executing VM operation: RendezvousGCThreads
Event: 1262.792 Executing VM operation: RendezvousGCThreads done
Event: 1263.793 Executing VM operation: Cleanup
Event: 1263.793 Executing VM operation: Cleanup done
Event: 1274.798 Executing VM operation: Cleanup
Event: 1274.798 Executing VM operation: Cleanup done
Event: 1287.804 Executing VM operation: Cleanup
Event: 1287.804 Executing VM operation: Cleanup done
Event: 1293.540 Executing VM operation: Exit

Memory protections (0 events):
No events

Nmethod flushes (0 events):
No events

Events (20 events):
Event: 875.289 Thread 0x00000231edb4f170 Thread exited: 0x00000231edb4f170
Event: 876.631 Thread 0x00000231eda45100 Thread added: 0x00000231edb4f170
Event: 877.668 Thread 0x00000231edb4f170 Thread exited: 0x00000231edb4f170
Event: 880.794 Thread 0x00000231eda45100 Thread added: 0x00000231f9696810
Event: 882.406 Thread 0x00000231f9696810 Thread exited: 0x00000231f9696810
Event: 887.177 Thread 0x00000231eda45100 Thread added: 0x00000231f881deb0
Event: 887.321 Thread 0x00000231f881deb0 Thread exited: 0x00000231f881deb0
Event: 891.290 Thread 0x00000231eda45100 Thread added: 0x00000231f24ca900
Event: 891.732 Thread 0x00000231f24ca900 Thread exited: 0x00000231f24ca900
Event: 892.197 Thread 0x00000231eda44540 Thread added: 0x00000231f9228e10
Event: 894.179 Thread 0x00000231f9228e10 Thread exited: 0x00000231f9228e10
Event: 1191.066 Thread 0x00000231eda45100 Thread added: 0x00000231c2591ff0
Event: 1196.082 Thread 0x00000231c2591ff0 Thread exited: 0x00000231c2591ff0
Event: 1263.678 Thread 0x00000231eda44540 Thread added: 0x00000231c2591ff0
Event: 1264.756 Thread 0x00000231c2591ff0 Thread exited: 0x00000231c2591ff0
Event: 1293.532 Thread 0x00000231eda32580 Thread added: 0x00000231f30b96f0
Event: 1293.534 Thread 0x00000231eda32580 Thread added: 0x00000231f30baaa0
Event: 1293.535 Thread 0x00000231f30b96f0 Thread exited: 0x00000231f30b96f0
Event: 1293.538 Thread 0x00000231f30baaa0 Thread exited: 0x00000231f30baaa0
Event: 1293.538 Thread 0x00000231eda32580 Before exit entered


Dynamic libraries:
0x00007ff78e030000 - 0x00007ff78e03e000 	C:\Users\gabri\.jdks\corretto-21.0.6\bin\java.exe
0x00007ff9ecfe0000 - 0x00007ff9ed246000 	C:\WINDOWS\SYSTEM32\ntdll.dll
0x00007ff9eb5a0000 - 0x00007ff9eb669000 	C:\WINDOWS\System32\KERNEL32.DLL
0x00007ff9ea2c0000 - 0x00007ff9ea68c000 	C:\WINDOWS\System32\KERNELBASE.dll
0x00007ff9ea910000 - 0x00007ff9eaa5b000 	C:\WINDOWS\System32\ucrtbase.dll
0x00007ff9d8470000 - 0x00007ff9d848b000 	C:\Users\gabri\.jdks\corretto-21.0.6\bin\VCRUNTIME140.dll
0x00007ff9d55a0000 - 0x00007ff9d55b8000 	C:\Users\gabri\.jdks\corretto-21.0.6\bin\jli.dll
0x00007ff9ec670000 - 0x00007ff9ec83a000 	C:\WINDOWS\System32\USER32.dll
0x00007ff9cbf90000 - 0x00007ff9cc22a000 	C:\WINDOWS\WinSxS\amd64_microsoft.windows.common-controls_6595b64144ccf1df_6.0.26100.3912_none_3e07963ce335137e\COMCTL32.dll
0x00007ff9ebc10000 - 0x00007ff9ebcb9000 	C:\WINDOWS\System32\msvcrt.dll
0x00007ff9eaca0000 - 0x00007ff9eacc7000 	C:\WINDOWS\System32\win32u.dll
0x00007ff9eb330000 - 0x00007ff9eb35b000 	C:\WINDOWS\System32\GDI32.dll
0x00007ff9ea720000 - 0x00007ff9ea852000 	C:\WINDOWS\System32\gdi32full.dll
0x00007ff9ea860000 - 0x00007ff9ea903000 	C:\WINDOWS\System32\msvcp_win.dll
0x00007ff9eb670000 - 0x00007ff9eb6a0000 	C:\WINDOWS\System32\IMM32.DLL
0x00007ff9d9090000 - 0x00007ff9d909c000 	C:\Users\gabri\.jdks\corretto-21.0.6\bin\vcruntime140_1.dll
0x00007ff9af6c0000 - 0x00007ff9af74d000 	C:\Users\gabri\.jdks\corretto-21.0.6\bin\msvcp140.dll
0x00007ff982090000 - 0x00007ff982e2f000 	C:\Users\gabri\.jdks\corretto-21.0.6\bin\server\jvm.dll
0x00007ff9eb4e0000 - 0x00007ff9eb592000 	C:\WINDOWS\System32\ADVAPI32.dll
0x00007ff9ec130000 - 0x00007ff9ec1d6000 	C:\WINDOWS\System32\sechost.dll
0x00007ff9eb8b0000 - 0x00007ff9eb9c6000 	C:\WINDOWS\System32\RPCRT4.dll
0x00007ff9eb360000 - 0x00007ff9eb3d4000 	C:\WINDOWS\System32\WS2_32.dll
0x00007ff9e9f90000 - 0x00007ff9e9fee000 	C:\WINDOWS\SYSTEM32\POWRPROF.dll
0x00007ff9d5060000 - 0x00007ff9d506b000 	C:\WINDOWS\SYSTEM32\VERSION.dll
0x00007ff9e6950000 - 0x00007ff9e6986000 	C:\WINDOWS\SYSTEM32\WINMM.dll
0x00007ff9e9f70000 - 0x00007ff9e9f84000 	C:\WINDOWS\SYSTEM32\UMPDC.dll
0x00007ff9e8f00000 - 0x00007ff9e8f1a000 	C:\WINDOWS\SYSTEM32\kernel.appcore.dll
0x00007ff9d5590000 - 0x00007ff9d559a000 	C:\Users\gabri\.jdks\corretto-21.0.6\bin\jimage.dll
0x00007ff9e77c0000 - 0x00007ff9e7a01000 	C:\WINDOWS\SYSTEM32\DBGHELP.DLL
0x00007ff9ead70000 - 0x00007ff9eb0f4000 	C:\WINDOWS\System32\combase.dll
0x00007ff9ebf70000 - 0x00007ff9ec050000 	C:\WINDOWS\System32\OLEAUT32.dll
0x00007ff9c4430000 - 0x00007ff9c4469000 	C:\WINDOWS\SYSTEM32\dbgcore.DLL
0x00007ff9eacd0000 - 0x00007ff9ead69000 	C:\WINDOWS\System32\bcryptPrimitives.dll
0x00007ff9d50c0000 - 0x00007ff9d50ce000 	C:\Users\gabri\.jdks\corretto-21.0.6\bin\instrument.dll
0x00007ff9d5470000 - 0x00007ff9d548f000 	C:\Users\gabri\.jdks\corretto-21.0.6\bin\java.dll
0x00007ff9ec840000 - 0x00007ff9ecf6d000 	C:\WINDOWS\System32\SHELL32.dll
0x00007ff9eab20000 - 0x00007ff9eac94000 	C:\WINDOWS\System32\wintypes.dll
0x00007ff9e7d80000 - 0x00007ff9e85d6000 	C:\WINDOWS\SYSTEM32\windows.storage.dll
0x00007ff9eb3e0000 - 0x00007ff9eb4cf000 	C:\WINDOWS\System32\SHCORE.dll
0x00007ff9ec060000 - 0x00007ff9ec0c9000 	C:\WINDOWS\System32\shlwapi.dll
0x00007ff9ea050000 - 0x00007ff9ea07f000 	C:\WINDOWS\SYSTEM32\profapi.dll
0x00007ff99a370000 - 0x00007ff99a447000 	C:\Users\gabri\.jdks\corretto-21.0.6\bin\jsvml.dll
0x00007ff9d50f0000 - 0x00007ff9d5100000 	C:\Users\gabri\.jdks\corretto-21.0.6\bin\net.dll
0x00007ff9d8950000 - 0x00007ff9d8a6e000 	C:\WINDOWS\SYSTEM32\WINHTTP.dll
0x00007ff9e9470000 - 0x00007ff9e94da000 	C:\WINDOWS\system32\mswsock.dll
0x00007ff9d50d0000 - 0x00007ff9d50e6000 	C:\Users\gabri\.jdks\corretto-21.0.6\bin\nio.dll
0x00007ff9d4bd0000 - 0x00007ff9d4be8000 	C:\Users\gabri\.jdks\corretto-21.0.6\bin\zip.dll
0x00000231cc110000 - 0x00000231cc113000 	C:\Users\gabri\.openjfx\cache\21+31\amd64\api-ms-win-core-console-l1-1-0.dll
0x00000231cc120000 - 0x00000231cc123000 	C:\Users\gabri\.openjfx\cache\21+31\amd64\api-ms-win-core-console-l1-2-0.dll
0x00000231cc130000 - 0x00000231cc133000 	C:\Users\gabri\.openjfx\cache\21+31\amd64\api-ms-win-core-datetime-l1-1-0.dll
0x00000231cc140000 - 0x00000231cc143000 	C:\Users\gabri\.openjfx\cache\21+31\amd64\api-ms-win-core-debug-l1-1-0.dll
0x00000231cc150000 - 0x00000231cc153000 	C:\Users\gabri\.openjfx\cache\21+31\amd64\api-ms-win-core-errorhandling-l1-1-0.dll
0x00000231cc160000 - 0x00000231cc164000 	C:\Users\gabri\.openjfx\cache\21+31\amd64\api-ms-win-core-file-l1-1-0.dll
0x00000231cc170000 - 0x00000231cc173000 	C:\Users\gabri\.openjfx\cache\21+31\amd64\api-ms-win-core-file-l1-2-0.dll
0x00000231cc190000 - 0x00000231cc193000 	C:\Users\gabri\.openjfx\cache\21+31\amd64\api-ms-win-core-file-l2-1-0.dll
0x00000231cc1a0000 - 0x00000231cc1a3000 	C:\Users\gabri\.openjfx\cache\21+31\amd64\api-ms-win-core-handle-l1-1-0.dll
0x00000231cc1b0000 - 0x00000231cc1b3000 	C:\Users\gabri\.openjfx\cache\21+31\amd64\api-ms-win-core-heap-l1-1-0.dll
0x00000231cc1c0000 - 0x00000231cc1c3000 	C:\Users\gabri\.openjfx\cache\21+31\amd64\api-ms-win-core-interlocked-l1-1-0.dll
0x00000231cc1d0000 - 0x00000231cc1d3000 	C:\Users\gabri\.openjfx\cache\21+31\amd64\api-ms-win-core-libraryloader-l1-1-0.dll
0x00000231cc1e0000 - 0x00000231cc1e3000 	C:\Users\gabri\.openjfx\cache\21+31\amd64\api-ms-win-core-localization-l1-2-0.dll
0x00000231ce280000 - 0x00000231ce283000 	C:\Users\gabri\.openjfx\cache\21+31\amd64\api-ms-win-core-memory-l1-1-0.dll
0x00000231ce290000 - 0x00000231ce293000 	C:\Users\gabri\.openjfx\cache\21+31\amd64\api-ms-win-core-namedpipe-l1-1-0.dll
0x00000231ce2a0000 - 0x00000231ce2a3000 	C:\Users\gabri\.openjfx\cache\21+31\amd64\api-ms-win-core-processenvironment-l1-1-0.dll
0x00000231ce2b0000 - 0x00000231ce2b3000 	C:\Users\gabri\.openjfx\cache\21+31\amd64\api-ms-win-core-processthreads-l1-1-0.dll
0x00000231ede60000 - 0x00000231ede63000 	C:\Users\gabri\.openjfx\cache\21+31\amd64\api-ms-win-core-processthreads-l1-1-1.dll
0x00000231ede70000 - 0x00000231ede73000 	C:\Users\gabri\.openjfx\cache\21+31\amd64\api-ms-win-core-profile-l1-1-0.dll
0x00000231ede80000 - 0x00000231ede83000 	C:\Users\gabri\.openjfx\cache\21+31\amd64\api-ms-win-core-rtlsupport-l1-1-0.dll
0x00000231ede90000 - 0x00000231ede93000 	C:\Users\gabri\.openjfx\cache\21+31\amd64\api-ms-win-core-string-l1-1-0.dll
0x00000231edea0000 - 0x00000231edea3000 	C:\Users\gabri\.openjfx\cache\21+31\amd64\api-ms-win-core-synch-l1-1-0.dll
0x00000231edeb0000 - 0x00000231edeb3000 	C:\Users\gabri\.openjfx\cache\21+31\amd64\api-ms-win-core-synch-l1-2-0.dll
0x00000231edec0000 - 0x00000231edec3000 	C:\Users\gabri\.openjfx\cache\21+31\amd64\api-ms-win-core-sysinfo-l1-1-0.dll
0x00000231eded0000 - 0x00000231eded3000 	C:\Users\gabri\.openjfx\cache\21+31\amd64\api-ms-win-core-timezone-l1-1-0.dll
0x00000231edee0000 - 0x00000231edee3000 	C:\Users\gabri\.openjfx\cache\21+31\amd64\api-ms-win-core-util-l1-1-0.dll
0x00000231edef0000 - 0x00000231edef3000 	C:\Users\gabri\.openjfx\cache\21+31\amd64\api-ms-win-crt-conio-l1-1-0.dll
0x00000231edf00000 - 0x00000231edf04000 	C:\Users\gabri\.openjfx\cache\21+31\amd64\api-ms-win-crt-convert-l1-1-0.dll
0x00000231edf10000 - 0x00000231edf13000 	C:\Users\gabri\.openjfx\cache\21+31\amd64\api-ms-win-crt-environment-l1-1-0.dll
0x00000231edf20000 - 0x00000231edf23000 	C:\Users\gabri\.openjfx\cache\21+31\amd64\api-ms-win-crt-filesystem-l1-1-0.dll
0x00000231edf30000 - 0x00000231edf33000 	C:\Users\gabri\.openjfx\cache\21+31\amd64\api-ms-win-crt-heap-l1-1-0.dll
0x00000231edf40000 - 0x00000231edf43000 	C:\Users\gabri\.openjfx\cache\21+31\amd64\api-ms-win-crt-locale-l1-1-0.dll
0x00000231edf50000 - 0x00000231edf55000 	C:\Users\gabri\.openjfx\cache\21+31\amd64\api-ms-win-crt-math-l1-1-0.dll
0x00000231edf60000 - 0x00000231edf65000 	C:\Users\gabri\.openjfx\cache\21+31\amd64\api-ms-win-crt-multibyte-l1-1-0.dll
0x00000231edf70000 - 0x00000231edf80000 	C:\Users\gabri\.openjfx\cache\21+31\amd64\api-ms-win-crt-private-l1-1-0.dll
0x00000231edf80000 - 0x00000231edf83000 	C:\Users\gabri\.openjfx\cache\21+31\amd64\api-ms-win-crt-process-l1-1-0.dll
0x00000231edf90000 - 0x00000231edf94000 	C:\Users\gabri\.openjfx\cache\21+31\amd64\api-ms-win-crt-runtime-l1-1-0.dll
0x00000231edfa0000 - 0x00000231edfa4000 	C:\Users\gabri\.openjfx\cache\21+31\amd64\api-ms-win-crt-stdio-l1-1-0.dll
0x00000231edfb0000 - 0x00000231edfb4000 	C:\Users\gabri\.openjfx\cache\21+31\amd64\api-ms-win-crt-string-l1-1-0.dll
0x00000231edfc0000 - 0x00000231edfc3000 	C:\Users\gabri\.openjfx\cache\21+31\amd64\api-ms-win-crt-time-l1-1-0.dll
0x00000231edfd0000 - 0x00000231edfd3000 	C:\Users\gabri\.openjfx\cache\21+31\amd64\api-ms-win-crt-utility-l1-1-0.dll
0x00007ff99a270000 - 0x00007ff99a36c000 	C:\Users\gabri\.openjfx\cache\21+31\amd64\ucrtbase.dll
0x00007ff9d4a40000 - 0x00007ff9d4a5b000 	C:\Users\gabri\.openjfx\cache\21+31\amd64\vcruntime140.dll
0x00007ff9d4b80000 - 0x00007ff9d4b8c000 	C:\Users\gabri\.openjfx\cache\21+31\amd64\vcruntime140_1.dll
0x00007ff9a1b70000 - 0x00007ff9a1bfe000 	C:\Users\gabri\.openjfx\cache\21+31\amd64\msvcp140.dll
0x00007ff9eba60000 - 0x00007ff9ebbff000 	C:\WINDOWS\System32\ole32.dll
0x00007ff9d4a90000 - 0x00007ff9d4a99000 	C:\Users\gabri\.openjfx\cache\21+31\amd64\msvcp140_1.dll
0x00007ff9d49d0000 - 0x00007ff9d49ff000 	C:\Users\gabri\.openjfx\cache\21+31\amd64\msvcp140_2.dll
0x00007ff9d45c0000 - 0x00007ff9d45ef000 	C:\Users\gabri\.openjfx\cache\21+31\amd64\prism_d3d.dll
0x00007ff993870000 - 0x00007ff993a25000 	C:\WINDOWS\system32\d3d9.dll
0x00007ff9e7170000 - 0x00007ff9e71a6000 	C:\WINDOWS\SYSTEM32\dwmapi.dll
0x00007ff9e71c0000 - 0x00007ff9e7207000 	C:\WINDOWS\SYSTEM32\dxcore.dll
0x00007ff9e6e30000 - 0x00007ff9e6edf000 	C:\WINDOWS\system32\uxtheme.dll
0x00007ff977c60000 - 0x00007ff977eee000 	C:\WINDOWS\System32\DriverStore\FileRepository\iigd_dch.inf_amd64_de4d8dbdd2d25cdd\igdumdim64.dll
0x00007ff968ba0000 - 0x00007ff96a139000 	C:\WINDOWS\System32\DriverStore\FileRepository\iigd_dch.inf_amd64_de4d8dbdd2d25cdd\igd9trinity64.dll
0x00007ff9e6ff0000 - 0x00007ff9e7123000 	C:\WINDOWS\system32\dxgi.dll
0x00007ff9e6f80000 - 0x00007ff9e6fe0000 	C:\WINDOWS\SYSTEM32\directxdatabasehelper.dll
0x00007ff9e9c90000 - 0x00007ff9e9ce7000 	C:\WINDOWS\SYSTEM32\cfgmgr32.dll
0x00007ff9de290000 - 0x00007ff9de6d2000 	C:\WINDOWS\System32\DriverStore\FileRepository\iigd_dch.inf_amd64_de4d8dbdd2d25cdd\igdgmm64.dll
0x00007ff9de900000 - 0x00007ff9de926000 	C:\WINDOWS\System32\DriverStore\FileRepository\iigd_dch.inf_amd64_de4d8dbdd2d25cdd\igc64.dll
0x00007ff94d910000 - 0x00007ff94d95e000 	C:\WINDOWS\SYSTEM32\ControlLib.dll
0x00007ff9a6cf0000 - 0x00007ff9a6d91000 	C:\WINDOWS\System32\DriverStore\FileRepository\iigd_dch.inf_amd64_de4d8dbdd2d25cdd\IntelControlLib.dll
0x00007ff94fb70000 - 0x00007ff9510a7000 	C:\WINDOWS\System32\DriverStore\FileRepository\iigd_dch.inf_amd64_de4d8dbdd2d25cdd\igd9dxva64.dll
0x00007ff9ec1e0000 - 0x00007ff9ec666000 	C:\WINDOWS\System32\SETUPAPI.dll
0x00007ff9ce7c0000 - 0x00007ff9d04ee000 	C:\WINDOWS\System32\DriverStore\FileRepository\iigd_dch.inf_amd64_de4d8dbdd2d25cdd\media_bin_64.dll
0x00007ff9d2ff0000 - 0x00007ff9d3032000 	C:\Users\gabri\.openjfx\cache\21+31\amd64\glass.dll
0x00007ff9ebcf0000 - 0x00007ff9ebde4000 	C:\WINDOWS\System32\COMDLG32.dll
0x00007ff9eb6b0000 - 0x00007ff9eb80f000 	C:\WINDOWS\System32\MSCTF.dll
0x00007ff9d9420000 - 0x00007ff9ddc72000 	C:\WINDOWS\System32\DriverStore\FileRepository\iigd_dch.inf_amd64_de4d8dbdd2d25cdd\igc-default64.dll
0x00007ff9777a0000 - 0x00007ff9778e4000 	C:\WINDOWS\System32\DriverStore\FileRepository\iigd_dch.inf_amd64_de4d8dbdd2d25cdd\igdml64.dll
0x00007ff9d5070000 - 0x00007ff9d5099000 	C:\WINDOWS\System32\DriverStore\FileRepository\iigd_dch.inf_amd64_de4d8dbdd2d25cdd\igdinfo64.dll
0x00007ff9d4890000 - 0x00007ff9d48a4000 	C:\Users\gabri\.openjfx\cache\21+31\amd64\javafx_font.dll
0x00007ff9e5230000 - 0x00007ff9e5499000 	C:\WINDOWS\SYSTEM32\dwrite.dll
0x00007ff9ebdf0000 - 0x00007ff9ebe98000 	C:\WINDOWS\System32\clbcatq.dll
0x00007ff9e4ff0000 - 0x00007ff9e522a000 	C:\WINDOWS\SYSTEM32\WindowsCodecs.dll
0x00007ff9cd640000 - 0x00007ff9cd69a000 	C:\WINDOWS\system32\dataexchange.dll
0x00007ff9d78a0000 - 0x00007ff9d7adc000 	C:\WINDOWS\system32\twinapi.appcore.dll
0x00007ff9d4570000 - 0x00007ff9d459c000 	C:\Program Files\Common Files\Microsoft Shared\Ink\rtscom.dll
0x00007ff9d2370000 - 0x00007ff9d24bd000 	C:\WINDOWS\SYSTEM32\textinputframework.dll
0x00007ff9e63f0000 - 0x00007ff9e6516000 	C:\WINDOWS\SYSTEM32\CoreMessaging.dll
0x00007ff9e04f0000 - 0x00007ff9e07d3000 	C:\WINDOWS\SYSTEM32\CoreUIComponents.dll

dbghelp: loaded successfully - version: 4.0.5 - missing functions: none
symbol engine: initialized successfully - sym options: 0x614 - pdb path: .;C:\Users\gabri\.jdks\corretto-21.0.6\bin;C:\WINDOWS\SYSTEM32;C:\WINDOWS\WinSxS\amd64_microsoft.windows.common-controls_6595b64144ccf1df_6.0.26100.3912_none_3e07963ce335137e;C:\Users\gabri\.jdks\corretto-21.0.6\bin\server;C:\Users\gabri\.openjfx\cache\21+31\amd64;C:\WINDOWS\System32\DriverStore\FileRepository\iigd_dch.inf_amd64_de4d8dbdd2d25cdd;C:\Program Files\Common Files\Microsoft Shared\Ink

VM Arguments:
jvm_args: -javaagent:C:\Program Files\JetBrains\IntelliJ IDEA Community Edition 2024.3.3\lib\idea_rt.jar=61920 -Dfile.encoding=UTF-8 -Dsun.stdout.encoding=UTF-8 -Dsun.stderr.encoding=UTF-8 --module-path=C:\workspace - intellij\Aula_OOP\Pojeto_OOP\Projeto_JavaFX\target\classes;C:\Users\gabri\.m2\repository\org\controlsfx\controlsfx\11.2.1\controlsfx-11.2.1.jar;C:\Users\gabri\.m2\repository\org\kordamp\bootstrapfx\bootstrapfx-core\0.4.0\bootstrapfx-core-0.4.0.jar;C:\Users\gabri\.m2\repository\org\openjfx\javafx-graphics\21\javafx-graphics-21-win.jar;C:\Users\gabri\.m2\repository\org\openjfx\javafx-fxml\21\javafx-fxml-21-win.jar;C:\Users\gabri\.m2\repository\org\openjfx\javafx-controls\21\javafx-controls-21-win.jar;C:\Users\gabri\.m2\repository\org\openjfx\javafx-base\21\javafx-base-21-win.jar -Djdk.module.main=com.example.demo 
java_command: com.example.demo/com.example.demo.MainApp
java_class_path (initial): C:\Users\gabri\.m2\repository\org\openjfx\javafx-controls\21\javafx-controls-21.jar;C:\Users\gabri\.m2\repository\org\openjfx\javafx-graphics\21\javafx-graphics-21.jar;C:\Users\gabri\.m2\repository\org\openjfx\javafx-base\21\javafx-base-21.jar;C:\Users\gabri\.m2\repository\org\openjfx\javafx-fxml\21\javafx-fxml-21.jar
Launcher Type: SUN_STANDARD

[Global flags]
     intx CICompilerCount                          = 4                                         {product} {ergonomic}
     uint ConcGCThreads                            = 3                                         {product} {ergonomic}
     uint G1ConcRefinementThreads                  = 10                                        {product} {ergonomic}
   size_t G1HeapRegionSize                         = 2097152                                   {product} {ergonomic}
    uintx GCDrainStackTargetSize                   = 64                                        {product} {ergonomic}
   size_t InitialHeapSize                          = 264241152                                 {product} {ergonomic}
   size_t MarkStackSize                            = 4194304                                   {product} {ergonomic}
   size_t MaxHeapSize                              = 4213178368                                {product} {ergonomic}
   size_t MaxNewSize                               = 2527068160                                {product} {ergonomic}
   size_t MinHeapDeltaBytes                        = 2097152                                   {product} {ergonomic}
   size_t MinHeapSize                              = 8388608                                   {product} {ergonomic}
    uintx NonNMethodCodeHeapSize                   = 5839372                                {pd product} {ergonomic}
    uintx NonProfiledCodeHeapSize                  = 122909434                              {pd product} {ergonomic}
    uintx ProfiledCodeHeapSize                     = 122909434                              {pd product} {ergonomic}
    uintx ReservedCodeCacheSize                    = 251658240                              {pd product} {ergonomic}
     bool SegmentedCodeCache                       = true                                      {product} {ergonomic}
   size_t SoftMaxHeapSize                          = 4213178368                             {manageable} {ergonomic}
     bool UseCompressedOops                        = true                           {product lp64_product} {ergonomic}
     bool UseG1GC                                  = true                                      {product} {ergonomic}
     bool UseLargePagesIndividualAllocation        = false                                  {pd product} {ergonomic}

Logging:
Log output configuration:
 #0: stdout all=off uptime,level,tags foldmultilines=false
 #1: stderr all=off uptime,level,tags foldmultilines=false

Environment Variables:
JAVA_HOME=C:\Program Files\Java\zulu17.56.15-ca-jdk17.0.14-win_i686
PATH=C:\Program Files\Java\zulu17.56.15-ca-jdk17.0.14-win_i686\bin;C:\Users\gabri\AppData\Local\Programs\Python\Python312\Scripts\;C:\Users\gabri\AppData\Local\Programs\Python\Python312\;C:\WINDOWS\system32;C:\WINDOWS;C:\WINDOWS\System32\Wbem;C:\WINDOWS\System32\WindowsPowerShell\v1.0\;C:\WINDOWS\System32\OpenSSH\;C:\Program Files\dotnet\;C:\xampp\php;C:\php;C:\Program Files\nodejs\;C:\ProgramData\chocolatey\bin;C:\Program Files\Git\cmd;C:\ProgramData\ComposerSetup\bin;C:\Program Files\MySQL\MySQL Shell 8.0\bin\;C:\Users\gabri\AppData\Local\Microsoft\WindowsApps;C:\Users\gabri\AppData\Local\Programs\Microsoft VS Code\bin;C:\Users\gabri\AppData\Local\GitHubDesktop\bin;C:\Users\gabri\AppData\Roaming\npm;C:\Users\gabri\AppData\Local\Programs\cursor\resources\app\bin;C:\Users\gabri\AppData\Roaming\Composer\vendor\bin
USERNAME=gabri
OS=Windows_NT
PROCESSOR_IDENTIFIER=Intel64 Family 6 Model 154 Stepping 4, GenuineIntel
TMP=C:\Users\gabri\AppData\Local\Temp
TEMP=C:\Users\gabri\AppData\Local\Temp




Periodic native trim disabled

---------------  S Y S T E M  ---------------

OS:
 Windows 11 , 64 bit Build 26100 (10.0.26100.3912)
OS uptime: 8 days 23:54 hours
Hyper-V role detected

CPU: total 12 (initial active 12) (6 cores per cpu, 2 threads per core) family 6 model 154 stepping 4 microcode 0x435, cx8, cmov, fxsr, ht, mmx, 3dnowpref, sse, sse2, sse3, ssse3, sse4.1, sse4.2, popcnt, lzcnt, tsc, tscinvbit, avx, avx2, aes, erms, clmul, bmi1, bmi2, adx, sha, fma, vzeroupper, clflush, clflushopt, clwb, hv, serialize, rdtscp, rdpid, fsrm, f16c, cet_ibt, cet_ss
Processor Information for the first 12 processors :
  Max Mhz: 1300, Current Mhz: 1300, Mhz Limit: 1300

Memory: 4k page, system-wide physical 16068M (4499M free)
TotalPageFile size 18500M (AvailPageFile size 4084M)
current process WorkingSet (physical memory assigned to process): 353M, peak: 389M
current process commit charge ("private bytes"): 534M, peak: 572M

vm_info: OpenJDK 64-Bit Server VM (21.0.6+7-LTS) for windows-amd64 JRE (21.0.6+7-LTS), built on 2025-01-07T23:42:01Z by "Administrator" with MS VC++ 16.10 / 16.11 (VS2019)

END.
