#
# A fatal error has been detected by the Java Runtime Environment:
#
#  EXCEPTION_ACCESS_VIOLATION (0xc0000005) at pc=0x00007ff995dc6587, pid=15752, tid=3384
#
# JRE version: OpenJDK Runtime Environment Corretto-21.0.6.7.1 (21.0.6+7) (build 21.0.6+7-LTS)
# Java VM: OpenJDK 64-Bit Server VM Corretto-21.0.6.7.1 (21.0.6+7-LTS, mixed mode, sharing, tiered, compressed oops, compressed class ptrs, g1 gc, windows-amd64)
# Problematic frame:
# C  [glass.dll+0x26587]
#
# No core dump will be written. Minidumps are not enabled by default on client versions of Windows
#
# If you would like to submit a bug report, please visit:
#   https://github.com/corretto/corretto-21/issues/
#

---------------  S U M M A R Y ------------

Command Line: -javaagent:C:\Program Files\JetBrains\IntelliJ IDEA Community Edition 2024.3.3\lib\idea_rt.jar=62197 -Dfile.encoding=UTF-8 -Dsun.stdout.encoding=UTF-8 -Dsun.stderr.encoding=UTF-8 --module-path=C:\Users\gabri\.m2\repository\org\openjfx\javafx-fxml\21\javafx-fxml-21-win.jar;C:\Users\gabri\.m2\repository\org\openjfx\javafx-graphics\21\javafx-graphics-21-win.jar;C:\workspace - intellij\Aula_OOP\Pojeto_OOP\Projeto_JavaFX\target\classes;C:\Users\gabri\.m2\repository\org\openjfx\javafx-base\21\javafx-base-21-win.jar;C:\Users\gabri\.m2\repository\org\openjfx\javafx-controls\21\javafx-controls-21-win.jar;C:\Users\gabri\.m2\repository\org\kordamp\bootstrapfx\bootstrapfx-core\0.4.0\bootstrapfx-core-0.4.0.jar;C:\Users\gabri\.m2\repository\org\controlsfx\controlsfx\11.2.1\controlsfx-11.2.1.jar -Djdk.module.main=com.example.demo com.example.demo/com.example.demo.MainApp

Host: 12th Gen Intel(R) Core(TM) i5-1235U, 12 cores, 15G,  Windows 11 , 64 bit Build 26100 (10.0.26100.3912)
Time: Fri Jun 13 18:38:39 2025 Hora oficial do Brasil elapsed time: 154.466735 seconds (0d 0h 2m 34s)

---------------  T H R E A D  ---------------

Current thread (0x00000217fa9d0320):  VMThread "VM Thread"          [id=3384, stack(0x0000007d7d100000,0x0000007d7d200000) (1024K)]

Stack: [0x0000007d7d100000,0x0000007d7d200000],  sp=0x0000007d7d1fedb0,  free space=1019k
Native frames: (J=compiled Java code, j=interpreted, Vv=VM code, C=native code)
C  [glass.dll+0x26587]


siginfo: EXCEPTION_ACCESS_VIOLATION (0xc0000005), reading address 0x0000000000000000


Registers:
RAX=0x0000000000000000, RBX=0x00000217fa9e07aa, RCX=0x00000217fa9d0320, RDX=0x0000007d7d1fedb0
RSP=0x0000007d7d1fedb0, RBP=0x000009cd3f19797c, RSI=0x00000217d4f8f3f8, RDI=0x00000217d4f8f3d0
R8 =0x0000000000010002, R9 =0x000009cd3f19797c, R10=0x00000217e8780000, R11=0x0000007d7d1fee98
R12=0x00007ff995da0000, R13=0x000000007ffe0385, R14=0x0000007d7d1feeb8, R15=0x00000217d4f8f3d0
RIP=0x00007ff995dc6587, EFLAGS=0x0000000000010202

XMM[0]=0x0000000000000000 0x0000000000000000
XMM[1]=0x0000000000000000 0x0000007d7d1fda10
XMM[2]=0x0000000000000000 0x0000000000000000
XMM[3]=0x0000000000000000 0x0000000000000000
XMM[4]=0x0000000000000000 0x0000000000000000
XMM[5]=0x0000000000000000 0x0000000000000000
XMM[6]=0x0000000000000000 0x0000000000000000
XMM[7]=0x0000000000000000 0x404e000000000000
XMM[8]=0x0000000000000000 0x0000000000000000
XMM[9]=0x0000000000000000 0x0000000000000000
XMM[10]=0x0000000000000000 0x0000000000000000
XMM[11]=0x0000000000000000 0x0000000000000000
XMM[12]=0x0000000000000000 0x0000000000000000
XMM[13]=0x0000000000000000 0x0000000000000000
XMM[14]=0x0000000000000000 0x0000000000000000
XMM[15]=0x0000000000000000 0x0000000000000000
  MXCSR=0x00001fa1


Register to memory mapping:

RAX=0x0 is null
RBX=0x00000217fa9e07aa is a global jni handle
RCX=0x00000217fa9d0320 points into unknown readable memory: 0x00007ff965b64ca0 | a0 4c b6 65 f9 7f 00 00
RDX=0x0000007d7d1fedb0 points into unknown readable memory: 0x0000000000000000 | 00 00 00 00 00 00 00 00
RSP=0x0000007d7d1fedb0 points into unknown readable memory: 0x0000000000000000 | 00 00 00 00 00 00 00 00
RBP=0x000009cd3f19797c is an unknown value
RSI=0x00000217d4f8f3f8 points into unknown readable memory: 0x000009cd3f19797c | 7c 79 19 3f cd 09 00 00
RDI=0x00000217d4f8f3d0 points into unknown readable memory: 0x80000e32a644bae2 | e2 ba 44 a6 32 0e 00 80
R8 =0x0000000000010002 is an unknown value
R9 =0x000009cd3f19797c is an unknown value
R10=0x00000217e8780000 points into unknown readable memory: 0x0000000000000000 | 00 00 00 00 00 00 00 00
R11=0x0000007d7d1fee98 points into unknown readable memory: 0x00007ff995dc3d5d | 5d 3d dc 95 f9 7f 00 00
R12=0x00007ff995da0000 glass.dll
R13=0x000000007ffe0385 points into unknown readable memory: 00 00 00
R14=0x0000007d7d1feeb8 points into unknown readable memory: 0x0000007d7d1feea0 | a0 ee 1f 7d 7d 00 00 00
R15=0x00000217d4f8f3d0 points into unknown readable memory: 0x80000e32a644bae2 | e2 ba 44 a6 32 0e 00 80

Top of Stack: (sp=0x0000007d7d1fedb0)
0x0000007d7d1fedb0:   0000000000000000 0000021700000000
0x0000007d7d1fedc0:   00000217d4fbd050 00007ff995da0000
0x0000007d7d1fedd0:   00000217d4f8f3d8 00007ff9ea95bc75
0x0000007d7d1fede0:   00000217d4f8f3d0 0000021700000000
0x0000007d7d1fedf0:   00000217d4f8f3f0 000009cd3f19797c
0x0000007d7d1fee00:   fffffffffffffffe 00007ff9ea3c8deb
0x0000007d7d1fee10:   0000000000000000 00007ff995da0000
0x0000007d7d1fee20:   0000007d7d1feea8 00007ff9ea95b897
0x0000007d7d1fee30:   0000007d7d1fee00 0000007d7d1feeb8
0x0000007d7d1fee40:   0000007d7d1ff3e0 00007ff9eaa488c0
0x0000007d7d1fee50:   0000000000000001 00007ff9ea95b84d
0x0000007d7d1fee60:   0000000000000000 0000000000000001
0x0000007d7d1fee70:   0000000000000000 0000007d7d1feea8
0x0000007d7d1fee80:   fffffffffffffffe 00000217d4fb9900
0x0000007d7d1fee90:   0000000000000000 00007ff995dc3d5d
0x0000007d7d1feea0:   00007ff995dda008 00007ff900000002
0x0000007d7d1feeb0:   0000000000000002 0000007d7d1feea0
0x0000007d7d1feec0:   0000000000000000 0000000000000000
0x0000007d7d1feed0:   0000000000000000 00007ff995dc3e82
0x0000007d7d1feee0:   0000000000000001 000000007ffe0384
0x0000007d7d1feef0:   0000000000000001 0000008400000104
0x0000007d7d1fef00:   0000000000000001 00007ff9e973277e
0x0000007d7d1fef10:   0000000000000001 00000000000000bc
0x0000007d7d1fef20:   00007ff995dc3ed0 0000000000000001
0x0000007d7d1fef30:   0000000000000001 00007ff9ed068083
0x0000007d7d1fef40:   00007ff995da0000 0000000000000000
0x0000007d7d1fef50:   0000000000000001 000000007ffe0384
0x0000007d7d1fef60:   000000000000008d 0000000000000000
0x0000007d7d1fef70:   0000000000000000 0000000000000000
0x0000007d7d1fef80:   00007ff995da0000 fffffdbc00000000
0x0000007d7d1fef90:   00000000000000ba 0000000000000000
0x0000007d7d1fefa0:   0000000000000000 00000217e8a66490 

Instructions: (pc=0x00007ff995dc6587)
0x00007ff995dc6487:   8b 4d 58 e8 8d cf ff ff 48 8b 4d 60 e8 84 cf ff
0x00007ff995dc6497:   ff 48 8b 95 80 00 00 00 48 8b 8d 18 01 00 00 e8
0x00007ff995dc64a7:   76 c4 ff ff 33 d2 33 c9 e8 cc e1 ff ff 90 48 89
0x00007ff995dc64b7:   54 24 10 55 48 83 ec 20 48 8b ea 48 b8 00 00 00
0x00007ff995dc64c7:   00 00 00 00 00 48 83 c4 20 5d c3 cc 40 55 48 8b
0x00007ff995dc64d7:   ea 48 8b 01 33 c9 81 38 05 00 00 c0 0f 94 c1 8b
0x00007ff995dc64e7:   c1 5d c3 cc 40 55 48 83 ec 20 48 8b ea 8a 4d 40
0x00007ff995dc64f7:   48 83 c4 20 5d e9 73 d3 ff ff cc 40 55 48 83 ec
0x00007ff995dc6507:   20 48 8b ea 8a 4d 20 e8 61 d3 ff ff 90 48 83 c4
0x00007ff995dc6517:   20 5d c3 cc 40 55 48 83 ec 20 48 8b ea 48 83 c4
0x00007ff995dc6527:   20 5d e9 c2 d1 ff ff cc 40 55 48 83 ec 30 48 8b
0x00007ff995dc6537:   ea 48 8b 01 8b 10 48 89 4c 24 28 89 54 24 20 4c
0x00007ff995dc6547:   8d 0d 63 d6 ff ff 4c 8b 45 70 8b 55 68 48 8b 4d
0x00007ff995dc6557:   60 e8 03 d1 ff ff 90 48 83 c4 30 5d c3 cc cc cc
0x00007ff995dc6567:   cc cc cc cc cc cc cc cc cc 40 53 48 83 ec 20 48
0x00007ff995dc6577:   8b 1d 8b 34 01 00 48 85 db 74 16 e8 89 8f ff ff
0x00007ff995dc6587:   4c 8b 00 48 8b d3 48 8b c8 41 ff 90 b0 00 00 00
0x00007ff995dc6597:   90 48 83 c4 20 5b c3 cc cc 40 53 48 83 ec 20 48
0x00007ff995dc65a7:   8b 1d fb 35 01 00 48 85 db 74 57 b8 ff ff ff ff
0x00007ff995dc65b7:   f0 0f c1 43 10 83 f8 01 75 3d 48 85 db 74 38 48
0x00007ff995dc65c7:   8b 0b 48 85 c9 74 0d ff 15 d4 0c 00 00 48 c7 03
0x00007ff995dc65d7:   00 00 00 00 48 8b 4b 08 48 85 c9 74 0d e8 33 ce
0x00007ff995dc65e7:   ff ff 48 c7 43 08 00 00 00 00 ba 18 00 00 00 48
0x00007ff995dc65f7:   8b cb e8 1e ce ff ff 48 c7 05 9f 35 01 00 00 00
0x00007ff995dc6607:   00 00 48 83 c4 20 5b c3 cc 40 53 48 83 ec 20 48
0x00007ff995dc6617:   8b 1d 6b 35 01 00 48 85 db 74 57 b8 ff ff ff ff
0x00007ff995dc6627:   f0 0f c1 43 10 83 f8 01 75 3d 48 85 db 74 38 48
0x00007ff995dc6637:   8b 0b 48 85 c9 74 0d ff 15 64 0c 00 00 48 c7 03
0x00007ff995dc6647:   00 00 00 00 48 8b 4b 08 48 85 c9 74 0d e8 c3 cd
0x00007ff995dc6657:   ff ff 48 c7 43 08 00 00 00 00 ba 18 00 00 00 48
0x00007ff995dc6667:   8b cb e8 ae cd ff ff 48 c7 05 0f 35 01 00 00 00
0x00007ff995dc6677:   00 00 48 83 c4 20 5b c3 cc 40 53 48 83 ec 20 48 


Stack slot to memory mapping:

stack at sp + 0 slots: 0x0 is null
stack at sp + 1 slots: 0x0000021700000000 is an unknown value
stack at sp + 2 slots: 0x00000217d4fbd050 points into unknown readable memory: 0x00000217d4fbd110 | 10 d1 fb d4 17 02 00 00
stack at sp + 3 slots: 0x00007ff995da0000 glass.dll
stack at sp + 4 slots: 0x00000217d4f8f3d8 points into unknown readable memory: 0x000009cd3f19797c | 7c 79 19 3f cd 09 00 00
stack at sp + 5 slots: 0x00007ff9ea95bc75 ucrtbase.dll
stack at sp + 6 slots: 0x00000217d4f8f3d0 points into unknown readable memory: 0x80000e32a644bae2 | e2 ba 44 a6 32 0e 00 80
stack at sp + 7 slots: 0x0000021700000000 is an unknown value

VM_Operation (0x0000007d7dcfc480): Exit, mode: safepoint, requested by thread 0x00000217d4fb6cb0


---------------  P R O C E S S  ---------------

Threads class SMR info:
_java_thread_list=0x00000217e22cc1c0, length=19, elements={
0x00000217eac17760, 0x00000217fa9ee710, 0x00000217d4010620, 0x00000217d4013aa0,
0x00000217d4015bf0, 0x00000217d4016ad0, 0x00000217d401ab50, 0x00000217d4033d80,
0x00000217d4037af0, 0x00000217d411a9a0, 0x00000217d438cb10, 0x00000217d443d050,
0x00000217d4cfff10, 0x00000217d4e5d1a0, 0x00000217d4fb6cb0, 0x00000217d55ace70,
0x00000217d563c470, 0x00000217d596ca50, 0x00000217d596d0e0
}

Java Threads: ( => current thread )
  0x00000217eac17760 JavaThread "main"                              [_thread_blocked, id=26428, stack(0x0000007d7ca00000,0x0000007d7cb00000) (1024K)]
  0x00000217fa9ee710 JavaThread "Reference Handler"          daemon [_thread_blocked, id=4560, stack(0x0000007d7d200000,0x0000007d7d300000) (1024K)]
  0x00000217d4010620 JavaThread "Finalizer"                  daemon [_thread_blocked, id=18740, stack(0x0000007d7d300000,0x0000007d7d400000) (1024K)]
  0x00000217d4013aa0 JavaThread "Signal Dispatcher"          daemon [_thread_blocked, id=9528, stack(0x0000007d7d400000,0x0000007d7d500000) (1024K)]
  0x00000217d4015bf0 JavaThread "Attach Listener"            daemon [_thread_blocked, id=20628, stack(0x0000007d7d500000,0x0000007d7d600000) (1024K)]
  0x00000217d4016ad0 JavaThread "Service Thread"             daemon [_thread_blocked, id=14636, stack(0x0000007d7d600000,0x0000007d7d700000) (1024K)]
  0x00000217d401ab50 JavaThread "Monitor Deflation Thread"   daemon [_thread_blocked, id=19028, stack(0x0000007d7d700000,0x0000007d7d800000) (1024K)]
  0x00000217d4033d80 JavaThread "C2 CompilerThread0"         daemon [_thread_blocked, id=1360, stack(0x0000007d7d800000,0x0000007d7d900000) (1024K)]
  0x00000217d4037af0 JavaThread "C1 CompilerThread0"         daemon [_thread_blocked, id=8284, stack(0x0000007d7d900000,0x0000007d7da00000) (1024K)]
  0x00000217d411a9a0 JavaThread "Common-Cleaner"             daemon [_thread_blocked, id=23732, stack(0x0000007d7da00000,0x0000007d7db00000) (1024K)]
  0x00000217d438cb10 JavaThread "Monitor Ctrl-Break"         daemon [_thread_in_native, id=3192, stack(0x0000007d7dd00000,0x0000007d7de00000) (1024K)]
  0x00000217d443d050 JavaThread "Notification Thread"        daemon [_thread_blocked, id=21488, stack(0x0000007d7de00000,0x0000007d7df00000) (1024K)]
  0x00000217d4cfff10 JavaThread "QuantumRenderer-0"          daemon [_thread_blocked, id=2120, stack(0x0000007d7df00000,0x0000007d7e000000) (1024K)]
  0x00000217d4e5d1a0 JavaThread "InvokeLaterDispatcher"      daemon [_thread_blocked, id=23240, stack(0x0000007d7db00000,0x0000007d7dc00000) (1024K)]
  0x00000217d4fb6cb0 JavaThread "JavaFX Application Thread"         [_thread_blocked, id=24696, stack(0x0000007d7dc00000,0x0000007d7dd00000) (1024K)]
  0x00000217d55ace70 JavaThread "Thread-1"                   daemon [_thread_in_native, id=7356, stack(0x0000007d7ef00000,0x0000007d7f000000) (1024K)]
  0x00000217d563c470 JavaThread "JavaFX-Launcher"                   [_thread_blocked, id=24028, stack(0x0000007d7f500000,0x0000007d7f600000) (1024K)]
  0x00000217d596ca50 JavaThread "Prism Font Disposer"        daemon [_thread_blocked, id=25948, stack(0x0000007d7fb00000,0x0000007d7fc00000) (1024K)]
  0x00000217d596d0e0 JavaThread "Cleaner-0"                  daemon [_thread_blocked, id=22732, stack(0x0000007d00000000,0x0000007d00100000) (1024K)]
Total: 19

Other Threads:
=>0x00000217fa9d0320 VMThread "VM Thread"                           [id=3384, stack(0x0000007d7d100000,0x0000007d7d200000) (1024K)]
  0x00000217eac823c0 WorkerThread "GC Thread#0"                     [id=3556, stack(0x0000007d7cb00000,0x0000007d7cc00000) (1024K)]
  0x00000217d55c9370 WorkerThread "GC Thread#1"                     [id=17888, stack(0x0000007d7f000000,0x0000007d7f100000) (1024K)]
  0x00000217d55c9f30 WorkerThread "GC Thread#2"                     [id=7904, stack(0x0000007d7f100000,0x0000007d7f200000) (1024K)]
  0x00000217d55dd670 WorkerThread "GC Thread#3"                     [id=3580, stack(0x0000007d7f200000,0x0000007d7f300000) (1024K)]
  0x00000217d55dde00 WorkerThread "GC Thread#4"                     [id=11516, stack(0x0000007d7f300000,0x0000007d7f400000) (1024K)]
  0x00000217d55df3c0 WorkerThread "GC Thread#5"                     [id=15132, stack(0x0000007d7f400000,0x0000007d7f500000) (1024K)]
  0x00000217d55dec80 WorkerThread "GC Thread#6"                     [id=11900, stack(0x0000007d7fc00000,0x0000007d7fd00000) (1024K)]
  0x00000217d55df020 WorkerThread "GC Thread#7"                     [id=6920, stack(0x0000007d7fd00000,0x0000007d7fe00000) (1024K)]
  0x00000217d55dda60 WorkerThread "GC Thread#8"                     [id=5352, stack(0x0000007d7fe00000,0x0000007d7ff00000) (1024K)]
  0x00000217d5b9b5c0 WorkerThread "GC Thread#9"                     [id=9856, stack(0x0000007d7ff00000,0x0000007d80000000) (1024K)]
  0x00000217eacd1b80 ConcurrentGCThread "G1 Main Marker"            terminated
  0x00000217eacd44e0 WorkerThread "G1 Conc#0"                       [id=25140, stack(0x0000007d7cd00000,0x0000007d7ce00000) (1024K)]
  0x00000217fa8915a0 ConcurrentGCThread "G1 Refine#0"               terminated
  0x00000217fa891fb0 ConcurrentGCThread "G1 Service"                terminated
Total: 15

Threads with active compile tasks:
Total: 0

VM state: at safepoint (shutting down)

VM Mutex/Monitor currently owned by a thread:  ([mutex/lock_event])
[0x00007ff965d3e320] Threads_lock - owner thread: 0x00000217fa9d0320
[0x00007ff965d3e420] Heap_lock - owner thread: 0x00000217d4fb6cb0

Heap address: 0x0000000704e00000, size: 4018 MB, Compressed Oops mode: Zero based, Oop shift amount: 3

CDS archive(s) mapped at: [0x000002178f000000-0x000002178fc80000-0x000002178fc80000), size 13107200, SharedBaseAddress: 0x000002178f000000, ArchiveRelocationMode: 1.
Compressed class space mapped at: 0x0000021790000000-0x00000217d0000000, reserved size: 1073741824
Narrow klass base: 0x000002178f000000, Narrow klass shift: 0, Narrow klass range: 0x100000000

GC Precious Log:
 CardTable entry size: 512
 Card Set container configuration: InlinePtr #cards 4 size 8 Array Of Cards #cards 16 size 48 Howl #buckets 8 coarsen threshold 3686 Howl Bitmap #cards 512 size 80 coarsen threshold 460 Card regions per heap region 1 cards per card region 4096
 CPUs: 12 total, 12 available
 Memory: 16068M
 Large Page Support: Disabled
 NUMA Support: Disabled
 Compressed Oops: Enabled (Zero based)
 Heap Region Size: 2M
 Heap Min Capacity: 8M
 Heap Initial Capacity: 252M
 Heap Max Capacity: 4018M
 Pre-touch: Disabled
 Parallel Workers: 10
 Concurrent Workers: 3
 Concurrent Refinement Workers: 10
 Periodic GC: Disabled

Heap:
 garbage-first heap   total 258048K, used 81558K [0x0000000704e00000, 0x0000000800000000)
  region size 2048K, 40 young (81920K), 3 survivors (6144K)
 Metaspace       used 19803K, committed 20096K, reserved 1114112K
  class space    used 2832K, committed 2944K, reserved 1048576K

Heap Regions: E=young(eden), S=young(survivor), O=old, HS=humongous(starts), HC=humongous(continues), CS=collection set, F=free, TAMS=top-at-mark-start, PB=parsable bottom
|   0|0x0000000704e00000, 0x0000000705000000, 0x0000000705000000|100%|HS|  |TAMS 0x0000000704e00000| PB 0x0000000704e00000| Complete 
|   1|0x0000000705000000, 0x0000000705200000, 0x0000000705200000|100%|HS|  |TAMS 0x0000000705000000| PB 0x0000000705000000| Complete 
|   2|0x0000000705200000, 0x0000000705200000, 0x0000000705400000|  0%| F|  |TAMS 0x0000000705200000| PB 0x0000000705200000| Untracked 
|   3|0x0000000705400000, 0x0000000705400000, 0x0000000705600000|  0%| F|  |TAMS 0x0000000705400000| PB 0x0000000705400000| Untracked 
|   4|0x0000000705600000, 0x0000000705600000, 0x0000000705800000|  0%| F|  |TAMS 0x0000000705600000| PB 0x0000000705600000| Untracked 
|   5|0x0000000705800000, 0x0000000705800000, 0x0000000705a00000|  0%| F|  |TAMS 0x0000000705800000| PB 0x0000000705800000| Untracked 
|   6|0x0000000705a00000, 0x0000000705a00000, 0x0000000705c00000|  0%| F|  |TAMS 0x0000000705a00000| PB 0x0000000705a00000| Untracked 
|   7|0x0000000705c00000, 0x0000000705c00000, 0x0000000705e00000|  0%| F|  |TAMS 0x0000000705c00000| PB 0x0000000705c00000| Untracked 
|   8|0x0000000705e00000, 0x0000000705e00000, 0x0000000706000000|  0%| F|  |TAMS 0x0000000705e00000| PB 0x0000000705e00000| Untracked 
|   9|0x0000000706000000, 0x0000000706000000, 0x0000000706200000|  0%| F|  |TAMS 0x0000000706000000| PB 0x0000000706000000| Untracked 
|  10|0x0000000706200000, 0x0000000706200000, 0x0000000706400000|  0%| F|  |TAMS 0x0000000706200000| PB 0x0000000706200000| Untracked 
|  11|0x0000000706400000, 0x0000000706400000, 0x0000000706600000|  0%| F|  |TAMS 0x0000000706400000| PB 0x0000000706400000| Untracked 
|  12|0x0000000706600000, 0x0000000706600000, 0x0000000706800000|  0%| F|  |TAMS 0x0000000706600000| PB 0x0000000706600000| Untracked 
|  13|0x0000000706800000, 0x0000000706800000, 0x0000000706a00000|  0%| F|  |TAMS 0x0000000706800000| PB 0x0000000706800000| Untracked 
|  14|0x0000000706a00000, 0x0000000706a00000, 0x0000000706c00000|  0%| F|  |TAMS 0x0000000706a00000| PB 0x0000000706a00000| Untracked 
|  15|0x0000000706c00000, 0x0000000706c00000, 0x0000000706e00000|  0%| F|  |TAMS 0x0000000706c00000| PB 0x0000000706c00000| Untracked 
|  16|0x0000000706e00000, 0x0000000706e00000, 0x0000000707000000|  0%| F|  |TAMS 0x0000000706e00000| PB 0x0000000706e00000| Untracked 
|  17|0x0000000707000000, 0x0000000707000000, 0x0000000707200000|  0%| F|  |TAMS 0x0000000707000000| PB 0x0000000707000000| Untracked 
|  18|0x0000000707200000, 0x0000000707200000, 0x0000000707400000|  0%| F|  |TAMS 0x0000000707200000| PB 0x0000000707200000| Untracked 
|  19|0x0000000707400000, 0x0000000707400000, 0x0000000707600000|  0%| F|  |TAMS 0x0000000707400000| PB 0x0000000707400000| Untracked 
|  20|0x0000000707600000, 0x0000000707600000, 0x0000000707800000|  0%| F|  |TAMS 0x0000000707600000| PB 0x0000000707600000| Untracked 
|  21|0x0000000707800000, 0x0000000707800000, 0x0000000707a00000|  0%| F|  |TAMS 0x0000000707800000| PB 0x0000000707800000| Untracked 
|  22|0x0000000707a00000, 0x0000000707a00000, 0x0000000707c00000|  0%| F|  |TAMS 0x0000000707a00000| PB 0x0000000707a00000| Untracked 
|  23|0x0000000707c00000, 0x0000000707c00000, 0x0000000707e00000|  0%| F|  |TAMS 0x0000000707c00000| PB 0x0000000707c00000| Untracked 
|  24|0x0000000707e00000, 0x0000000707e00000, 0x0000000708000000|  0%| F|  |TAMS 0x0000000707e00000| PB 0x0000000707e00000| Untracked 
|  25|0x0000000708000000, 0x0000000708000000, 0x0000000708200000|  0%| F|  |TAMS 0x0000000708000000| PB 0x0000000708000000| Untracked 
|  26|0x0000000708200000, 0x0000000708200000, 0x0000000708400000|  0%| F|  |TAMS 0x0000000708200000| PB 0x0000000708200000| Untracked 
|  27|0x0000000708400000, 0x0000000708400000, 0x0000000708600000|  0%| F|  |TAMS 0x0000000708400000| PB 0x0000000708400000| Untracked 
|  28|0x0000000708600000, 0x0000000708600000, 0x0000000708800000|  0%| F|  |TAMS 0x0000000708600000| PB 0x0000000708600000| Untracked 
|  29|0x0000000708800000, 0x0000000708800000, 0x0000000708a00000|  0%| F|  |TAMS 0x0000000708800000| PB 0x0000000708800000| Untracked 
|  30|0x0000000708a00000, 0x0000000708a00000, 0x0000000708c00000|  0%| F|  |TAMS 0x0000000708a00000| PB 0x0000000708a00000| Untracked 
|  31|0x0000000708c00000, 0x0000000708c00000, 0x0000000708e00000|  0%| F|  |TAMS 0x0000000708c00000| PB 0x0000000708c00000| Untracked 
|  32|0x0000000708e00000, 0x0000000708e00000, 0x0000000709000000|  0%| F|  |TAMS 0x0000000708e00000| PB 0x0000000708e00000| Untracked 
|  33|0x0000000709000000, 0x0000000709000000, 0x0000000709200000|  0%| F|  |TAMS 0x0000000709000000| PB 0x0000000709000000| Untracked 
|  34|0x0000000709200000, 0x0000000709200000, 0x0000000709400000|  0%| F|  |TAMS 0x0000000709200000| PB 0x0000000709200000| Untracked 
|  35|0x0000000709400000, 0x0000000709400000, 0x0000000709600000|  0%| F|  |TAMS 0x0000000709400000| PB 0x0000000709400000| Untracked 
|  36|0x0000000709600000, 0x0000000709600000, 0x0000000709800000|  0%| F|  |TAMS 0x0000000709600000| PB 0x0000000709600000| Untracked 
|  37|0x0000000709800000, 0x0000000709800000, 0x0000000709a00000|  0%| F|  |TAMS 0x0000000709800000| PB 0x0000000709800000| Untracked 
|  38|0x0000000709a00000, 0x0000000709a00000, 0x0000000709c00000|  0%| F|  |TAMS 0x0000000709a00000| PB 0x0000000709a00000| Untracked 
|  39|0x0000000709c00000, 0x0000000709c00000, 0x0000000709e00000|  0%| F|  |TAMS 0x0000000709c00000| PB 0x0000000709c00000| Untracked 
|  40|0x0000000709e00000, 0x0000000709e00000, 0x000000070a000000|  0%| F|  |TAMS 0x0000000709e00000| PB 0x0000000709e00000| Untracked 
|  41|0x000000070a000000, 0x000000070a000000, 0x000000070a200000|  0%| F|  |TAMS 0x000000070a000000| PB 0x000000070a000000| Untracked 
|  42|0x000000070a200000, 0x000000070a200000, 0x000000070a400000|  0%| F|  |TAMS 0x000000070a200000| PB 0x000000070a200000| Untracked 
|  43|0x000000070a400000, 0x000000070a400000, 0x000000070a600000|  0%| F|  |TAMS 0x000000070a400000| PB 0x000000070a400000| Untracked 
|  44|0x000000070a600000, 0x000000070a600000, 0x000000070a800000|  0%| F|  |TAMS 0x000000070a600000| PB 0x000000070a600000| Untracked 
|  45|0x000000070a800000, 0x000000070a800000, 0x000000070aa00000|  0%| F|  |TAMS 0x000000070a800000| PB 0x000000070a800000| Untracked 
|  46|0x000000070aa00000, 0x000000070aa00000, 0x000000070ac00000|  0%| F|  |TAMS 0x000000070aa00000| PB 0x000000070aa00000| Untracked 
|  47|0x000000070ac00000, 0x000000070ac00000, 0x000000070ae00000|  0%| F|  |TAMS 0x000000070ac00000| PB 0x000000070ac00000| Untracked 
|  48|0x000000070ae00000, 0x000000070ae00000, 0x000000070b000000|  0%| F|  |TAMS 0x000000070ae00000| PB 0x000000070ae00000| Untracked 
|  49|0x000000070b000000, 0x000000070b000000, 0x000000070b200000|  0%| F|  |TAMS 0x000000070b000000| PB 0x000000070b000000| Untracked 
|  50|0x000000070b200000, 0x000000070b200000, 0x000000070b400000|  0%| F|  |TAMS 0x000000070b200000| PB 0x000000070b200000| Untracked 
|  51|0x000000070b400000, 0x000000070b400000, 0x000000070b600000|  0%| F|  |TAMS 0x000000070b400000| PB 0x000000070b400000| Untracked 
|  52|0x000000070b600000, 0x000000070b600000, 0x000000070b800000|  0%| F|  |TAMS 0x000000070b600000| PB 0x000000070b600000| Untracked 
|  53|0x000000070b800000, 0x000000070b800000, 0x000000070ba00000|  0%| F|  |TAMS 0x000000070b800000| PB 0x000000070b800000| Untracked 
|  54|0x000000070ba00000, 0x000000070ba00000, 0x000000070bc00000|  0%| F|  |TAMS 0x000000070ba00000| PB 0x000000070ba00000| Untracked 
|  55|0x000000070bc00000, 0x000000070bc00000, 0x000000070be00000|  0%| F|  |TAMS 0x000000070bc00000| PB 0x000000070bc00000| Untracked 
|  56|0x000000070be00000, 0x000000070be00000, 0x000000070c000000|  0%| F|  |TAMS 0x000000070be00000| PB 0x000000070be00000| Untracked 
|  57|0x000000070c000000, 0x000000070c000000, 0x000000070c200000|  0%| F|  |TAMS 0x000000070c000000| PB 0x000000070c000000| Untracked 
|  58|0x000000070c200000, 0x000000070c200000, 0x000000070c400000|  0%| F|  |TAMS 0x000000070c200000| PB 0x000000070c200000| Untracked 
|  59|0x000000070c400000, 0x000000070c400000, 0x000000070c600000|  0%| F|  |TAMS 0x000000070c400000| PB 0x000000070c400000| Untracked 
|  60|0x000000070c600000, 0x000000070c600000, 0x000000070c800000|  0%| F|  |TAMS 0x000000070c600000| PB 0x000000070c600000| Untracked 
|  61|0x000000070c800000, 0x000000070c800000, 0x000000070ca00000|  0%| F|  |TAMS 0x000000070c800000| PB 0x000000070c800000| Untracked 
|  62|0x000000070ca00000, 0x000000070ca00000, 0x000000070cc00000|  0%| F|  |TAMS 0x000000070ca00000| PB 0x000000070ca00000| Untracked 
|  63|0x000000070cc00000, 0x000000070cc00000, 0x000000070ce00000|  0%| F|  |TAMS 0x000000070cc00000| PB 0x000000070cc00000| Untracked 
|  64|0x000000070ce00000, 0x000000070ce00000, 0x000000070d000000|  0%| F|  |TAMS 0x000000070ce00000| PB 0x000000070ce00000| Untracked 
|  65|0x000000070d000000, 0x000000070d000000, 0x000000070d200000|  0%| F|  |TAMS 0x000000070d000000| PB 0x000000070d000000| Untracked 
|  66|0x000000070d200000, 0x000000070d200000, 0x000000070d400000|  0%| F|  |TAMS 0x000000070d200000| PB 0x000000070d200000| Untracked 
|  67|0x000000070d400000, 0x000000070d400000, 0x000000070d600000|  0%| F|  |TAMS 0x000000070d400000| PB 0x000000070d400000| Untracked 
|  68|0x000000070d600000, 0x000000070d600000, 0x000000070d800000|  0%| F|  |TAMS 0x000000070d600000| PB 0x000000070d600000| Untracked 
|  69|0x000000070d800000, 0x000000070d800000, 0x000000070da00000|  0%| F|  |TAMS 0x000000070d800000| PB 0x000000070d800000| Untracked 
|  70|0x000000070da00000, 0x000000070da00000, 0x000000070dc00000|  0%| F|  |TAMS 0x000000070da00000| PB 0x000000070da00000| Untracked 
|  71|0x000000070dc00000, 0x000000070dc00000, 0x000000070de00000|  0%| F|  |TAMS 0x000000070dc00000| PB 0x000000070dc00000| Untracked 
|  72|0x000000070de00000, 0x000000070de00000, 0x000000070e000000|  0%| F|  |TAMS 0x000000070de00000| PB 0x000000070de00000| Untracked 
|  73|0x000000070e000000, 0x000000070e000000, 0x000000070e200000|  0%| F|  |TAMS 0x000000070e000000| PB 0x000000070e000000| Untracked 
|  74|0x000000070e200000, 0x000000070e200000, 0x000000070e400000|  0%| F|  |TAMS 0x000000070e200000| PB 0x000000070e200000| Untracked 
|  75|0x000000070e400000, 0x000000070e400000, 0x000000070e600000|  0%| F|  |TAMS 0x000000070e400000| PB 0x000000070e400000| Untracked 
|  76|0x000000070e600000, 0x000000070e600000, 0x000000070e800000|  0%| F|  |TAMS 0x000000070e600000| PB 0x000000070e600000| Untracked 
|  77|0x000000070e800000, 0x000000070e800000, 0x000000070ea00000|  0%| F|  |TAMS 0x000000070e800000| PB 0x000000070e800000| Untracked 
|  78|0x000000070ea00000, 0x000000070ea00000, 0x000000070ec00000|  0%| F|  |TAMS 0x000000070ea00000| PB 0x000000070ea00000| Untracked 
|  79|0x000000070ec00000, 0x000000070ec00000, 0x000000070ee00000|  0%| F|  |TAMS 0x000000070ec00000| PB 0x000000070ec00000| Untracked 
|  80|0x000000070ee00000, 0x000000070ee00000, 0x000000070f000000|  0%| F|  |TAMS 0x000000070ee00000| PB 0x000000070ee00000| Untracked 
|  81|0x000000070f000000, 0x000000070f000000, 0x000000070f200000|  0%| F|  |TAMS 0x000000070f000000| PB 0x000000070f000000| Untracked 
|  82|0x000000070f200000, 0x000000070f200000, 0x000000070f400000|  0%| F|  |TAMS 0x000000070f200000| PB 0x000000070f200000| Untracked 
|  83|0x000000070f400000, 0x000000070f400000, 0x000000070f600000|  0%| F|  |TAMS 0x000000070f400000| PB 0x000000070f400000| Untracked 
|  84|0x000000070f600000, 0x000000070f600000, 0x000000070f800000|  0%| F|  |TAMS 0x000000070f600000| PB 0x000000070f600000| Untracked 
|  85|0x000000070f800000, 0x000000070f800000, 0x000000070fa00000|  0%| F|  |TAMS 0x000000070f800000| PB 0x000000070f800000| Untracked 
|  86|0x000000070fa00000, 0x000000070fbfbc80, 0x000000070fc00000| 99%| E|  |TAMS 0x000000070fa00000| PB 0x000000070fa00000| Complete 
|  87|0x000000070fc00000, 0x000000070fe00000, 0x000000070fe00000|100%| E|CS|TAMS 0x000000070fc00000| PB 0x000000070fc00000| Complete 
|  88|0x000000070fe00000, 0x0000000710000000, 0x0000000710000000|100%| E|CS|TAMS 0x000000070fe00000| PB 0x000000070fe00000| Complete 
|  89|0x0000000710000000, 0x0000000710200000, 0x0000000710200000|100%| E|CS|TAMS 0x0000000710000000| PB 0x0000000710000000| Complete 
|  90|0x0000000710200000, 0x0000000710400000, 0x0000000710400000|100%| E|CS|TAMS 0x0000000710200000| PB 0x0000000710200000| Complete 
|  91|0x0000000710400000, 0x0000000710600000, 0x0000000710600000|100%| E|CS|TAMS 0x0000000710400000| PB 0x0000000710400000| Complete 
|  92|0x0000000710600000, 0x0000000710800000, 0x0000000710800000|100%| E|CS|TAMS 0x0000000710600000| PB 0x0000000710600000| Complete 
|  93|0x0000000710800000, 0x0000000710a00000, 0x0000000710a00000|100%| E|CS|TAMS 0x0000000710800000| PB 0x0000000710800000| Complete 
|  94|0x0000000710a00000, 0x0000000710c00000, 0x0000000710c00000|100%| E|CS|TAMS 0x0000000710a00000| PB 0x0000000710a00000| Complete 
|  95|0x0000000710c00000, 0x0000000710e00000, 0x0000000710e00000|100%| E|CS|TAMS 0x0000000710c00000| PB 0x0000000710c00000| Complete 
|  96|0x0000000710e00000, 0x0000000711000000, 0x0000000711000000|100%| E|CS|TAMS 0x0000000710e00000| PB 0x0000000710e00000| Complete 
|  97|0x0000000711000000, 0x0000000711200000, 0x0000000711200000|100%| E|CS|TAMS 0x0000000711000000| PB 0x0000000711000000| Complete 
|  98|0x0000000711200000, 0x0000000711400000, 0x0000000711400000|100%| E|CS|TAMS 0x0000000711200000| PB 0x0000000711200000| Complete 
|  99|0x0000000711400000, 0x0000000711600000, 0x0000000711600000|100%| E|CS|TAMS 0x0000000711400000| PB 0x0000000711400000| Complete 
| 100|0x0000000711600000, 0x0000000711800000, 0x0000000711800000|100%| E|CS|TAMS 0x0000000711600000| PB 0x0000000711600000| Complete 
| 101|0x0000000711800000, 0x0000000711a00000, 0x0000000711a00000|100%| E|CS|TAMS 0x0000000711800000| PB 0x0000000711800000| Complete 
| 102|0x0000000711a00000, 0x0000000711ba5860, 0x0000000711c00000| 82%| S|CS|TAMS 0x0000000711a00000| PB 0x0000000711a00000| Complete 
| 103|0x0000000711c00000, 0x0000000711e00000, 0x0000000711e00000|100%| S|CS|TAMS 0x0000000711c00000| PB 0x0000000711c00000| Complete 
| 104|0x0000000711e00000, 0x0000000712000000, 0x0000000712000000|100%| S|CS|TAMS 0x0000000711e00000| PB 0x0000000711e00000| Complete 
| 105|0x0000000712000000, 0x0000000712200000, 0x0000000712200000|100%| E|CS|TAMS 0x0000000712000000| PB 0x0000000712000000| Complete 
| 106|0x0000000712200000, 0x0000000712400000, 0x0000000712400000|100%| E|CS|TAMS 0x0000000712200000| PB 0x0000000712200000| Complete 
| 107|0x0000000712400000, 0x0000000712600000, 0x0000000712600000|100%| E|CS|TAMS 0x0000000712400000| PB 0x0000000712400000| Complete 
| 108|0x0000000712600000, 0x0000000712800000, 0x0000000712800000|100%| E|CS|TAMS 0x0000000712600000| PB 0x0000000712600000| Complete 
| 109|0x0000000712800000, 0x0000000712a00000, 0x0000000712a00000|100%| E|CS|TAMS 0x0000000712800000| PB 0x0000000712800000| Complete 
| 110|0x0000000712a00000, 0x0000000712c00000, 0x0000000712c00000|100%| E|CS|TAMS 0x0000000712a00000| PB 0x0000000712a00000| Complete 
| 111|0x0000000712c00000, 0x0000000712e00000, 0x0000000712e00000|100%| E|CS|TAMS 0x0000000712c00000| PB 0x0000000712c00000| Complete 
| 112|0x0000000712e00000, 0x0000000713000000, 0x0000000713000000|100%| E|CS|TAMS 0x0000000712e00000| PB 0x0000000712e00000| Complete 
| 113|0x0000000713000000, 0x0000000713200000, 0x0000000713200000|100%| E|CS|TAMS 0x0000000713000000| PB 0x0000000713000000| Complete 
| 114|0x0000000713200000, 0x0000000713400000, 0x0000000713400000|100%| E|CS|TAMS 0x0000000713200000| PB 0x0000000713200000| Complete 
| 115|0x0000000713400000, 0x0000000713600000, 0x0000000713600000|100%| E|  |TAMS 0x0000000713400000| PB 0x0000000713400000| Complete 
| 116|0x0000000713600000, 0x0000000713800000, 0x0000000713800000|100%| E|CS|TAMS 0x0000000713600000| PB 0x0000000713600000| Complete 
| 117|0x0000000713800000, 0x0000000713a00000, 0x0000000713a00000|100%| E|CS|TAMS 0x0000000713800000| PB 0x0000000713800000| Complete 
| 118|0x0000000713a00000, 0x0000000713c00000, 0x0000000713c00000|100%| E|CS|TAMS 0x0000000713a00000| PB 0x0000000713a00000| Complete 
| 119|0x0000000713c00000, 0x0000000713e00000, 0x0000000713e00000|100%| E|CS|TAMS 0x0000000713c00000| PB 0x0000000713c00000| Complete 
| 120|0x0000000713e00000, 0x0000000714000000, 0x0000000714000000|100%| E|CS|TAMS 0x0000000713e00000| PB 0x0000000713e00000| Complete 
| 121|0x0000000714000000, 0x0000000714200000, 0x0000000714200000|100%| E|CS|TAMS 0x0000000714000000| PB 0x0000000714000000| Complete 
| 122|0x0000000714200000, 0x0000000714400000, 0x0000000714400000|100%| E|CS|TAMS 0x0000000714200000| PB 0x0000000714200000| Complete 
| 123|0x0000000714400000, 0x0000000714600000, 0x0000000714600000|100%| E|CS|TAMS 0x0000000714400000| PB 0x0000000714400000| Complete 
| 124|0x0000000714600000, 0x0000000714800000, 0x0000000714800000|100%| E|CS|TAMS 0x0000000714600000| PB 0x0000000714600000| Complete 
| 125|0x0000000714800000, 0x0000000714a00000, 0x0000000714a00000|100%| E|CS|TAMS 0x0000000714800000| PB 0x0000000714800000| Complete 

Card table byte_map: [0x00000217f4030000,0x00000217f4810000] _byte_map_base: 0x00000217f0809000

Marking Bits: (CMBitMap*) 0x00000217eac82ac0
 Bits: [0x00000217f4810000, 0x00000217f86d8000)

Polling page: 0x00000217ea280000

Metaspace:

Usage:
  Non-class:     16.57 MB used.
      Class:      2.77 MB used.
       Both:     19.34 MB used.

Virtual space:
  Non-class space:       64.00 MB reserved,      16.75 MB ( 26%) committed,  1 nodes.
      Class space:        1.00 GB reserved,       2.88 MB ( <1%) committed,  1 nodes.
             Both:        1.06 GB reserved,      19.62 MB (  2%) committed. 

Chunk freelists:
   Non-Class:  14.52 MB
       Class:  13.00 MB
        Both:  27.52 MB

MaxMetaspaceSize: unlimited
CompressedClassSpaceSize: 1.00 GB
Initial GC threshold: 21.00 MB
Current GC threshold: 21.00 MB
CDS: on
 - commit_granule_bytes: 65536.
 - commit_granule_words: 8192.
 - virtual_space_node_default_size: 8388608.
 - enlarge_chunks_in_place: 1.
 - use_allocation_guard: 0.


Internal statistics:

num_allocs_failed_limit: 0.
num_arena_births: 364.
num_arena_deaths: 0.
num_vsnodes_births: 2.
num_vsnodes_deaths: 0.
num_space_committed: 314.
num_space_uncommitted: 0.
num_chunks_returned_to_freelist: 0.
num_chunks_taken_from_freelist: 1024.
num_chunk_merges: 0.
num_chunk_splits: 719.
num_chunks_enlarged: 543.
num_inconsistent_stats: 0.

CodeHeap 'non-profiled nmethods': size=120000Kb used=3462Kb max_used=3462Kb free=116538Kb
 bounds [0x0000021787ad0000, 0x0000021787e40000, 0x000002178f000000]
CodeHeap 'profiled nmethods': size=120000Kb used=12683Kb max_used=12683Kb free=107316Kb
 bounds [0x0000021780000000, 0x0000021780c70000, 0x0000021787530000]
CodeHeap 'non-nmethods': size=5760Kb used=1823Kb max_used=1871Kb free=3936Kb
 bounds [0x0000021787530000, 0x00000217877a0000, 0x0000021787ad0000]
 total_blobs=6594 nmethods=5764 adapters=734
 compilation: enabled
              stopped_count=0, restarted_count=0
 full_count=0

Compilation events (20 events):
Event: 152.040 Thread 0x00000217d4033d80 5757       4       java.util.HashMap::valuesToArray (81 bytes)
Event: 152.043 Thread 0x00000217d4033d80 nmethod 5757 0x0000021787e20590 code [0x0000021787e20740, 0x0000021787e20a50]
Event: 152.043 Thread 0x00000217d4033d80 5758   !   4       com.sun.javafx.css.StyleManager::findMatchingStyles (1267 bytes)
Event: 152.056 Thread 0x00000217d4037af0 5759       3       com.sun.prism.impl.BaseGraphics::draw (140 bytes)
Event: 152.056 Thread 0x00000217d4037af0 nmethod 5759 0x0000021780c5ea90 code [0x0000021780c5ec80, 0x0000021780c5f1c8]
Event: 152.240 Thread 0x00000217d4033d80 nmethod 5758 0x0000021787e20c10 code [0x0000021787e214a0, 0x0000021787e29af0]
Event: 152.241 Thread 0x00000217d4033d80 5753       4       javafx.collections.ListChangeListener$Change::wasAdded (31 bytes)
Event: 152.242 Thread 0x00000217d4033d80 nmethod 5753 0x0000021787e30590 code [0x0000021787e307a0, 0x0000021787e30b60]
Event: 152.802 Thread 0x00000217d4033d80 5760       4       com.sun.javafx.event.BasicEventDispatcher::dispatchBubblingEvent (2 bytes)
Event: 152.802 Thread 0x00000217d4033d80 nmethod 5760 0x0000021787e30f10 code [0x0000021787e310a0, 0x0000021787e31128]
Event: 153.545 Thread 0x00000217d4033d80 5761       4       com.sun.javafx.util.Utils::calculateBrightness (27 bytes)
Event: 153.545 Thread 0x00000217d4033d80 nmethod 5761 0x0000021787e31210 code [0x0000021787e313c0, 0x0000021787e31468]
Event: 153.869 Thread 0x00000217d4037af0 5762       3       java.lang.Class::forName (41 bytes)
Event: 153.870 Thread 0x00000217d4037af0 nmethod 5762 0x0000021780c5f390 code [0x0000021780c5f540, 0x0000021780c5f738]
Event: 153.881 Thread 0x00000217d4037af0 5763       3       javafx.scene.Node::getTransformedBounds (248 bytes)
Event: 153.882 Thread 0x00000217d4037af0 nmethod 5763 0x0000021780c5f810 code [0x0000021780c5fc20, 0x0000021780c61c78]
Event: 153.882 Thread 0x00000217d4037af0 5764       3       com.sun.javafx.tk.Toolkit::getPaint (48 bytes)
Event: 153.882 Thread 0x00000217d4037af0 nmethod 5764 0x0000021780c62790 code [0x0000021780c62980, 0x0000021780c62d58]
Event: 154.117 Thread 0x00000217d4037af0 5765       1       java.util.logging.LogManager$LoggerContext::getOwner (5 bytes)
Event: 154.117 Thread 0x00000217d4037af0 nmethod 5765 0x0000021787e31510 code [0x0000021787e316a0, 0x0000021787e31770]

GC Heap History (4 events):
Event: 0.827 GC heap before
{Heap before GC invocations=0 (full 0):
 garbage-first heap   total 258048K, used 22528K [0x0000000704e00000, 0x0000000800000000)
  region size 2048K, 11 young (22528K), 0 survivors (0K)
 Metaspace       used 4610K, committed 4800K, reserved 1114112K
  class space    used 475K, committed 576K, reserved 1048576K
}
Event: 0.835 GC heap after
{Heap after GC invocations=1 (full 0):
 garbage-first heap   total 258048K, used 2634K [0x0000000704e00000, 0x0000000800000000)
  region size 2048K, 2 young (4096K), 2 survivors (4096K)
 Metaspace       used 4610K, committed 4800K, reserved 1114112K
  class space    used 475K, committed 576K, reserved 1048576K
}
Event: 1.369 GC heap before
{Heap before GC invocations=1 (full 0):
 garbage-first heap   total 258048K, used 39498K [0x0000000704e00000, 0x0000000800000000)
  region size 2048K, 21 young (43008K), 2 survivors (4096K)
 Metaspace       used 13017K, committed 13312K, reserved 1114112K
  class space    used 2042K, committed 2176K, reserved 1048576K
}
Event: 1.378 GC heap after
{Heap after GC invocations=2 (full 0):
 garbage-first heap   total 258048K, used 5782K [0x0000000704e00000, 0x0000000800000000)
  region size 2048K, 3 young (6144K), 3 survivors (6144K)
 Metaspace       used 13017K, committed 13312K, reserved 1114112K
  class space    used 2042K, committed 2176K, reserved 1048576K
}

Dll operation events (20 events):
Event: 0.494 Loaded shared library C:\Users\gabri\.openjfx\cache\21+31\amd64\api-ms-win-crt-locale-l1-1-0.dll
Event: 0.498 Loaded shared library C:\Users\gabri\.openjfx\cache\21+31\amd64\api-ms-win-crt-math-l1-1-0.dll
Event: 0.503 Loaded shared library C:\Users\gabri\.openjfx\cache\21+31\amd64\api-ms-win-crt-multibyte-l1-1-0.dll
Event: 0.507 Loaded shared library C:\Users\gabri\.openjfx\cache\21+31\amd64\api-ms-win-crt-private-l1-1-0.dll
Event: 0.510 Loaded shared library C:\Users\gabri\.openjfx\cache\21+31\amd64\api-ms-win-crt-process-l1-1-0.dll
Event: 0.513 Loaded shared library C:\Users\gabri\.openjfx\cache\21+31\amd64\api-ms-win-crt-runtime-l1-1-0.dll
Event: 0.517 Loaded shared library C:\Users\gabri\.openjfx\cache\21+31\amd64\api-ms-win-crt-stdio-l1-1-0.dll
Event: 0.521 Loaded shared library C:\Users\gabri\.openjfx\cache\21+31\amd64\api-ms-win-crt-string-l1-1-0.dll
Event: 0.525 Loaded shared library C:\Users\gabri\.openjfx\cache\21+31\amd64\api-ms-win-crt-time-l1-1-0.dll
Event: 0.530 Loaded shared library C:\Users\gabri\.openjfx\cache\21+31\amd64\api-ms-win-crt-utility-l1-1-0.dll
Event: 0.543 Loaded shared library C:\Users\gabri\.openjfx\cache\21+31\amd64\ucrtbase.dll
Event: 0.547 Loaded shared library C:\Users\gabri\.openjfx\cache\21+31\amd64\vcruntime140.dll
Event: 0.551 Loaded shared library C:\Users\gabri\.openjfx\cache\21+31\amd64\vcruntime140_1.dll
Event: 0.560 Loaded shared library C:\Users\gabri\.openjfx\cache\21+31\amd64\msvcp140.dll
Event: 0.565 Loaded shared library C:\Users\gabri\.openjfx\cache\21+31\amd64\msvcp140_1.dll
Event: 0.571 Loaded shared library C:\Users\gabri\.openjfx\cache\21+31\amd64\msvcp140_2.dll
Event: 0.616 Loaded shared library C:\Users\gabri\.openjfx\cache\21+31\amd64\prism_d3d.dll
Event: 0.695 Loaded shared library C:\Users\gabri\.openjfx\cache\21+31\amd64\glass.dll
Event: 0.866 Loaded shared library C:\Users\gabri\.jdks\corretto-21.0.6\bin\jimage.dll
Event: 1.008 Loaded shared library C:\Users\gabri\.openjfx\cache\21+31\amd64\javafx_font.dll

Deoptimization events (20 events):
Event: 147.431 Thread 0x00000217d4fb6cb0 DEOPT PACKING pc=0x0000021787d241e8 sp=0x0000007d7dcfcc30
Event: 147.431 Thread 0x00000217d4fb6cb0 DEOPT UNPACKING pc=0x00000217875846a2 sp=0x0000007d7dcfcbb8 mode 2
Event: 148.885 Thread 0x00000217d4fb6cb0 Uncommon trap: trap_request=0xffffff45 fr.pc=0x0000021787d6162c relative=0x00000000000003ac
Event: 148.885 Thread 0x00000217d4fb6cb0 Uncommon trap: reason=unstable_if action=reinterpret pc=0x0000021787d6162c method=javafx.scene.Parent.setChildDirty(Ljavafx/scene/Node;Z)V @ 22 c2
Event: 148.885 Thread 0x00000217d4fb6cb0 DEOPT PACKING pc=0x0000021787d6162c sp=0x0000007d7dcfc280
Event: 148.885 Thread 0x00000217d4fb6cb0 DEOPT UNPACKING pc=0x00000217875846a2 sp=0x0000007d7dcfc0e8 mode 2
Event: 148.886 Thread 0x00000217d4fb6cb0 Uncommon trap: trap_request=0xffffff45 fr.pc=0x0000021787dd96f0 relative=0x00000000000006f0
Event: 148.886 Thread 0x00000217d4fb6cb0 Uncommon trap: reason=unstable_if action=reinterpret pc=0x0000021787dd96f0 method=com.sun.javafx.geom.transform.Translate2D.isIdentity()Z @ 15 c2
Event: 148.886 Thread 0x00000217d4fb6cb0 DEOPT PACKING pc=0x0000021787dd96f0 sp=0x0000007d7dcfc4d0
Event: 148.886 Thread 0x00000217d4fb6cb0 DEOPT UNPACKING pc=0x00000217875846a2 sp=0x0000007d7dcfc1e8 mode 2
Event: 152.015 Thread 0x00000217d4fb6cb0 DEOPT PACKING pc=0x0000021780802e88 sp=0x0000007d7dcfdc90
Event: 152.015 Thread 0x00000217d4fb6cb0 DEOPT UNPACKING pc=0x0000021787584e42 sp=0x0000007d7dcfd0f0 mode 0
Event: 154.120 Thread 0x00000217d4cfff10 Uncommon trap: trap_request=0xffffff45 fr.pc=0x0000021787d8405c relative=0x000000000000051c
Event: 154.121 Thread 0x00000217d4cfff10 Uncommon trap: reason=unstable_if action=reinterpret pc=0x0000021787d8405c method=java.util.concurrent.locks.AbstractQueuedSynchronizer$ConditionNode.isReleasable()Z @ 14 c2
Event: 154.121 Thread 0x00000217d4cfff10 DEOPT PACKING pc=0x0000021787d8405c sp=0x0000007d7dffeee0
Event: 154.121 Thread 0x00000217d4cfff10 DEOPT UNPACKING pc=0x00000217875846a2 sp=0x0000007d7dffed08 mode 2
Event: 154.121 Thread 0x00000217d4cfff10 Uncommon trap: trap_request=0xffffff45 fr.pc=0x0000021787d0f7f8 relative=0x0000000000000058
Event: 154.121 Thread 0x00000217d4cfff10 Uncommon trap: reason=unstable_if action=reinterpret pc=0x0000021787d0f7f8 method=java.lang.Thread.getAndClearInterrupt()Z @ 6 c2
Event: 154.121 Thread 0x00000217d4cfff10 DEOPT PACKING pc=0x0000021787d0f7f8 sp=0x0000007d7dffee90
Event: 154.121 Thread 0x00000217d4cfff10 DEOPT UNPACKING pc=0x00000217875846a2 sp=0x0000007d7dffedc8 mode 2

Classes loaded (20 events):
Event: 56.684 Loading class java/util/BitSet
Event: 56.684 Loading class java/util/BitSet done
Event: 56.685 Loading class java/util/BitSet$1BitSetSpliterator
Event: 56.685 Loading class java/util/BitSet$1BitSetSpliterator done
Event: 56.685 Loading class java/util/stream/IntPipeline$Head
Event: 56.685 Loading class java/util/stream/IntPipeline
Event: 56.686 Loading class java/util/stream/IntPipeline done
Event: 56.686 Loading class java/util/stream/IntPipeline$Head done
Event: 56.687 Loading class java/util/stream/IntPipeline$1
Event: 56.688 Loading class java/util/stream/IntPipeline$1 done
Event: 56.688 Loading class java/util/stream/IntPipeline$1$1
Event: 56.688 Loading class java/util/stream/Sink$ChainedInt
Event: 56.688 Loading class java/util/stream/Sink$OfInt
Event: 56.688 Loading class java/util/stream/Sink$OfInt done
Event: 56.688 Loading class java/util/stream/Sink$ChainedInt done
Event: 56.688 Loading class java/util/stream/IntPipeline$1$1 done
Event: 85.645 Loading class java/io/EOFException
Event: 85.645 Loading class java/io/EOFException done
Event: 85.645 Loading class java/io/SequenceInputStream
Event: 85.645 Loading class java/io/SequenceInputStream done

Classes unloaded (0 events):
No events

Classes redefined (0 events):
No events

Internal exceptions (20 events):
Event: 1.367 Thread 0x00000217d4fb6cb0 Exception <a 'java/lang/NoSuchMethodError'{0x00000007121f2fa8}: 'int java.lang.invoke.DirectMethodHandle$Holder.invokeSpecial(java.lang.Object, java.lang.Object, int)'> (0x00000007121f2fa8) 
thrown [s\src\hotspot\share\interpreter\linkResolver.cpp, line 773]
Event: 1.368 Thread 0x00000217d4fb6cb0 Exception <a 'java/lang/NoSuchMethodError'{0x00000007121faaa0}: 'int java.lang.invoke.DirectMethodHandle$Holder.invokeSpecial(java.lang.Object, java.lang.Object, java.lang.Object, int)'> (0x00000007121faaa0) 
thrown [s\src\hotspot\share\interpreter\linkResolver.cpp, line 773]
Event: 1.379 Thread 0x00000217d4fb6cb0 Exception <a 'java/lang/NoSuchMethodError'{0x000000071480d018}: 'java.lang.Object java.lang.invoke.DirectMethodHandle$Holder.invokeStatic(java.lang.Object, java.lang.Object, java.lang.Object, java.lang.Object, int)'> (0x000000071480d018) 
thrown [s\src\hotspot\share\interpreter\linkResolver.cpp, line 773]
Event: 1.381 Thread 0x00000217d4fb6cb0 Exception <a 'java/lang/NoSuchMethodError'{0x0000000714815740}: 'int java.lang.invoke.DirectMethodHandle$Holder.invokeSpecial(java.lang.Object, java.lang.Object, java.lang.Object)'> (0x0000000714815740) 
thrown [s\src\hotspot\share\interpreter\linkResolver.cpp, line 773]
Event: 1.397 Thread 0x00000217d4fb6cb0 Exception <a 'java/lang/NoSuchMethodError'{0x00000007148ff730}: 'java.lang.Object java.lang.invoke.DirectMethodHandle$Holder.newInvokeSpecial(java.lang.Object, java.lang.Object, int)'> (0x00000007148ff730) 
thrown [s\src\hotspot\share\interpreter\linkResolver.cpp, line 773]
Event: 1.451 Thread 0x00000217d4fb6cb0 Exception <a 'java/lang/NoSuchMethodError'{0x00000007149c63f8}: 'long java.lang.invoke.DirectMethodHandle$Holder.invokeStatic(java.lang.Object, java.lang.Object, java.lang.Object)'> (0x00000007149c63f8) 
thrown [s\src\hotspot\share\interpreter\linkResolver.cpp, line 773]
Event: 1.452 Thread 0x00000217d4fb6cb0 Exception <a 'java/lang/NoSuchMethodError'{0x00000007149c9ab8}: 'long java.lang.invoke.DirectMethodHandle$Holder.invokeStaticInit(java.lang.Object, java.lang.Object, java.lang.Object)'> (0x00000007149c9ab8) 
thrown [s\src\hotspot\share\interpreter\linkResolver.cpp, line 773]
Event: 1.453 Thread 0x00000217d4fb6cb0 Exception <a 'java/lang/NoSuchMethodError'{0x00000007149deb98}: 'java.lang.Object java.lang.invoke.DirectMethodHandle$Holder.newInvokeSpecial(java.lang.Object, java.lang.Object, long)'> (0x00000007149deb98) 
thrown [s\src\hotspot\share\interpreter\linkResolver.cpp, line 773]
Event: 1.454 Thread 0x00000217d4fb6cb0 Exception <a 'java/lang/NoSuchMethodError'{0x00000007149e24f0}: 'java.lang.Object java.lang.invoke.Invokers$Holder.linkToTargetMethod(java.lang.Object, long, java.lang.Object)'> (0x00000007149e24f0) 
thrown [s\src\hotspot\share\interpreter\linkResolver.cpp, line 773]
Event: 1.454 Thread 0x00000217d4cfff10 Exception <a 'java/lang/NoSuchMethodError'{0x000000071465c198}: 'int java.lang.invoke.DirectMethodHandle$Holder.invokeStaticInit(java.lang.Object, java.lang.Object)'> (0x000000071465c198) 
thrown [s\src\hotspot\share\interpreter\linkResolver.cpp, line 773]
Event: 12.797 Thread 0x00000217d4fb6cb0 Exception <a 'java/lang/NoSuchMethodError'{0x00000007141a3220}: 'java.lang.Object java.lang.invoke.DirectMethodHandle$Holder.newInvokeSpecial(java.lang.Object, java.lang.Object, int, int, int, int, int, java.lang.Object)'> (0x00000007141a3220) 
thrown [s\src\hotspot\share\interpreter\linkResolver.cpp, line 773]
Event: 12.799 Thread 0x00000217d4fb6cb0 Exception <a 'java/lang/NoSuchMethodError'{0x00000007141b5570}: 'java.lang.Object java.lang.invoke.DirectMethodHandle$Holder.newInvokeSpecial(java.lang.Object, java.lang.Object, java.lang.Object, int, int, int, int, int)'> (0x00000007141b5570) 
thrown [s\src\hotspot\share\interpreter\linkResolver.cpp, line 773]
Event: 12.801 Thread 0x00000217d4fb6cb0 Exception <a 'java/lang/NoSuchMethodError'{0x00000007141bcc70}: 'java.lang.Object java.lang.invoke.Invokers$Holder.linkToTargetMethod(java.lang.Object, java.lang.Object, int, int, int, int, int, java.lang.Object)'> (0x00000007141bcc70) 
thrown [s\src\hotspot\share\interpreter\linkResolver.cpp, line 773]
Event: 16.593 Thread 0x00000217d4fb6cb0 Exception <a 'java/lang/NoSuchMethodError'{0x0000000713e62ec8}: 'java.lang.Object java.lang.invoke.DirectMethodHandle$Holder.newInvokeSpecial(java.lang.Object, java.lang.Object, java.lang.Object, java.lang.Object, java.lang.Object, java.lang.Object, java.lang.Object, java.lang.Object, java.lang.Object)'> (0x0000000713e62ec8) 
thrown [s\src\hotspot\share\interpreter\linkResolver.cpp, line 773]
Event: 16.596 Thread 0x00000217d4fb6cb0 Implicit null exception at 0x0000021787bd8ade to 0x0000021787bd8b64
Event: 80.493 Thread 0x00000217d4fb6cb0 Exception <a 'java/lang/NoSuchMethodError'{0x00000007124f7be0}: 'java.lang.Object java.lang.invoke.DirectMethodHandle$Holder.newInvokeSpecial(java.lang.Object, java.lang.Object, java.lang.Object, java.lang.Object, java.lang.Object, java.lang.Object, java.lang.Object, java.lang.Object)'> (0x00000007124f7be0) 
thrown [s\src\hotspot\share\interpreter\linkResolver.cpp, line 773]
Event: 85.655 Thread 0x00000217d4fb6cb0 Implicit null exception at 0x0000021787cedfea to 0x0000021787cf4c8c
Event: 120.687 Thread 0x00000217d4fb6cb0 Exception <a 'java/lang/NoSuchMethodError'{0x0000000710c70b00}: 'java.lang.Object java.lang.invoke.Invokers$Holder.linkToTargetMethod(java.lang.Object, java.lang.Object, int, java.lang.Object, java.lang.Object)'> (0x0000000710c70b00) 
thrown [s\src\hotspot\share\interpreter\linkResolver.cpp, line 773]
Event: 120.719 Thread 0x00000217d4fb6cb0 Exception <a 'java/lang/NoSuchMethodError'{0x0000000710aee238}: 'java.lang.Object java.lang.invoke.DirectMethodHandle$Holder.invokeSpecial(java.lang.Object, java.lang.Object, java.lang.Object, java.lang.Object, java.lang.Object, int)'> (0x0000000710aee238) 
thrown [s\src\hotspot\share\interpreter\linkResolver.cpp, line 773]
Event: 120.719 Thread 0x00000217d4fb6cb0 Exception <a 'java/lang/NoSuchMethodError'{0x0000000710af1f68}: 'java.lang.Object java.lang.invoke.Invokers$Holder.linkToTargetMethod(java.lang.Object, java.lang.Object, java.lang.Object, int, java.lang.Object)'> (0x0000000710af1f68) 
thrown [s\src\hotspot\share\interpreter\linkResolver.cpp, line 773]

ZGC Phase Switch (0 events):
No events

VM Operations (20 events):
Event: 140.314 Executing VM operation: Cleanup done
Event: 141.315 Executing VM operation: Cleanup
Event: 141.315 Executing VM operation: Cleanup done
Event: 143.316 Executing VM operation: Cleanup
Event: 143.316 Executing VM operation: Cleanup done
Event: 145.317 Executing VM operation: Cleanup
Event: 145.317 Executing VM operation: Cleanup done
Event: 146.318 Executing VM operation: Cleanup
Event: 146.318 Executing VM operation: Cleanup done
Event: 147.318 Executing VM operation: Cleanup
Event: 147.318 Executing VM operation: Cleanup done
Event: 148.319 Executing VM operation: Cleanup
Event: 148.319 Executing VM operation: Cleanup done
Event: 149.319 Executing VM operation: Cleanup
Event: 149.319 Executing VM operation: Cleanup done
Event: 151.320 Executing VM operation: Cleanup
Event: 151.320 Executing VM operation: Cleanup done
Event: 152.321 Executing VM operation: Cleanup
Event: 152.322 Executing VM operation: Cleanup done
Event: 154.121 Executing VM operation: Exit

Memory protections (0 events):
No events

Nmethod flushes (0 events):
No events

Events (20 events):
Event: 74.858 Thread 0x00000217d40381c0 Thread exited: 0x00000217d40381c0
Event: 80.504 Thread 0x00000217d4037af0 Thread added: 0x00000217d40381c0
Event: 80.513 Thread 0x00000217d40381c0 Thread added: 0x00000217d4034b40
Event: 80.810 Thread 0x00000217d4034b40 Thread exited: 0x00000217d4034b40
Event: 81.033 Thread 0x00000217d40381c0 Thread exited: 0x00000217d40381c0
Event: 85.663 Thread 0x00000217d4037af0 Thread added: 0x00000217d4036d50
Event: 86.454 Thread 0x00000217d4036d50 Thread exited: 0x00000217d4036d50
Event: 120.740 Thread 0x00000217d4037af0 Thread added: 0x00000217d4036d50
Event: 120.753 Thread 0x00000217d4037af0 Thread added: 0x00000217d40381c0
Event: 121.874 Thread 0x00000217d40381c0 Thread exited: 0x00000217d40381c0
Event: 121.875 Thread 0x00000217d4036d50 Thread exited: 0x00000217d4036d50
Event: 121.886 Thread 0x00000217d4037af0 Thread added: 0x00000217d40381c0
Event: 122.536 Thread 0x00000217d40381c0 Thread exited: 0x00000217d40381c0
Event: 142.831 Thread 0x00000217d4037af0 Thread added: 0x00000217d4035fb0
Event: 143.595 Thread 0x00000217d4035fb0 Thread exited: 0x00000217d4035fb0
Event: 154.118 Thread 0x00000217d4fb6cb0 Thread added: 0x00000217d596de00
Event: 154.120 Thread 0x00000217d4fb6cb0 Thread added: 0x00000217d596a980
Event: 154.120 Thread 0x00000217d596de00 Thread exited: 0x00000217d596de00
Event: 154.121 Thread 0x00000217d596a980 Thread exited: 0x00000217d596a980
Event: 154.121 Thread 0x00000217d4fb6cb0 Before exit entered


Dynamic libraries:
0x00007ff78e030000 - 0x00007ff78e03e000 	C:\Users\gabri\.jdks\corretto-21.0.6\bin\java.exe
0x00007ff9ecfe0000 - 0x00007ff9ed246000 	C:\WINDOWS\SYSTEM32\ntdll.dll
0x00007ff9eb5a0000 - 0x00007ff9eb669000 	C:\WINDOWS\System32\KERNEL32.DLL
0x00007ff9ea2c0000 - 0x00007ff9ea68c000 	C:\WINDOWS\System32\KERNELBASE.dll
0x00007ff9ea910000 - 0x00007ff9eaa5b000 	C:\WINDOWS\System32\ucrtbase.dll
0x00007ff9cd410000 - 0x00007ff9cd42b000 	C:\Users\gabri\.jdks\corretto-21.0.6\bin\VCRUNTIME140.dll
0x00007ff9c9090000 - 0x00007ff9c90a8000 	C:\Users\gabri\.jdks\corretto-21.0.6\bin\jli.dll
0x00007ff9ec670000 - 0x00007ff9ec83a000 	C:\WINDOWS\System32\USER32.dll
0x00007ff9cbf90000 - 0x00007ff9cc22a000 	C:\WINDOWS\WinSxS\amd64_microsoft.windows.common-controls_6595b64144ccf1df_6.0.26100.3912_none_3e07963ce335137e\COMCTL32.dll
0x00007ff9eaca0000 - 0x00007ff9eacc7000 	C:\WINDOWS\System32\win32u.dll
0x00007ff9ebc10000 - 0x00007ff9ebcb9000 	C:\WINDOWS\System32\msvcrt.dll
0x00007ff9eb330000 - 0x00007ff9eb35b000 	C:\WINDOWS\System32\GDI32.dll
0x00007ff9ea720000 - 0x00007ff9ea852000 	C:\WINDOWS\System32\gdi32full.dll
0x00007ff9ea860000 - 0x00007ff9ea903000 	C:\WINDOWS\System32\msvcp_win.dll
0x00007ff9eb670000 - 0x00007ff9eb6a0000 	C:\WINDOWS\System32\IMM32.DLL
0x00007ff9cdb30000 - 0x00007ff9cdb3c000 	C:\Users\gabri\.jdks\corretto-21.0.6\bin\vcruntime140_1.dll
0x00007ff987900000 - 0x00007ff98798d000 	C:\Users\gabri\.jdks\corretto-21.0.6\bin\msvcp140.dll
0x00007ff965080000 - 0x00007ff965e1f000 	C:\Users\gabri\.jdks\corretto-21.0.6\bin\server\jvm.dll
0x00007ff9eb4e0000 - 0x00007ff9eb592000 	C:\WINDOWS\System32\ADVAPI32.dll
0x00007ff9ec130000 - 0x00007ff9ec1d6000 	C:\WINDOWS\System32\sechost.dll
0x00007ff9eb8b0000 - 0x00007ff9eb9c6000 	C:\WINDOWS\System32\RPCRT4.dll
0x00007ff9eb360000 - 0x00007ff9eb3d4000 	C:\WINDOWS\System32\WS2_32.dll
0x00007ff9e9f90000 - 0x00007ff9e9fee000 	C:\WINDOWS\SYSTEM32\POWRPROF.dll
0x00007ff9e6950000 - 0x00007ff9e6986000 	C:\WINDOWS\SYSTEM32\WINMM.dll
0x00007ff9d5060000 - 0x00007ff9d506b000 	C:\WINDOWS\SYSTEM32\VERSION.dll
0x00007ff9e9f70000 - 0x00007ff9e9f84000 	C:\WINDOWS\SYSTEM32\UMPDC.dll
0x00007ff9e8f00000 - 0x00007ff9e8f1a000 	C:\WINDOWS\SYSTEM32\kernel.appcore.dll
0x00007ff9cd7e0000 - 0x00007ff9cd7ea000 	C:\Users\gabri\.jdks\corretto-21.0.6\bin\jimage.dll
0x00007ff9e77c0000 - 0x00007ff9e7a01000 	C:\WINDOWS\SYSTEM32\DBGHELP.DLL
0x00007ff9ead70000 - 0x00007ff9eb0f4000 	C:\WINDOWS\System32\combase.dll
0x00007ff9ebf70000 - 0x00007ff9ec050000 	C:\WINDOWS\System32\OLEAUT32.dll
0x00007ff9c4430000 - 0x00007ff9c4469000 	C:\WINDOWS\SYSTEM32\dbgcore.DLL
0x00007ff9eacd0000 - 0x00007ff9ead69000 	C:\WINDOWS\System32\bcryptPrimitives.dll
0x00007ff9ccc80000 - 0x00007ff9ccc8e000 	C:\Users\gabri\.jdks\corretto-21.0.6\bin\instrument.dll
0x00007ff9c9070000 - 0x00007ff9c908f000 	C:\Users\gabri\.jdks\corretto-21.0.6\bin\java.dll
0x00007ff9ec840000 - 0x00007ff9ecf6d000 	C:\WINDOWS\System32\SHELL32.dll
0x00007ff9eab20000 - 0x00007ff9eac94000 	C:\WINDOWS\System32\wintypes.dll
0x00007ff9e7d80000 - 0x00007ff9e85d6000 	C:\WINDOWS\SYSTEM32\windows.storage.dll
0x00007ff9eb3e0000 - 0x00007ff9eb4cf000 	C:\WINDOWS\System32\SHCORE.dll
0x00007ff9ec060000 - 0x00007ff9ec0c9000 	C:\WINDOWS\System32\shlwapi.dll
0x00007ff9ea050000 - 0x00007ff9ea07f000 	C:\WINDOWS\SYSTEM32\profapi.dll
0x00007ff983b60000 - 0x00007ff983c37000 	C:\Users\gabri\.jdks\corretto-21.0.6\bin\jsvml.dll
0x00007ff9cd400000 - 0x00007ff9cd410000 	C:\Users\gabri\.jdks\corretto-21.0.6\bin\net.dll
0x00007ff9d8950000 - 0x00007ff9d8a6e000 	C:\WINDOWS\SYSTEM32\WINHTTP.dll
0x00007ff9e9470000 - 0x00007ff9e94da000 	C:\WINDOWS\system32\mswsock.dll
0x00007ff9aff80000 - 0x00007ff9aff96000 	C:\Users\gabri\.jdks\corretto-21.0.6\bin\nio.dll
0x00007ff9af6d0000 - 0x00007ff9af6e8000 	C:\Users\gabri\.jdks\corretto-21.0.6\bin\zip.dll
0x00000217d5be0000 - 0x00000217d5be3000 	C:\Users\gabri\.openjfx\cache\21+31\amd64\api-ms-win-core-console-l1-1-0.dll
0x00000217d5bf0000 - 0x00000217d5bf3000 	C:\Users\gabri\.openjfx\cache\21+31\amd64\api-ms-win-core-console-l1-2-0.dll
0x00000217d5c00000 - 0x00000217d5c03000 	C:\Users\gabri\.openjfx\cache\21+31\amd64\api-ms-win-core-datetime-l1-1-0.dll
0x00000217d5c10000 - 0x00000217d5c13000 	C:\Users\gabri\.openjfx\cache\21+31\amd64\api-ms-win-core-debug-l1-1-0.dll
0x00000217d5c20000 - 0x00000217d5c23000 	C:\Users\gabri\.openjfx\cache\21+31\amd64\api-ms-win-core-errorhandling-l1-1-0.dll
0x00000217d5c30000 - 0x00000217d5c34000 	C:\Users\gabri\.openjfx\cache\21+31\amd64\api-ms-win-core-file-l1-1-0.dll
0x00000217d5c40000 - 0x00000217d5c43000 	C:\Users\gabri\.openjfx\cache\21+31\amd64\api-ms-win-core-file-l1-2-0.dll
0x00000217d5c50000 - 0x00000217d5c53000 	C:\Users\gabri\.openjfx\cache\21+31\amd64\api-ms-win-core-file-l2-1-0.dll
0x00000217d5c60000 - 0x00000217d5c63000 	C:\Users\gabri\.openjfx\cache\21+31\amd64\api-ms-win-core-handle-l1-1-0.dll
0x00000217d5c70000 - 0x00000217d5c73000 	C:\Users\gabri\.openjfx\cache\21+31\amd64\api-ms-win-core-heap-l1-1-0.dll
0x00000217d5c80000 - 0x00000217d5c83000 	C:\Users\gabri\.openjfx\cache\21+31\amd64\api-ms-win-core-interlocked-l1-1-0.dll
0x00000217d5c90000 - 0x00000217d5c93000 	C:\Users\gabri\.openjfx\cache\21+31\amd64\api-ms-win-core-libraryloader-l1-1-0.dll
0x00000217d5ca0000 - 0x00000217d5ca3000 	C:\Users\gabri\.openjfx\cache\21+31\amd64\api-ms-win-core-localization-l1-2-0.dll
0x00000217d5cb0000 - 0x00000217d5cb3000 	C:\Users\gabri\.openjfx\cache\21+31\amd64\api-ms-win-core-memory-l1-1-0.dll
0x00000217d5cc0000 - 0x00000217d5cc3000 	C:\Users\gabri\.openjfx\cache\21+31\amd64\api-ms-win-core-namedpipe-l1-1-0.dll
0x00000217d5cd0000 - 0x00000217d5cd3000 	C:\Users\gabri\.openjfx\cache\21+31\amd64\api-ms-win-core-processenvironment-l1-1-0.dll
0x00000217d5ce0000 - 0x00000217d5ce3000 	C:\Users\gabri\.openjfx\cache\21+31\amd64\api-ms-win-core-processthreads-l1-1-0.dll
0x00000217d5cf0000 - 0x00000217d5cf3000 	C:\Users\gabri\.openjfx\cache\21+31\amd64\api-ms-win-core-processthreads-l1-1-1.dll
0x00000217d5d00000 - 0x00000217d5d03000 	C:\Users\gabri\.openjfx\cache\21+31\amd64\api-ms-win-core-profile-l1-1-0.dll
0x00000217d5d10000 - 0x00000217d5d13000 	C:\Users\gabri\.openjfx\cache\21+31\amd64\api-ms-win-core-rtlsupport-l1-1-0.dll
0x00000217d5d20000 - 0x00000217d5d23000 	C:\Users\gabri\.openjfx\cache\21+31\amd64\api-ms-win-core-string-l1-1-0.dll
0x00000217d5d30000 - 0x00000217d5d33000 	C:\Users\gabri\.openjfx\cache\21+31\amd64\api-ms-win-core-synch-l1-1-0.dll
0x00000217d5d40000 - 0x00000217d5d43000 	C:\Users\gabri\.openjfx\cache\21+31\amd64\api-ms-win-core-synch-l1-2-0.dll
0x00000217d5d50000 - 0x00000217d5d53000 	C:\Users\gabri\.openjfx\cache\21+31\amd64\api-ms-win-core-sysinfo-l1-1-0.dll
0x00000217d5d60000 - 0x00000217d5d63000 	C:\Users\gabri\.openjfx\cache\21+31\amd64\api-ms-win-core-timezone-l1-1-0.dll
0x00000217d5d70000 - 0x00000217d5d73000 	C:\Users\gabri\.openjfx\cache\21+31\amd64\api-ms-win-core-util-l1-1-0.dll
0x00000217d5d80000 - 0x00000217d5d83000 	C:\Users\gabri\.openjfx\cache\21+31\amd64\api-ms-win-crt-conio-l1-1-0.dll
0x00000217d5d90000 - 0x00000217d5d94000 	C:\Users\gabri\.openjfx\cache\21+31\amd64\api-ms-win-crt-convert-l1-1-0.dll
0x00000217d5da0000 - 0x00000217d5da3000 	C:\Users\gabri\.openjfx\cache\21+31\amd64\api-ms-win-crt-environment-l1-1-0.dll
0x00000217d5db0000 - 0x00000217d5db3000 	C:\Users\gabri\.openjfx\cache\21+31\amd64\api-ms-win-crt-filesystem-l1-1-0.dll
0x00000217d5dc0000 - 0x00000217d5dc3000 	C:\Users\gabri\.openjfx\cache\21+31\amd64\api-ms-win-crt-heap-l1-1-0.dll
0x00000217d5dd0000 - 0x00000217d5dd3000 	C:\Users\gabri\.openjfx\cache\21+31\amd64\api-ms-win-crt-locale-l1-1-0.dll
0x00000217d5de0000 - 0x00000217d5de5000 	C:\Users\gabri\.openjfx\cache\21+31\amd64\api-ms-win-crt-math-l1-1-0.dll
0x00000217d5df0000 - 0x00000217d5df5000 	C:\Users\gabri\.openjfx\cache\21+31\amd64\api-ms-win-crt-multibyte-l1-1-0.dll
0x00000217d5e00000 - 0x00000217d5e10000 	C:\Users\gabri\.openjfx\cache\21+31\amd64\api-ms-win-crt-private-l1-1-0.dll
0x00000217d5e10000 - 0x00000217d5e13000 	C:\Users\gabri\.openjfx\cache\21+31\amd64\api-ms-win-crt-process-l1-1-0.dll
0x00000217d5e20000 - 0x00000217d5e24000 	C:\Users\gabri\.openjfx\cache\21+31\amd64\api-ms-win-crt-runtime-l1-1-0.dll
0x00000217d5e30000 - 0x00000217d5e34000 	C:\Users\gabri\.openjfx\cache\21+31\amd64\api-ms-win-crt-stdio-l1-1-0.dll
0x00000217d5e40000 - 0x00000217d5e44000 	C:\Users\gabri\.openjfx\cache\21+31\amd64\api-ms-win-crt-string-l1-1-0.dll
0x00000217d5e50000 - 0x00000217d5e53000 	C:\Users\gabri\.openjfx\cache\21+31\amd64\api-ms-win-crt-time-l1-1-0.dll
0x00000217d5e60000 - 0x00000217d5e63000 	C:\Users\gabri\.openjfx\cache\21+31\amd64\api-ms-win-crt-utility-l1-1-0.dll
0x00007ff983a60000 - 0x00007ff983b5c000 	C:\Users\gabri\.openjfx\cache\21+31\amd64\ucrtbase.dll
0x00007ff9af6b0000 - 0x00007ff9af6cb000 	C:\Users\gabri\.openjfx\cache\21+31\amd64\vcruntime140.dll
0x00007ff9ca500000 - 0x00007ff9ca50c000 	C:\Users\gabri\.openjfx\cache\21+31\amd64\vcruntime140_1.dll
0x00007ff987520000 - 0x00007ff9875ae000 	C:\Users\gabri\.openjfx\cache\21+31\amd64\msvcp140.dll
0x00007ff9eba60000 - 0x00007ff9ebbff000 	C:\WINDOWS\System32\ole32.dll
0x00007ff9ca1c0000 - 0x00007ff9ca1c9000 	C:\Users\gabri\.openjfx\cache\21+31\amd64\msvcp140_1.dll
0x00007ff99e750000 - 0x00007ff99e77f000 	C:\Users\gabri\.openjfx\cache\21+31\amd64\msvcp140_2.dll
0x00007ff99a260000 - 0x00007ff99a28f000 	C:\Users\gabri\.openjfx\cache\21+31\amd64\prism_d3d.dll
0x00007ff993870000 - 0x00007ff993a25000 	C:\WINDOWS\system32\d3d9.dll
0x00007ff9e7170000 - 0x00007ff9e71a6000 	C:\WINDOWS\SYSTEM32\dwmapi.dll
0x00007ff9e71c0000 - 0x00007ff9e7207000 	C:\WINDOWS\SYSTEM32\dxcore.dll
0x00007ff9e6e30000 - 0x00007ff9e6edf000 	C:\WINDOWS\system32\uxtheme.dll
0x00007ff977c60000 - 0x00007ff977eee000 	C:\WINDOWS\System32\DriverStore\FileRepository\iigd_dch.inf_amd64_de4d8dbdd2d25cdd\igdumdim64.dll
0x00007ff968ba0000 - 0x00007ff96a139000 	C:\WINDOWS\System32\DriverStore\FileRepository\iigd_dch.inf_amd64_de4d8dbdd2d25cdd\igd9trinity64.dll
0x00007ff9e6ff0000 - 0x00007ff9e7123000 	C:\WINDOWS\system32\dxgi.dll
0x00007ff9e6f80000 - 0x00007ff9e6fe0000 	C:\WINDOWS\SYSTEM32\directxdatabasehelper.dll
0x00007ff9e9c90000 - 0x00007ff9e9ce7000 	C:\WINDOWS\SYSTEM32\cfgmgr32.dll
0x00007ff9de290000 - 0x00007ff9de6d2000 	C:\WINDOWS\System32\DriverStore\FileRepository\iigd_dch.inf_amd64_de4d8dbdd2d25cdd\igdgmm64.dll
0x00007ff9de900000 - 0x00007ff9de926000 	C:\WINDOWS\System32\DriverStore\FileRepository\iigd_dch.inf_amd64_de4d8dbdd2d25cdd\igc64.dll
0x00007ff94d910000 - 0x00007ff94d95e000 	C:\WINDOWS\SYSTEM32\ControlLib.dll
0x00007ff9a6cf0000 - 0x00007ff9a6d91000 	C:\WINDOWS\System32\DriverStore\FileRepository\iigd_dch.inf_amd64_de4d8dbdd2d25cdd\IntelControlLib.dll
0x00007ff94fb70000 - 0x00007ff9510a7000 	C:\WINDOWS\System32\DriverStore\FileRepository\iigd_dch.inf_amd64_de4d8dbdd2d25cdd\igd9dxva64.dll
0x00007ff9ec1e0000 - 0x00007ff9ec666000 	C:\WINDOWS\System32\SETUPAPI.dll
0x00007ff9ce7c0000 - 0x00007ff9d04ee000 	C:\WINDOWS\System32\DriverStore\FileRepository\iigd_dch.inf_amd64_de4d8dbdd2d25cdd\media_bin_64.dll
0x00007ff995da0000 - 0x00007ff995de2000 	C:\Users\gabri\.openjfx\cache\21+31\amd64\glass.dll
0x00007ff9ebcf0000 - 0x00007ff9ebde4000 	C:\WINDOWS\System32\COMDLG32.dll
0x00007ff9eb6b0000 - 0x00007ff9eb80f000 	C:\WINDOWS\System32\MSCTF.dll
0x00007ff9d9420000 - 0x00007ff9ddc72000 	C:\WINDOWS\System32\DriverStore\FileRepository\iigd_dch.inf_amd64_de4d8dbdd2d25cdd\igc-default64.dll
0x00007ff9777a0000 - 0x00007ff9778e4000 	C:\WINDOWS\System32\DriverStore\FileRepository\iigd_dch.inf_amd64_de4d8dbdd2d25cdd\igdml64.dll
0x00007ff9d5070000 - 0x00007ff9d5099000 	C:\WINDOWS\System32\DriverStore\FileRepository\iigd_dch.inf_amd64_de4d8dbdd2d25cdd\igdinfo64.dll
0x00007ff9aaee0000 - 0x00007ff9aaef4000 	C:\Users\gabri\.openjfx\cache\21+31\amd64\javafx_font.dll
0x00007ff9e5230000 - 0x00007ff9e5499000 	C:\WINDOWS\SYSTEM32\dwrite.dll
0x00007ff9ebdf0000 - 0x00007ff9ebe98000 	C:\WINDOWS\System32\clbcatq.dll
0x00007ff9e4ff0000 - 0x00007ff9e522a000 	C:\WINDOWS\SYSTEM32\WindowsCodecs.dll
0x00007ff9cd640000 - 0x00007ff9cd69a000 	C:\WINDOWS\system32\dataexchange.dll
0x00007ff9d78a0000 - 0x00007ff9d7adc000 	C:\WINDOWS\system32\twinapi.appcore.dll
0x00007ff9989c0000 - 0x00007ff9989ec000 	C:\Program Files\Common Files\Microsoft Shared\Ink\rtscom.dll
0x00007ff9d2370000 - 0x00007ff9d24bd000 	C:\WINDOWS\SYSTEM32\textinputframework.dll
0x00007ff9e63f0000 - 0x00007ff9e6516000 	C:\WINDOWS\SYSTEM32\CoreMessaging.dll
0x00007ff9e04f0000 - 0x00007ff9e07d3000 	C:\WINDOWS\SYSTEM32\CoreUIComponents.dll

dbghelp: loaded successfully - version: 4.0.5 - missing functions: none
symbol engine: initialized successfully - sym options: 0x614 - pdb path: .;C:\Users\gabri\.jdks\corretto-21.0.6\bin;C:\WINDOWS\SYSTEM32;C:\WINDOWS\WinSxS\amd64_microsoft.windows.common-controls_6595b64144ccf1df_6.0.26100.3912_none_3e07963ce335137e;C:\Users\gabri\.jdks\corretto-21.0.6\bin\server;C:\Users\gabri\.openjfx\cache\21+31\amd64;C:\WINDOWS\System32\DriverStore\FileRepository\iigd_dch.inf_amd64_de4d8dbdd2d25cdd;C:\Program Files\Common Files\Microsoft Shared\Ink

VM Arguments:
jvm_args: -javaagent:C:\Program Files\JetBrains\IntelliJ IDEA Community Edition 2024.3.3\lib\idea_rt.jar=62197 -Dfile.encoding=UTF-8 -Dsun.stdout.encoding=UTF-8 -Dsun.stderr.encoding=UTF-8 --module-path=C:\Users\gabri\.m2\repository\org\openjfx\javafx-fxml\21\javafx-fxml-21-win.jar;C:\Users\gabri\.m2\repository\org\openjfx\javafx-graphics\21\javafx-graphics-21-win.jar;C:\workspace - intellij\Aula_OOP\Pojeto_OOP\Projeto_JavaFX\target\classes;C:\Users\gabri\.m2\repository\org\openjfx\javafx-base\21\javafx-base-21-win.jar;C:\Users\gabri\.m2\repository\org\openjfx\javafx-controls\21\javafx-controls-21-win.jar;C:\Users\gabri\.m2\repository\org\kordamp\bootstrapfx\bootstrapfx-core\0.4.0\bootstrapfx-core-0.4.0.jar;C:\Users\gabri\.m2\repository\org\controlsfx\controlsfx\11.2.1\controlsfx-11.2.1.jar -Djdk.module.main=com.example.demo 
java_command: com.example.demo/com.example.demo.MainApp
java_class_path (initial): C:\Users\gabri\.m2\repository\org\openjfx\javafx-controls\21\javafx-controls-21.jar;C:\Users\gabri\.m2\repository\org\openjfx\javafx-graphics\21\javafx-graphics-21.jar;C:\Users\gabri\.m2\repository\org\openjfx\javafx-base\21\javafx-base-21.jar;C:\Users\gabri\.m2\repository\org\openjfx\javafx-fxml\21\javafx-fxml-21.jar
Launcher Type: SUN_STANDARD

[Global flags]
     intx CICompilerCount                          = 4                                         {product} {ergonomic}
     uint ConcGCThreads                            = 3                                         {product} {ergonomic}
     uint G1ConcRefinementThreads                  = 10                                        {product} {ergonomic}
   size_t G1HeapRegionSize                         = 2097152                                   {product} {ergonomic}
    uintx GCDrainStackTargetSize                   = 64                                        {product} {ergonomic}
   size_t InitialHeapSize                          = 264241152                                 {product} {ergonomic}
   size_t MarkStackSize                            = 4194304                                   {product} {ergonomic}
   size_t MaxHeapSize                              = 4213178368                                {product} {ergonomic}
   size_t MaxNewSize                               = 2527068160                                {product} {ergonomic}
   size_t MinHeapDeltaBytes                        = 2097152                                   {product} {ergonomic}
   size_t MinHeapSize                              = 8388608                                   {product} {ergonomic}
    uintx NonNMethodCodeHeapSize                   = 5839372                                {pd product} {ergonomic}
    uintx NonProfiledCodeHeapSize                  = 122909434                              {pd product} {ergonomic}
    uintx ProfiledCodeHeapSize                     = 122909434                              {pd product} {ergonomic}
    uintx ReservedCodeCacheSize                    = 251658240                              {pd product} {ergonomic}
     bool SegmentedCodeCache                       = true                                      {product} {ergonomic}
   size_t SoftMaxHeapSize                          = 4213178368                             {manageable} {ergonomic}
     bool UseCompressedOops                        = true                           {product lp64_product} {ergonomic}
     bool UseG1GC                                  = true                                      {product} {ergonomic}
     bool UseLargePagesIndividualAllocation        = false                                  {pd product} {ergonomic}

Logging:
Log output configuration:
 #0: stdout all=off uptime,level,tags foldmultilines=false
 #1: stderr all=off uptime,level,tags foldmultilines=false

Environment Variables:
JAVA_HOME=C:\Program Files\Java\zulu17.56.15-ca-jdk17.0.14-win_i686
PATH=C:\Program Files\Java\zulu17.56.15-ca-jdk17.0.14-win_i686\bin;C:\Users\gabri\AppData\Local\Programs\Python\Python312\Scripts\;C:\Users\gabri\AppData\Local\Programs\Python\Python312\;C:\WINDOWS\system32;C:\WINDOWS;C:\WINDOWS\System32\Wbem;C:\WINDOWS\System32\WindowsPowerShell\v1.0\;C:\WINDOWS\System32\OpenSSH\;C:\Program Files\dotnet\;C:\xampp\php;C:\php;C:\Program Files\nodejs\;C:\ProgramData\chocolatey\bin;C:\Program Files\Git\cmd;C:\ProgramData\ComposerSetup\bin;C:\Program Files\MySQL\MySQL Shell 8.0\bin\;C:\Users\gabri\AppData\Local\Microsoft\WindowsApps;C:\Users\gabri\AppData\Local\Programs\Microsoft VS Code\bin;C:\Users\gabri\AppData\Local\GitHubDesktop\bin;C:\Users\gabri\AppData\Roaming\npm;C:\Users\gabri\AppData\Local\Programs\cursor\resources\app\bin;C:\Users\gabri\AppData\Roaming\Composer\vendor\bin
USERNAME=gabri
OS=Windows_NT
PROCESSOR_IDENTIFIER=Intel64 Family 6 Model 154 Stepping 4, GenuineIntel
TMP=C:\Users\gabri\AppData\Local\Temp
TEMP=C:\Users\gabri\AppData\Local\Temp




Periodic native trim disabled

---------------  S Y S T E M  ---------------

OS:
 Windows 11 , 64 bit Build 26100 (10.0.26100.3912)
OS uptime: 9 days 0:15 hours
Hyper-V role detected

CPU: total 12 (initial active 12) (6 cores per cpu, 2 threads per core) family 6 model 154 stepping 4 microcode 0x435, cx8, cmov, fxsr, ht, mmx, 3dnowpref, sse, sse2, sse3, ssse3, sse4.1, sse4.2, popcnt, lzcnt, tsc, tscinvbit, avx, avx2, aes, erms, clmul, bmi1, bmi2, adx, sha, fma, vzeroupper, clflush, clflushopt, clwb, hv, serialize, rdtscp, rdpid, fsrm, f16c, cet_ibt, cet_ss
Processor Information for the first 12 processors :
  Max Mhz: 1300, Current Mhz: 1300, Mhz Limit: 1300

Memory: 4k page, system-wide physical 16068M (4013M free)
TotalPageFile size 18500M (AvailPageFile size 3564M)
current process WorkingSet (physical memory assigned to process): 351M, peak: 352M
current process commit charge ("private bytes"): 562M, peak: 565M

vm_info: OpenJDK 64-Bit Server VM (21.0.6+7-LTS) for windows-amd64 JRE (21.0.6+7-LTS), built on 2025-01-07T23:42:01Z by "Administrator" with MS VC++ 16.10 / 16.11 (VS2019)

END.
